Starting Training
hello
25000
159904
Epoch [1/30], Time: 159.31613540649414
Epoch [1/30], Loss: 0.43497123033799173
Epoch [1/30], Inference Time: 14.02834701538086
Epoch [1/30], Accuracy: 0.1835
Epoch [2/30], Time: 160.05462861061096
Epoch [2/30], Loss: 0.3699066313102727
Epoch [2/30], Inference Time: 14.130371332168579
Epoch [2/30], Accuracy: 0.6
Epoch [3/30], Time: 159.63759064674377
Epoch [3/30], Loss: 0.2615867160508395
Epoch [3/30], Inference Time: 14.046988248825073
Epoch [3/30], Accuracy: 0.699
Epoch [4/30], Time: 159.10544848442078
Epoch [4/30], Loss: 0.21587917855595384
Epoch [4/30], Inference Time: 13.673969984054565
Epoch [4/30], Accuracy: 0.7465
Epoch [5/30], Time: 158.86228680610657
Epoch [5/30], Loss: 0.18961609276892888
Epoch [5/30], Inference Time: 13.605255842208862
Epoch [5/30], Accuracy: 0.768
Epoch [6/30], Time: 159.0918927192688
Epoch [6/30], Loss: 0.17080822694675088
Epoch [6/30], Inference Time: 13.583340406417847
Epoch [6/30], Accuracy: 0.783
Epoch [7/30], Time: 159.93200421333313
Epoch [7/30], Loss: 0.15621681308940702
Epoch [7/30], Inference Time: 14.227997303009033
Epoch [7/30], Accuracy: 0.786
Epoch [8/30], Time: 161.56930422782898
Epoch [8/30], Loss: 0.1434688887265904
Epoch [8/30], Inference Time: 14.1897554397583
Epoch [8/30], Accuracy: 0.7815
Epoch [9/30], Time: 159.5415976047516
Epoch [9/30], Loss: 0.13261269576980939
Epoch [9/30], Inference Time: 14.18008542060852
Epoch [9/30], Accuracy: 0.7855
Epoch [10/30], Time: 159.25463247299194
Epoch [10/30], Loss: 0.12264245648956512
Epoch [10/30], Inference Time: 14.135751247406006
Epoch [10/30], Accuracy: 0.795
Epoch [11/30], Time: 158.85357666015625
Epoch [11/30], Loss: 0.11401260935861017
Epoch [11/30], Inference Time: 14.161442995071411
Epoch [11/30], Accuracy: 0.793
Epoch [12/30], Time: 158.41692638397217
Epoch [12/30], Loss: 0.10670311956087608
Epoch [12/30], Inference Time: 13.56388521194458
Epoch [12/30], Accuracy: 0.7945
Epoch [13/30], Time: 157.30706095695496
Epoch [13/30], Loss: 0.0989537527719203
Epoch [13/30], Inference Time: 13.49272608757019
Epoch [13/30], Accuracy: 0.7945
Epoch [14/30], Time: 156.7285976409912
Epoch [14/30], Loss: 0.09186883249065227
Epoch [14/30], Inference Time: 14.054495334625244
Epoch [14/30], Accuracy: 0.7915
Epoch [15/30], Time: 158.43074417114258
Epoch [15/30], Loss: 0.08620060908922549
Epoch [15/30], Inference Time: 14.136324405670166
Epoch [15/30], Accuracy: 0.7925
Epoch [16/30], Time: 157.91199684143066
Epoch [16/30], Loss: 0.08152037352928534
Epoch [16/30], Inference Time: 14.123542308807373
Epoch [16/30], Accuracy: 0.791
Epoch [17/30], Time: 157.22753930091858
Epoch [17/30], Loss: 0.07591512024520522
Epoch [17/30], Inference Time: 13.974267721176147
Epoch [17/30], Accuracy: 0.793
Epoch [18/30], Time: 157.92986488342285
Epoch [18/30], Loss: 0.07227471354357956
Epoch [18/30], Inference Time: 14.091605424880981
Epoch [18/30], Accuracy: 0.788
Epoch [19/30], Time: 157.21683049201965
Epoch [19/30], Loss: 0.06910508916810955
Epoch [19/30], Inference Time: 14.01748251914978
Epoch [19/30], Accuracy: 0.7765
Epoch [20/30], Time: 157.52891421318054
Epoch [20/30], Loss: 0.06600360063683537
Epoch [20/30], Inference Time: 13.592702865600586
Epoch [20/30], Accuracy: 0.7835
Epoch [21/30], Time: 157.31835222244263
Epoch [21/30], Loss: 0.06174495988382536
Epoch [21/30], Inference Time: 13.587660312652588
Epoch [21/30], Accuracy: 0.791
Epoch [22/30], Time: 158.22290754318237
Epoch [22/30], Loss: 0.058414110500613216
Epoch [22/30], Inference Time: 13.638195991516113
Epoch [22/30], Accuracy: 0.791
Epoch [23/30], Time: 158.6188292503357
Epoch [23/30], Loss: 0.056390192020563
Epoch [23/30], Inference Time: 14.19300365447998
Epoch [23/30], Accuracy: 0.791
Epoch [24/30], Time: 157.95063543319702
Epoch [24/30], Loss: 0.053389130698521726
Epoch [24/30], Inference Time: 13.98407244682312
Epoch [24/30], Accuracy: 0.7935
Epoch [25/30], Time: 157.6498703956604
Epoch [25/30], Loss: 0.05018864499281168
Epoch [25/30], Inference Time: 14.105510950088501
Epoch [25/30], Accuracy: 0.797
Epoch [26/30], Time: 157.70280051231384
Epoch [26/30], Loss: 0.050554562436417934
Epoch [26/30], Inference Time: 14.083571910858154
Epoch [26/30], Accuracy: 0.796
Epoch [27/30], Time: 157.81252598762512
Epoch [27/30], Loss: 0.046971933245557644
Epoch [27/30], Inference Time: 14.074480772018433
Epoch [27/30], Accuracy: 0.796
Epoch [28/30], Time: 158.55324983596802
Epoch [28/30], Loss: 0.04442823679743768
Epoch [28/30], Inference Time: 14.022297859191895
Epoch [28/30], Accuracy: 0.801
Epoch [29/30], Time: 158.16885805130005
Epoch [29/30], Loss: 0.04305814937485949
Epoch [29/30], Inference Time: 13.607584953308105
Epoch [29/30], Accuracy: 0.7905
Epoch [30/30], Time: 158.01751708984375
Epoch [30/30], Loss: 0.04230734028110919
Epoch [30/30], Inference Time: 13.555019617080688
Epoch [30/30], Accuracy: 0.783
TotalTime: 5172.125857830048
Epoch [1/30], Time: 231.89761328697205
Epoch [1/30], Loss: 0.27226673083765734
Epoch [1/30], Inference Time: 17.651705741882324
Epoch [1/30], Accuracy: 0.08413078149920256
Epoch [2/30], Time: 231.20607924461365
Epoch [2/30], Loss: 0.26606111076977246
Epoch [2/30], Inference Time: 17.78000521659851
Epoch [2/30], Accuracy: 0.08213716108452951
Epoch [3/30], Time: 230.78829884529114
Epoch [3/30], Loss: 0.26432939554991014
Epoch [3/30], Inference Time: 17.681292295455933
Epoch [3/30], Accuracy: 0.07974481658692185
Epoch [4/30], Time: 230.2162642478943
Epoch [4/30], Loss: 0.26262278420388546
Epoch [4/30], Inference Time: 17.53990888595581
Epoch [4/30], Accuracy: 0.08532695374800638
Epoch [5/30], Time: 230.48585104942322
Epoch [5/30], Loss: 0.2610334663096901
Epoch [5/30], Inference Time: 17.119487524032593
Epoch [5/30], Accuracy: 0.08572567783094098
Epoch [6/30], Time: 231.09972667694092
Epoch [6/30], Loss: 0.25912738092186505
Epoch [6/30], Inference Time: 17.18584370613098
Epoch [6/30], Accuracy: 0.08851674641148326
Epoch [7/30], Time: 230.66472101211548
Epoch [7/30], Loss: 0.25725635850940215
Epoch [7/30], Inference Time: 17.02548575401306
Epoch [7/30], Accuracy: 0.09250398724082935
Epoch [8/30], Time: 229.88679385185242
Epoch [8/30], Loss: 0.2551239981932942
Epoch [8/30], Inference Time: 17.1195547580719
Epoch [8/30], Accuracy: 0.08931419457735247
Epoch [9/30], Time: 230.57971334457397
Epoch [9/30], Loss: 0.25307914823331795
Epoch [9/30], Inference Time: 17.207950115203857
Epoch [9/30], Accuracy: 0.08373205741626795
Epoch [10/30], Time: 230.66124987602234
Epoch [10/30], Loss: 0.250714618869869
Epoch [10/30], Inference Time: 17.057846784591675
Epoch [10/30], Accuracy: 0.08971291866028708
Epoch [11/30], Time: 230.2973141670227
Epoch [11/30], Loss: 0.24816736348849885
Epoch [11/30], Inference Time: 17.117855072021484
Epoch [11/30], Accuracy: 0.09090909090909091
Epoch [12/30], Time: 230.3320300579071
Epoch [12/30], Loss: 0.24569304802400224
Epoch [12/30], Inference Time: 17.083086490631104
Epoch [12/30], Accuracy: 0.08811802232854865
Epoch [13/30], Time: 230.48992133140564
Epoch [13/30], Loss: 0.24317073694828067
Epoch [13/30], Inference Time: 16.990607261657715
Epoch [13/30], Accuracy: 0.0905103668261563
Epoch [14/30], Time: 229.91219687461853
Epoch [14/30], Loss: 0.24027374933195084
Epoch [14/30], Inference Time: 16.984200716018677
Epoch [14/30], Accuracy: 0.09609250398724083
Epoch [15/30], Time: 230.00361800193787
Epoch [15/30], Loss: 0.2369688545184596
Epoch [15/30], Inference Time: 17.055057764053345
Epoch [15/30], Accuracy: 0.09649122807017543
Epoch [16/30], Time: 229.52977967262268
Epoch [16/30], Loss: 0.23352887301855837
Epoch [16/30], Inference Time: 16.980881929397583
Epoch [16/30], Accuracy: 0.09688995215311005
Epoch [17/30], Time: 230.79099678993225
Epoch [17/30], Loss: 0.2299981639075005
Epoch [17/30], Inference Time: 16.93256664276123
Epoch [17/30], Accuracy: 0.10287081339712918
Epoch [18/30], Time: 230.6508448123932
Epoch [18/30], Loss: 0.22648511962283907
Epoch [18/30], Inference Time: 17.047460317611694
Epoch [18/30], Accuracy: 0.09768740031897927
Epoch [19/30], Time: 231.82119941711426
Epoch [19/30], Loss: 0.22290345482394824
Epoch [19/30], Inference Time: 17.1648952960968
Epoch [19/30], Accuracy: 0.09688995215311005
Epoch [20/30], Time: 231.22654747962952
Epoch [20/30], Loss: 0.2186008098027895
Epoch [20/30], Inference Time: 17.04751753807068
Epoch [20/30], Accuracy: 0.09768740031897927
Epoch [21/30], Time: 231.85051274299622
Epoch [21/30], Loss: 0.21502218012938568
Epoch [21/30], Inference Time: 17.079890966415405
Epoch [21/30], Accuracy: 0.09370015948963317
Epoch [22/30], Time: 231.86685395240784
Epoch [22/30], Loss: 0.21118862624458798
Epoch [22/30], Inference Time: 17.07404375076294
Epoch [22/30], Accuracy: 0.09250398724082935
Epoch [23/30], Time: 229.9225995540619
Epoch [23/30], Loss: 0.2070149547465698
Epoch [23/30], Inference Time: 16.974751710891724
Epoch [23/30], Accuracy: 0.08652312599681021
Epoch [24/30], Time: 229.48586177825928
Epoch [24/30], Loss: 0.20242921854166882
Epoch [24/30], Inference Time: 16.966731786727905
Epoch [24/30], Accuracy: 0.0905103668261563
Epoch [25/30], Time: 230.1029691696167
Epoch [25/30], Loss: 0.19955904657483253
Epoch [25/30], Inference Time: 17.21514081954956
Epoch [25/30], Accuracy: 0.08931419457735247
Epoch [26/30], Time: 231.2696897983551
Epoch [26/30], Loss: 0.19571033437424304
Epoch [26/30], Inference Time: 17.188166856765747
Epoch [26/30], Accuracy: 0.09011164274322168
Epoch [27/30], Time: 230.89985632896423
Epoch [27/30], Loss: 0.1917728605487234
Epoch [27/30], Inference Time: 17.10722279548645
Epoch [27/30], Accuracy: 0.09011164274322168
Epoch [28/30], Time: 231.5234022140503
Epoch [28/30], Loss: 0.18816525942605475
Epoch [28/30], Inference Time: 17.040557146072388
Epoch [28/30], Accuracy: 0.08931419457735247
Epoch [29/30], Time: 231.54011225700378
Epoch [29/30], Loss: 0.1845389280153815
Epoch [29/30], Inference Time: 17.125503063201904
Epoch [29/30], Accuracy: 0.09210526315789473
Epoch [30/30], Time: 231.27182626724243
Epoch [30/30], Loss: 0.18070108906063428
Epoch [30/30], Inference Time: 17.07418990135193
Epoch [30/30], Accuracy: 0.08971291866028708
TotalTime: 7437.270858049393
Starting Evaluation
Evaluating Submission
