Starting Training
[1, 1000] loss: 1.828
[1, 2000] loss: 1.822
[1, 3000] loss: 1.813
[1, 4000] loss: 1.826
[1, 5000] loss: 1.824
[1, 6000] loss: 1.830
[1, 7000] loss: 1.828
[1, 8000] loss: 1.827
[1, 9000] loss: 1.825
[1, 10000] loss: 1.828
[1, 11000] loss: 1.825
[1, 12000] loss: 1.826
[1, 13000] loss: 1.826
[1, 14000] loss: 1.815
[1, 15000] loss: 1.833
[1, 16000] loss: 1.816
[1, 17000] loss: 1.821
[1, 18000] loss: 1.837
[1, 19000] loss: 1.817
[1, 20000] loss: 1.822
[1, 21000] loss: 1.829
[1, 22000] loss: 1.826
[1, 23000] loss: 1.822
[1, 24000] loss: 1.835
[1, 25000] loss: 1.831
epoch loss: 1.825
[2, 1000] loss: 1.829
[2, 2000] loss: 1.825
[2, 3000] loss: 1.814
[2, 4000] loss: 1.829
[2, 5000] loss: 1.830
[2, 6000] loss: 1.816
[2, 7000] loss: 1.810
[2, 8000] loss: 1.801
[2, 9000] loss: 1.806
[2, 10000] loss: 1.815
[2, 11000] loss: 1.818
[2, 12000] loss: 1.819
[2, 13000] loss: 1.825
[2, 14000] loss: 1.811
[2, 15000] loss: 1.802
[2, 16000] loss: 1.801
[2, 17000] loss: 1.794
[2, 18000] loss: 1.802
[2, 19000] loss: 1.812
[2, 20000] loss: 1.792
[2, 21000] loss: 1.808
[2, 22000] loss: 1.806
[2, 23000] loss: 1.802
[2, 24000] loss: 1.792
[2, 25000] loss: 1.790
epoch loss: 1.810
[3, 1000] loss: 1.781
[3, 2000] loss: 1.775
[3, 3000] loss: 1.774
[3, 4000] loss: 1.783
[3, 5000] loss: 1.765
[3, 6000] loss: 1.768
[3, 7000] loss: 1.775
[3, 8000] loss: 1.765
[3, 9000] loss: 1.759
[3, 10000] loss: 1.757
[3, 11000] loss: 1.759
[3, 12000] loss: 1.748
[3, 13000] loss: 1.743
[3, 14000] loss: 1.761
[3, 15000] loss: 1.750
[3, 16000] loss: 1.749
[3, 17000] loss: 1.741
[3, 18000] loss: 1.738
[3, 19000] loss: 1.742
[3, 20000] loss: 1.719
[3, 21000] loss: 1.729
[3, 22000] loss: 1.729
[3, 23000] loss: 1.718
[3, 24000] loss: 1.723
[3, 25000] loss: 1.721
epoch loss: 1.751
[4, 1000] loss: 1.722
[4, 2000] loss: 1.720
[4, 3000] loss: 1.693
[4, 4000] loss: 1.709
[4, 5000] loss: 1.719
[4, 6000] loss: 1.702
[4, 7000] loss: 1.689
[4, 8000] loss: 1.700
[4, 9000] loss: 1.700
[4, 10000] loss: 1.684
[4, 11000] loss: 1.689
[4, 12000] loss: 1.711
[4, 13000] loss: 1.691
[4, 14000] loss: 1.694
[4, 15000] loss: 1.693
[4, 16000] loss: 1.666
[4, 17000] loss: 1.667
[4, 18000] loss: 1.666
[4, 19000] loss: 1.680
[4, 20000] loss: 1.679
[4, 21000] loss: 1.680
[4, 22000] loss: 1.672
[4, 23000] loss: 1.674
[4, 24000] loss: 1.660
[4, 25000] loss: 1.666
epoch loss: 1.689
[5, 1000] loss: 1.668
[5, 2000] loss: 1.646
[5, 3000] loss: 1.652
[5, 4000] loss: 1.637
[5, 5000] loss: 1.663
[5, 6000] loss: 1.651
[5, 7000] loss: 1.672
[5, 8000] loss: 1.647
[5, 9000] loss: 1.650
[5, 10000] loss: 1.653
[5, 11000] loss: 1.636
[5, 12000] loss: 1.646
[5, 13000] loss: 1.657
[5, 14000] loss: 1.623
[5, 15000] loss: 1.654
[5, 16000] loss: 1.621
[5, 17000] loss: 1.651
[5, 18000] loss: 1.636
[5, 19000] loss: 1.610
[5, 20000] loss: 1.638
[5, 21000] loss: 1.635
[5, 22000] loss: 1.626
[5, 23000] loss: 1.617
[5, 24000] loss: 1.639
[5, 25000] loss: 1.622
epoch loss: 1.642
[6, 1000] loss: 1.618
[6, 2000] loss: 1.618
[6, 3000] loss: 1.618
[6, 4000] loss: 1.635
[6, 5000] loss: 1.619
[6, 6000] loss: 1.620
[6, 7000] loss: 1.617
[6, 8000] loss: 1.645
[6, 9000] loss: 1.623
[6, 10000] loss: 1.608
[6, 11000] loss: 1.621
[6, 12000] loss: 1.628
[6, 13000] loss: 1.615
[6, 14000] loss: 1.608
[6, 15000] loss: 1.610
[6, 16000] loss: 1.620
[6, 17000] loss: 1.611
[6, 18000] loss: 1.601
[6, 19000] loss: 1.597
[6, 20000] loss: 1.610
[6, 21000] loss: 1.608
[6, 22000] loss: 1.601
[6, 23000] loss: 1.596
[6, 24000] loss: 1.596
[6, 25000] loss: 1.599
epoch loss: 1.614
[7, 1000] loss: 1.603
[7, 2000] loss: 1.609
[7, 3000] loss: 1.613
[7, 4000] loss: 1.584
[7, 5000] loss: 1.609
[7, 6000] loss: 1.599
[7, 7000] loss: 1.578
[7, 8000] loss: 1.583
[7, 9000] loss: 1.593
[7, 10000] loss: 1.600
[7, 11000] loss: 1.598
[7, 12000] loss: 1.577
[7, 13000] loss: 1.610
[7, 14000] loss: 1.575
[7, 15000] loss: 1.596
[7, 16000] loss: 1.573
[7, 17000] loss: 1.591
[7, 18000] loss: 1.592
[7, 19000] loss: 1.598
[7, 20000] loss: 1.589
[7, 21000] loss: 1.594
[7, 22000] loss: 1.593
[7, 23000] loss: 1.601
[7, 24000] loss: 1.579
[7, 25000] loss: 1.578
epoch loss: 1.593
[8, 1000] loss: 1.566
[8, 2000] loss: 1.602
[8, 3000] loss: 1.562
[8, 4000] loss: 1.565
[8, 5000] loss: 1.570
[8, 6000] loss: 1.587
[8, 7000] loss: 1.591
[8, 8000] loss: 1.581
[8, 9000] loss: 1.572
[8, 10000] loss: 1.589
[8, 11000] loss: 1.589
[8, 12000] loss: 1.582
[8, 13000] loss: 1.592
[8, 14000] loss: 1.577
[8, 15000] loss: 1.568
[8, 16000] loss: 1.578
[8, 17000] loss: 1.563
[8, 18000] loss: 1.584
[8, 19000] loss: 1.581
[8, 20000] loss: 1.581
[8, 21000] loss: 1.576
[8, 22000] loss: 1.568
[8, 23000] loss: 1.571
[8, 24000] loss: 1.574
[8, 25000] loss: 1.587
epoch loss: 1.578
[9, 1000] loss: 1.578
[9, 2000] loss: 1.558
[9, 3000] loss: 1.564
[9, 4000] loss: 1.550
[9, 5000] loss: 1.553
[9, 6000] loss: 1.567
[9, 7000] loss: 1.569
[9, 8000] loss: 1.560
[9, 9000] loss: 1.561
[9, 10000] loss: 1.568
[9, 11000] loss: 1.576
[9, 12000] loss: 1.557
[9, 13000] loss: 1.564
[9, 14000] loss: 1.558
[9, 15000] loss: 1.558
[9, 16000] loss: 1.589
[9, 17000] loss: 1.557
[9, 18000] loss: 1.561
[9, 19000] loss: 1.549
[9, 20000] loss: 1.588
[9, 21000] loss: 1.564
[9, 22000] loss: 1.563
[9, 23000] loss: 1.567
[9, 24000] loss: 1.559
[9, 25000] loss: 1.570
epoch loss: 1.564
[10, 1000] loss: 1.552
[10, 2000] loss: 1.539
[10, 3000] loss: 1.571
[10, 4000] loss: 1.557
[10, 5000] loss: 1.555
[10, 6000] loss: 1.529
[10, 7000] loss: 1.586
[10, 8000] loss: 1.541
[10, 9000] loss: 1.562
[10, 10000] loss: 1.545
[10, 11000] loss: 1.531
[10, 12000] loss: 1.574
[10, 13000] loss: 1.541
[10, 14000] loss: 1.550
[10, 15000] loss: 1.565
[10, 16000] loss: 1.549
[10, 17000] loss: 1.534
[10, 18000] loss: 1.545
[10, 19000] loss: 1.555
[10, 20000] loss: 1.542
[10, 21000] loss: 1.558
[10, 22000] loss: 1.553
[10, 23000] loss: 1.541
[10, 24000] loss: 1.549
[10, 25000] loss: 1.573
epoch loss: 1.552
[11, 1000] loss: 1.551
[11, 2000] loss: 1.540
[11, 3000] loss: 1.544
[11, 4000] loss: 1.534
[11, 5000] loss: 1.560
[11, 6000] loss: 1.548
[11, 7000] loss: 1.527
[11, 8000] loss: 1.538
[11, 9000] loss: 1.547
[11, 10000] loss: 1.517
[11, 11000] loss: 1.540
[11, 12000] loss: 1.566
[11, 13000] loss: 1.574
[11, 14000] loss: 1.531
[11, 15000] loss: 1.535
[11, 16000] loss: 1.543
[11, 17000] loss: 1.552
[11, 18000] loss: 1.536
[11, 19000] loss: 1.562
[11, 20000] loss: 1.536
[11, 21000] loss: 1.521
[11, 22000] loss: 1.545
[11, 23000] loss: 1.554
[11, 24000] loss: 1.543
[11, 25000] loss: 1.543
epoch loss: 1.544
[12, 1000] loss: 1.527
[12, 2000] loss: 1.543
[12, 3000] loss: 1.540
[12, 4000] loss: 1.534
[12, 5000] loss: 1.529
[12, 6000] loss: 1.550
[12, 7000] loss: 1.521
[12, 8000] loss: 1.542
[12, 9000] loss: 1.531
[12, 10000] loss: 1.560
[12, 11000] loss: 1.537
[12, 12000] loss: 1.542
[12, 13000] loss: 1.527
[12, 14000] loss: 1.546
[12, 15000] loss: 1.548
[12, 16000] loss: 1.534
[12, 17000] loss: 1.530
[12, 18000] loss: 1.515
[12, 19000] loss: 1.522
[12, 20000] loss: 1.549
[12, 21000] loss: 1.555
[12, 22000] loss: 1.530
[12, 23000] loss: 1.541
[12, 24000] loss: 1.521
[12, 25000] loss: 1.533
epoch loss: 1.536
[13, 1000] loss: 1.548
[13, 2000] loss: 1.533
[13, 3000] loss: 1.532
[13, 4000] loss: 1.529
[13, 5000] loss: 1.545
[13, 6000] loss: 1.548
[13, 7000] loss: 1.524
[13, 8000] loss: 1.547
[13, 9000] loss: 1.527
[13, 10000] loss: 1.520
[13, 11000] loss: 1.531
[13, 12000] loss: 1.525
[13, 13000] loss: 1.505
[13, 14000] loss: 1.529
[13, 15000] loss: 1.516
[13, 16000] loss: 1.516
[13, 17000] loss: 1.523
[13, 18000] loss: 1.533
[13, 19000] loss: 1.537
[13, 20000] loss: 1.499
[13, 21000] loss: 1.532
[13, 22000] loss: 1.527
[13, 23000] loss: 1.522
[13, 24000] loss: 1.523
[13, 25000] loss: 1.559
epoch loss: 1.529
[14, 1000] loss: 1.532
[14, 2000] loss: 1.523
[14, 3000] loss: 1.515
[14, 4000] loss: 1.530
[14, 5000] loss: 1.539
[14, 6000] loss: 1.510
[14, 7000] loss: 1.517
[14, 8000] loss: 1.536
[14, 9000] loss: 1.514
[14, 10000] loss: 1.528
[14, 11000] loss: 1.532
[14, 12000] loss: 1.523
[14, 13000] loss: 1.515
[14, 14000] loss: 1.513
[14, 15000] loss: 1.522
[14, 16000] loss: 1.526
[14, 17000] loss: 1.527
[14, 18000] loss: 1.532
[14, 19000] loss: 1.542
[14, 20000] loss: 1.511
[14, 21000] loss: 1.517
[14, 22000] loss: 1.517
[14, 23000] loss: 1.511
[14, 24000] loss: 1.506
[14, 25000] loss: 1.510
epoch loss: 1.522
[15, 1000] loss: 1.513
[15, 2000] loss: 1.516
[15, 3000] loss: 1.499
[15, 4000] loss: 1.531
[15, 5000] loss: 1.524
[15, 6000] loss: 1.510
[15, 7000] loss: 1.521
[15, 8000] loss: 1.540
[15, 9000] loss: 1.535
[15, 10000] loss: 1.513
[15, 11000] loss: 1.525
[15, 12000] loss: 1.523
[15, 13000] loss: 1.518
[15, 14000] loss: 1.519
[15, 15000] loss: 1.519
[15, 16000] loss: 1.522
[15, 17000] loss: 1.515
[15, 18000] loss: 1.508
[15, 19000] loss: 1.511
[15, 20000] loss: 1.516
[15, 21000] loss: 1.490
[15, 22000] loss: 1.514
[15, 23000] loss: 1.510
[15, 24000] loss: 1.505
[15, 25000] loss: 1.497
epoch loss: 1.516
[16, 1000] loss: 1.507
[16, 2000] loss: 1.489
[16, 3000] loss: 1.512
[16, 4000] loss: 1.509
[16, 5000] loss: 1.513
[16, 6000] loss: 1.518
[16, 7000] loss: 1.525
[16, 8000] loss: 1.519
[16, 9000] loss: 1.515
[16, 10000] loss: 1.525
[16, 11000] loss: 1.510
[16, 12000] loss: 1.513
[16, 13000] loss: 1.482
[16, 14000] loss: 1.516
[16, 15000] loss: 1.497
[16, 16000] loss: 1.502
[16, 17000] loss: 1.494
[16, 18000] loss: 1.502
[16, 19000] loss: 1.510
[16, 20000] loss: 1.518
[16, 21000] loss: 1.505
[16, 22000] loss: 1.519
[16, 23000] loss: 1.522
[16, 24000] loss: 1.514
[16, 25000] loss: 1.515
epoch loss: 1.510
[17, 1000] loss: 1.486
[17, 2000] loss: 1.525
[17, 3000] loss: 1.485
[17, 4000] loss: 1.499
[17, 5000] loss: 1.510
[17, 6000] loss: 1.496
[17, 7000] loss: 1.503
[17, 8000] loss: 1.496
[17, 9000] loss: 1.503
[17, 10000] loss: 1.490
[17, 11000] loss: 1.521
[17, 12000] loss: 1.501
[17, 13000] loss: 1.509
[17, 14000] loss: 1.499
[17, 15000] loss: 1.496
[17, 16000] loss: 1.515
[17, 17000] loss: 1.516
[17, 18000] loss: 1.526
[17, 19000] loss: 1.505
[17, 20000] loss: 1.506
[17, 21000] loss: 1.499
[17, 22000] loss: 1.539
[17, 23000] loss: 1.509
[17, 24000] loss: 1.517
[17, 25000] loss: 1.495
epoch loss: 1.506
[18, 1000] loss: 1.490
[18, 2000] loss: 1.506
[18, 3000] loss: 1.517
[18, 4000] loss: 1.497
[18, 5000] loss: 1.501
[18, 6000] loss: 1.508
[18, 7000] loss: 1.512
[18, 8000] loss: 1.489
[18, 9000] loss: 1.519
[18, 10000] loss: 1.503
[18, 11000] loss: 1.509
[18, 12000] loss: 1.491
[18, 13000] loss: 1.499
[18, 14000] loss: 1.499
[18, 15000] loss: 1.498
[18, 16000] loss: 1.504
[18, 17000] loss: 1.512
[18, 18000] loss: 1.500
[18, 19000] loss: 1.486
[18, 20000] loss: 1.499
[18, 21000] loss: 1.502
[18, 22000] loss: 1.510
[18, 23000] loss: 1.502
[18, 24000] loss: 1.495
[18, 25000] loss: 1.502
epoch loss: 1.502
[19, 1000] loss: 1.503
[19, 2000] loss: 1.504
[19, 3000] loss: 1.486
[19, 4000] loss: 1.508
[19, 5000] loss: 1.486
[19, 6000] loss: 1.493
[19, 7000] loss: 1.512
[19, 8000] loss: 1.523
[19, 9000] loss: 1.503
[19, 10000] loss: 1.492
[19, 11000] loss: 1.485
[19, 12000] loss: 1.502
[19, 13000] loss: 1.497
[19, 14000] loss: 1.488
[19, 15000] loss: 1.498
[19, 16000] loss: 1.492
[19, 17000] loss: 1.511
[19, 18000] loss: 1.491
[19, 19000] loss: 1.503
[19, 20000] loss: 1.496
[19, 21000] loss: 1.492
[19, 22000] loss: 1.489
[19, 23000] loss: 1.496
[19, 24000] loss: 1.486
[19, 25000] loss: 1.510
epoch loss: 1.498
[20, 1000] loss: 1.475
[20, 2000] loss: 1.491
[20, 3000] loss: 1.497
[20, 4000] loss: 1.508
[20, 5000] loss: 1.500
[20, 6000] loss: 1.491
[20, 7000] loss: 1.487
[20, 8000] loss: 1.522
[20, 9000] loss: 1.486
[20, 10000] loss: 1.458
[20, 11000] loss: 1.488
[20, 12000] loss: 1.510
[20, 13000] loss: 1.493
[20, 14000] loss: 1.488
[20, 15000] loss: 1.494
[20, 16000] loss: 1.505
[20, 17000] loss: 1.496
[20, 18000] loss: 1.514
[20, 19000] loss: 1.495
[20, 20000] loss: 1.484
[20, 21000] loss: 1.481
[20, 22000] loss: 1.499
[20, 23000] loss: 1.500
[20, 24000] loss: 1.505
[20, 25000] loss: 1.484
epoch loss: 1.494
[21, 1000] loss: 1.499
[21, 2000] loss: 1.475
[21, 3000] loss: 1.487
[21, 4000] loss: 1.510
[21, 5000] loss: 1.494
[21, 6000] loss: 1.488
[21, 7000] loss: 1.507
[21, 8000] loss: 1.479
[21, 9000] loss: 1.499
[21, 10000] loss: 1.487
[21, 11000] loss: 1.509
[21, 12000] loss: 1.480
[21, 13000] loss: 1.496
[21, 14000] loss: 1.467
[21, 15000] loss: 1.504
[21, 16000] loss: 1.499
[21, 17000] loss: 1.500
[21, 18000] loss: 1.499
[21, 19000] loss: 1.496
[21, 20000] loss: 1.486
[21, 21000] loss: 1.482
[21, 22000] loss: 1.492
[21, 23000] loss: 1.504
[21, 24000] loss: 1.465
[21, 25000] loss: 1.475
epoch loss: 1.491
[22, 1000] loss: 1.466
[22, 2000] loss: 1.477
[22, 3000] loss: 1.487
[22, 4000] loss: 1.472
[22, 5000] loss: 1.488
[22, 6000] loss: 1.479
[22, 7000] loss: 1.480
[22, 8000] loss: 1.487
[22, 9000] loss: 1.470
[22, 10000] loss: 1.497
[22, 11000] loss: 1.473
[22, 12000] loss: 1.508
[22, 13000] loss: 1.507
[22, 14000] loss: 1.497
[22, 15000] loss: 1.488
[22, 16000] loss: 1.497
[22, 17000] loss: 1.505
[22, 18000] loss: 1.468
[22, 19000] loss: 1.487
[22, 20000] loss: 1.499
[22, 21000] loss: 1.500
[22, 22000] loss: 1.495
[22, 23000] loss: 1.469
[22, 24000] loss: 1.494
[22, 25000] loss: 1.494
epoch loss: 1.487
[23, 1000] loss: 1.482
[23, 2000] loss: 1.492
[23, 3000] loss: 1.466
[23, 4000] loss: 1.481
[23, 5000] loss: 1.464
[23, 6000] loss: 1.469
[23, 7000] loss: 1.513
[23, 8000] loss: 1.480
[23, 9000] loss: 1.487
[23, 10000] loss: 1.485
[23, 11000] loss: 1.478
[23, 12000] loss: 1.492
[23, 13000] loss: 1.486
[23, 14000] loss: 1.471
[23, 15000] loss: 1.477
[23, 16000] loss: 1.478
[23, 17000] loss: 1.479
[23, 18000] loss: 1.473
[23, 19000] loss: 1.501
[23, 20000] loss: 1.491
[23, 21000] loss: 1.476
[23, 22000] loss: 1.491
[23, 23000] loss: 1.487
[23, 24000] loss: 1.488
[23, 25000] loss: 1.479
epoch loss: 1.483
[24, 1000] loss: 1.466
[24, 2000] loss: 1.478
[24, 3000] loss: 1.496
[24, 4000] loss: 1.485
[24, 5000] loss: 1.482
[24, 6000] loss: 1.456
[24, 7000] loss: 1.471
[24, 8000] loss: 1.470
[24, 9000] loss: 1.460
[24, 10000] loss: 1.498
[24, 11000] loss: 1.478
[24, 12000] loss: 1.478
[24, 13000] loss: 1.485
[24, 14000] loss: 1.482
[24, 15000] loss: 1.476
[24, 16000] loss: 1.477
[24, 17000] loss: 1.463
[24, 18000] loss: 1.491
[24, 19000] loss: 1.499
[24, 20000] loss: 1.492
[24, 21000] loss: 1.493
[24, 22000] loss: 1.497
[24, 23000] loss: 1.477
[24, 24000] loss: 1.471
[24, 25000] loss: 1.474
epoch loss: 1.480
[25, 1000] loss: 1.457
[25, 2000] loss: 1.477
[25, 3000] loss: 1.480
[25, 4000] loss: 1.486
[25, 5000] loss: 1.478
[25, 6000] loss: 1.458
[25, 7000] loss: 1.475
[25, 8000] loss: 1.484
[25, 9000] loss: 1.468
[25, 10000] loss: 1.474
[25, 11000] loss: 1.492
[25, 12000] loss: 1.496
[25, 13000] loss: 1.463
[25, 14000] loss: 1.475
[25, 15000] loss: 1.479
[25, 16000] loss: 1.500
[25, 17000] loss: 1.475
[25, 18000] loss: 1.491
[25, 19000] loss: 1.461
[25, 20000] loss: 1.473
[25, 21000] loss: 1.486
[25, 22000] loss: 1.465
[25, 23000] loss: 1.480
[25, 24000] loss: 1.475
[25, 25000] loss: 1.483
epoch loss: 1.477
[26, 1000] loss: 1.480
[26, 2000] loss: 1.477
[26, 3000] loss: 1.463
[26, 4000] loss: 1.459
[26, 5000] loss: 1.475
[26, 6000] loss: 1.472
[26, 7000] loss: 1.490
[26, 8000] loss: 1.483
[26, 9000] loss: 1.471
[26, 10000] loss: 1.491
[26, 11000] loss: 1.471
[26, 12000] loss: 1.463
[26, 13000] loss: 1.470
[26, 14000] loss: 1.466
[26, 15000] loss: 1.479
[26, 16000] loss: 1.478
[26, 17000] loss: 1.482
[26, 18000] loss: 1.470
[26, 19000] loss: 1.489
[26, 20000] loss: 1.470
[26, 21000] loss: 1.482
[26, 22000] loss: 1.469
[26, 23000] loss: 1.478
[26, 24000] loss: 1.482
[26, 25000] loss: 1.462
epoch loss: 1.475
[27, 1000] loss: 1.473
[27, 2000] loss: 1.479
[27, 3000] loss: 1.488
[27, 4000] loss: 1.486
[27, 5000] loss: 1.492
[27, 6000] loss: 1.474
[27, 7000] loss: 1.482
[27, 8000] loss: 1.465
[27, 9000] loss: 1.478
[27, 10000] loss: 1.473
[27, 11000] loss: 1.459
[27, 12000] loss: 1.483
[27, 13000] loss: 1.473
[27, 14000] loss: 1.464
[27, 15000] loss: 1.456
[27, 16000] loss: 1.477
[27, 17000] loss: 1.469
[27, 18000] loss: 1.471
[27, 19000] loss: 1.471
[27, 20000] loss: 1.475
[27, 21000] loss: 1.485
[27, 22000] loss: 1.462
[27, 23000] loss: 1.486
[27, 24000] loss: 1.477
[27, 25000] loss: 1.453
epoch loss: 1.474
[28, 1000] loss: 1.478
[28, 2000] loss: 1.473
[28, 3000] loss: 1.476
[28, 4000] loss: 1.477
[28, 5000] loss: 1.476
[28, 6000] loss: 1.471
[28, 7000] loss: 1.460
[28, 8000] loss: 1.487
[28, 9000] loss: 1.463
[28, 10000] loss: 1.461
[28, 11000] loss: 1.471
[28, 12000] loss: 1.486
[28, 13000] loss: 1.489
[28, 14000] loss: 1.440
[28, 15000] loss: 1.456
[28, 16000] loss: 1.468
[28, 17000] loss: 1.475
[28, 18000] loss: 1.451
[28, 19000] loss: 1.466
[28, 20000] loss: 1.460
[28, 21000] loss: 1.474
[28, 22000] loss: 1.476
[28, 23000] loss: 1.491
[28, 24000] loss: 1.468
[28, 25000] loss: 1.472
epoch loss: 1.471
[29, 1000] loss: 1.450
[29, 2000] loss: 1.463
[29, 3000] loss: 1.464
[29, 4000] loss: 1.457
[29, 5000] loss: 1.447
[29, 6000] loss: 1.471
[29, 7000] loss: 1.472
[29, 8000] loss: 1.477
[29, 9000] loss: 1.445
[29, 10000] loss: 1.469
[29, 11000] loss: 1.477
[29, 12000] loss: 1.467
[29, 13000] loss: 1.467
[29, 14000] loss: 1.478
[29, 15000] loss: 1.487
[29, 16000] loss: 1.470
[29, 17000] loss: 1.470
[29, 18000] loss: 1.463
[29, 19000] loss: 1.483
[29, 20000] loss: 1.479
[29, 21000] loss: 1.473
[29, 22000] loss: 1.466
[29, 23000] loss: 1.470
[29, 24000] loss: 1.462
[29, 25000] loss: 1.474
epoch loss: 1.468
[30, 1000] loss: 1.469
[30, 2000] loss: 1.464
[30, 3000] loss: 1.454
[30, 4000] loss: 1.456
[30, 5000] loss: 1.471
[30, 6000] loss: 1.460
[30, 7000] loss: 1.483
[30, 8000] loss: 1.479
[30, 9000] loss: 1.459
[30, 10000] loss: 1.473
[30, 11000] loss: 1.453
[30, 12000] loss: 1.475
[30, 13000] loss: 1.472
[30, 14000] loss: 1.482
[30, 15000] loss: 1.468
[30, 16000] loss: 1.478
[30, 17000] loss: 1.463
[30, 18000] loss: 1.439
[30, 19000] loss: 1.452
[30, 20000] loss: 1.459
[30, 21000] loss: 1.465
[30, 22000] loss: 1.466
[30, 23000] loss: 1.467
[30, 24000] loss: 1.458
[30, 25000] loss: 1.480
epoch loss: 1.466
[31, 1000] loss: 1.458
[31, 2000] loss: 1.453
[31, 3000] loss: 1.462
[31, 4000] loss: 1.479
[31, 5000] loss: 1.450
[31, 6000] loss: 1.463
[31, 7000] loss: 1.454
[31, 8000] loss: 1.456
[31, 9000] loss: 1.456
[31, 10000] loss: 1.462
[31, 11000] loss: 1.465
[31, 12000] loss: 1.467
[31, 13000] loss: 1.466
[31, 14000] loss: 1.482
[31, 15000] loss: 1.468
[31, 16000] loss: 1.469
[31, 17000] loss: 1.472
[31, 18000] loss: 1.462
[31, 19000] loss: 1.474
[31, 20000] loss: 1.453
[31, 21000] loss: 1.466
[31, 22000] loss: 1.458
[31, 23000] loss: 1.474
[31, 24000] loss: 1.467
[31, 25000] loss: 1.486
epoch loss: 1.465
[32, 1000] loss: 1.450
[32, 2000] loss: 1.468
[32, 3000] loss: 1.427
[32, 4000] loss: 1.452
[32, 5000] loss: 1.443
[32, 6000] loss: 1.474
[32, 7000] loss: 1.484
[32, 8000] loss: 1.473
[32, 9000] loss: 1.473
[32, 10000] loss: 1.471
[32, 11000] loss: 1.470
[32, 12000] loss: 1.465
[32, 13000] loss: 1.466
[32, 14000] loss: 1.444
[32, 15000] loss: 1.451
[32, 16000] loss: 1.482
[32, 17000] loss: 1.462
[32, 18000] loss: 1.457
[32, 19000] loss: 1.476
[32, 20000] loss: 1.473
[32, 21000] loss: 1.476
[32, 22000] loss: 1.461
[32, 23000] loss: 1.441
[32, 24000] loss: 1.453
[32, 25000] loss: 1.446
epoch loss: 1.461
[33, 1000] loss: 1.460
[33, 2000] loss: 1.471
[33, 3000] loss: 1.458
[33, 4000] loss: 1.479
[33, 5000] loss: 1.451
[33, 6000] loss: 1.464
[33, 7000] loss: 1.449
[33, 8000] loss: 1.471
[33, 9000] loss: 1.438
[33, 10000] loss: 1.476
[33, 11000] loss: 1.464
[33, 12000] loss: 1.475
[33, 13000] loss: 1.471
[33, 14000] loss: 1.451
[33, 15000] loss: 1.449
[33, 16000] loss: 1.455
[33, 17000] loss: 1.472
[33, 18000] loss: 1.459
[33, 19000] loss: 1.443
[33, 20000] loss: 1.457
[33, 21000] loss: 1.485
[33, 22000] loss: 1.464
[33, 23000] loss: 1.438
[33, 24000] loss: 1.460
[33, 25000] loss: 1.451
epoch loss: 1.460
[34, 1000] loss: 1.445
[34, 2000] loss: 1.451
[34, 3000] loss: 1.469
[34, 4000] loss: 1.453
[34, 5000] loss: 1.475
[34, 6000] loss: 1.472
[34, 7000] loss: 1.458
[34, 8000] loss: 1.444
[34, 9000] loss: 1.453
[34, 10000] loss: 1.443
[34, 11000] loss: 1.444
[34, 12000] loss: 1.465
[34, 13000] loss: 1.462
[34, 14000] loss: 1.471
[34, 15000] loss: 1.461
[34, 16000] loss: 1.475
[34, 17000] loss: 1.455
[34, 18000] loss: 1.453
[34, 19000] loss: 1.439
[34, 20000] loss: 1.473
[34, 21000] loss: 1.441
[34, 22000] loss: 1.463
[34, 23000] loss: 1.466
[34, 24000] loss: 1.467
[34, 25000] loss: 1.467
epoch loss: 1.459
[35, 1000] loss: 1.476
[35, 2000] loss: 1.441
[35, 3000] loss: 1.436
[35, 4000] loss: 1.466
[35, 5000] loss: 1.461
[35, 6000] loss: 1.466
[35, 7000] loss: 1.477
[35, 8000] loss: 1.464
[35, 9000] loss: 1.450
[35, 10000] loss: 1.441
[35, 11000] loss: 1.463
[35, 12000] loss: 1.428
[35, 13000] loss: 1.464
[35, 14000] loss: 1.447
[35, 15000] loss: 1.471
[35, 16000] loss: 1.439
[35, 17000] loss: 1.464
[35, 18000] loss: 1.462
[35, 19000] loss: 1.456
[35, 20000] loss: 1.447
[35, 21000] loss: 1.455
[35, 22000] loss: 1.454
[35, 23000] loss: 1.467
[35, 24000] loss: 1.472
[35, 25000] loss: 1.451
epoch loss: 1.457
[36, 1000] loss: 1.467
[36, 2000] loss: 1.466
[36, 3000] loss: 1.439
[36, 4000] loss: 1.469
[36, 5000] loss: 1.453
[36, 6000] loss: 1.461
[36, 7000] loss: 1.471
[36, 8000] loss: 1.454
[36, 9000] loss: 1.453
[36, 10000] loss: 1.450
[36, 11000] loss: 1.464
[36, 12000] loss: 1.445
[36, 13000] loss: 1.450
[36, 14000] loss: 1.433
[36, 15000] loss: 1.466
[36, 16000] loss: 1.459
[36, 17000] loss: 1.450
[36, 18000] loss: 1.465
[36, 19000] loss: 1.453
[36, 20000] loss: 1.481
[36, 21000] loss: 1.452
[36, 22000] loss: 1.446
[36, 23000] loss: 1.459
[36, 24000] loss: 1.434
[36, 25000] loss: 1.450
epoch loss: 1.456
[37, 1000] loss: 1.444
[37, 2000] loss: 1.440
[37, 3000] loss: 1.432
[37, 4000] loss: 1.455
[37, 5000] loss: 1.460
[37, 6000] loss: 1.446
[37, 7000] loss: 1.445
[37, 8000] loss: 1.465
[37, 9000] loss: 1.462
[37, 10000] loss: 1.457
[37, 11000] loss: 1.471
[37, 12000] loss: 1.442
[37, 13000] loss: 1.458
[37, 14000] loss: 1.480
[37, 15000] loss: 1.445
[37, 16000] loss: 1.441
[37, 17000] loss: 1.462
[37, 18000] loss: 1.463
[37, 19000] loss: 1.477
[37, 20000] loss: 1.469
[37, 21000] loss: 1.452
[37, 22000] loss: 1.454
[37, 23000] loss: 1.444
[37, 24000] loss: 1.456
[37, 25000] loss: 1.445
epoch loss: 1.455
[38, 1000] loss: 1.451
[38, 2000] loss: 1.450
[38, 3000] loss: 1.447
[38, 4000] loss: 1.458
[38, 5000] loss: 1.434
[38, 6000] loss: 1.441
[38, 7000] loss: 1.456
[38, 8000] loss: 1.463
[38, 9000] loss: 1.446
[38, 10000] loss: 1.455
[38, 11000] loss: 1.475
[38, 12000] loss: 1.446
[38, 13000] loss: 1.457
[38, 14000] loss: 1.452
[38, 15000] loss: 1.445
[38, 16000] loss: 1.461
[38, 17000] loss: 1.437
[38, 18000] loss: 1.445
[38, 19000] loss: 1.453
[38, 20000] loss: 1.452
[38, 21000] loss: 1.449
[38, 22000] loss: 1.463
[38, 23000] loss: 1.468
[38, 24000] loss: 1.448
[38, 25000] loss: 1.455
epoch loss: 1.452
[39, 1000] loss: 1.448
[39, 2000] loss: 1.443
[39, 3000] loss: 1.445
[39, 4000] loss: 1.447
[39, 5000] loss: 1.444
[39, 6000] loss: 1.471
[39, 7000] loss: 1.456
[39, 8000] loss: 1.452
[39, 9000] loss: 1.447
[39, 10000] loss: 1.452
[39, 11000] loss: 1.467
[39, 12000] loss: 1.428
[39, 13000] loss: 1.446
[39, 14000] loss: 1.469
[39, 15000] loss: 1.435
[39, 16000] loss: 1.441
[39, 17000] loss: 1.446
[39, 18000] loss: 1.470
[39, 19000] loss: 1.443
[39, 20000] loss: 1.445
[39, 21000] loss: 1.458
[39, 22000] loss: 1.448
[39, 23000] loss: 1.446
[39, 24000] loss: 1.467
[39, 25000] loss: 1.473
epoch loss: 1.451
[40, 1000] loss: 1.448
[40, 2000] loss: 1.458
[40, 3000] loss: 1.448
[40, 4000] loss: 1.436
[40, 5000] loss: 1.455
[40, 6000] loss: 1.455
[40, 7000] loss: 1.462
[40, 8000] loss: 1.457
[40, 9000] loss: 1.439
[40, 10000] loss: 1.442
[40, 11000] loss: 1.450
[40, 12000] loss: 1.443
[40, 13000] loss: 1.434
[40, 14000] loss: 1.452
[40, 15000] loss: 1.466
[40, 16000] loss: 1.449
[40, 17000] loss: 1.450
[40, 18000] loss: 1.444
[40, 19000] loss: 1.447
[40, 20000] loss: 1.453
[40, 21000] loss: 1.437
[40, 22000] loss: 1.452
[40, 23000] loss: 1.457
[40, 24000] loss: 1.449
[40, 25000] loss: 1.451
epoch loss: 1.449
[41, 1000] loss: 1.449
[41, 2000] loss: 1.464
[41, 3000] loss: 1.455
[41, 4000] loss: 1.414
[41, 5000] loss: 1.446
[41, 6000] loss: 1.456
[41, 7000] loss: 1.459
[41, 8000] loss: 1.469
[41, 9000] loss: 1.425
[41, 10000] loss: 1.444
[41, 11000] loss: 1.453
[41, 12000] loss: 1.447
[41, 13000] loss: 1.456
[41, 14000] loss: 1.454
[41, 15000] loss: 1.445
[41, 16000] loss: 1.447
[41, 17000] loss: 1.445
[41, 18000] loss: 1.433
[41, 19000] loss: 1.449
[41, 20000] loss: 1.454
[41, 21000] loss: 1.427
[41, 22000] loss: 1.465
[41, 23000] loss: 1.474
[41, 24000] loss: 1.452
[41, 25000] loss: 1.455
epoch loss: 1.449
[42, 1000] loss: 1.447
[42, 2000] loss: 1.444
[42, 3000] loss: 1.421
[42, 4000] loss: 1.428
[42, 5000] loss: 1.458
[42, 6000] loss: 1.472
[42, 7000] loss: 1.458
[42, 8000] loss: 1.440
[42, 9000] loss: 1.444
[42, 10000] loss: 1.451
[42, 11000] loss: 1.450
[42, 12000] loss: 1.437
[42, 13000] loss: 1.450
[42, 14000] loss: 1.433
[42, 15000] loss: 1.468
[42, 16000] loss: 1.454
[42, 17000] loss: 1.430
[42, 18000] loss: 1.459
[42, 19000] loss: 1.460
[42, 20000] loss: 1.479
[42, 21000] loss: 1.465
[42, 22000] loss: 1.441
[42, 23000] loss: 1.431
[42, 24000] loss: 1.439
[42, 25000] loss: 1.443
epoch loss: 1.448
[43, 1000] loss: 1.441
[43, 2000] loss: 1.469
[43, 3000] loss: 1.437
[43, 4000] loss: 1.449
[43, 5000] loss: 1.448
[43, 6000] loss: 1.460
[43, 7000] loss: 1.470
[43, 8000] loss: 1.445
[43, 9000] loss: 1.441
[43, 10000] loss: 1.443
[43, 11000] loss: 1.441
[43, 12000] loss: 1.448
[43, 13000] loss: 1.472
[43, 14000] loss: 1.432
[43, 15000] loss: 1.441
[43, 16000] loss: 1.426
[43, 17000] loss: 1.447
[43, 18000] loss: 1.441
[43, 19000] loss: 1.450
[43, 20000] loss: 1.446
[43, 21000] loss: 1.436
[43, 22000] loss: 1.450
[43, 23000] loss: 1.456
[43, 24000] loss: 1.450
[43, 25000] loss: 1.442
epoch loss: 1.447
[44, 1000] loss: 1.450
[44, 2000] loss: 1.449
[44, 3000] loss: 1.442
[44, 4000] loss: 1.434
[44, 5000] loss: 1.445
[44, 6000] loss: 1.453
[44, 7000] loss: 1.438
[44, 8000] loss: 1.440
[44, 9000] loss: 1.451
[44, 10000] loss: 1.452
[44, 11000] loss: 1.443
[44, 12000] loss: 1.435
[44, 13000] loss: 1.455
[44, 14000] loss: 1.444
[44, 15000] loss: 1.432
[44, 16000] loss: 1.447
[44, 17000] loss: 1.456
[44, 18000] loss: 1.468
[44, 19000] loss: 1.431
[44, 20000] loss: 1.445
[44, 21000] loss: 1.446
[44, 22000] loss: 1.463
[44, 23000] loss: 1.433
[44, 24000] loss: 1.451
[44, 25000] loss: 1.453
epoch loss: 1.446
[45, 1000] loss: 1.430
[45, 2000] loss: 1.441
[45, 3000] loss: 1.450
[45, 4000] loss: 1.442
[45, 5000] loss: 1.449
[45, 6000] loss: 1.450
[45, 7000] loss: 1.439
[45, 8000] loss: 1.443
[45, 9000] loss: 1.443
[45, 10000] loss: 1.439
[45, 11000] loss: 1.447
[45, 12000] loss: 1.450
[45, 13000] loss: 1.442
[45, 14000] loss: 1.438
[45, 15000] loss: 1.444
[45, 16000] loss: 1.442
[45, 17000] loss: 1.452
[45, 18000] loss: 1.454
[45, 19000] loss: 1.440
[45, 20000] loss: 1.453
[45, 21000] loss: 1.462
[45, 22000] loss: 1.453
[45, 23000] loss: 1.419
[45, 24000] loss: 1.457
[45, 25000] loss: 1.461
epoch loss: 1.446
[46, 1000] loss: 1.452
[46, 2000] loss: 1.442
[46, 3000] loss: 1.453
[46, 4000] loss: 1.438
[46, 5000] loss: 1.436
[46, 6000] loss: 1.453
[46, 7000] loss: 1.459
[46, 8000] loss: 1.441
[46, 9000] loss: 1.439
[46, 10000] loss: 1.448
[46, 11000] loss: 1.452
[46, 12000] loss: 1.429
[46, 13000] loss: 1.418
[46, 14000] loss: 1.454
[46, 15000] loss: 1.457
[46, 16000] loss: 1.434
[46, 17000] loss: 1.439
[46, 18000] loss: 1.454
[46, 19000] loss: 1.458
[46, 20000] loss: 1.435
[46, 21000] loss: 1.447
[46, 22000] loss: 1.436
[46, 23000] loss: 1.444
[46, 24000] loss: 1.445
[46, 25000] loss: 1.444
epoch loss: 1.444
[47, 1000] loss: 1.436
[47, 2000] loss: 1.449
[47, 3000] loss: 1.435
[47, 4000] loss: 1.444
[47, 5000] loss: 1.443
[47, 6000] loss: 1.444
[47, 7000] loss: 1.434
[47, 8000] loss: 1.429
[47, 9000] loss: 1.442
[47, 10000] loss: 1.439
[47, 11000] loss: 1.456
[47, 12000] loss: 1.446
[47, 13000] loss: 1.450
[47, 14000] loss: 1.425
[47, 15000] loss: 1.443
[47, 16000] loss: 1.449
[47, 17000] loss: 1.450
[47, 18000] loss: 1.462
[47, 19000] loss: 1.456
[47, 20000] loss: 1.456
[47, 21000] loss: 1.440
[47, 22000] loss: 1.448
[47, 23000] loss: 1.448
[47, 24000] loss: 1.443
[47, 25000] loss: 1.442
epoch loss: 1.444
[48, 1000] loss: 1.451
[48, 2000] loss: 1.447
[48, 3000] loss: 1.431
[48, 4000] loss: 1.441
[48, 5000] loss: 1.439
[48, 6000] loss: 1.446
[48, 7000] loss: 1.433
[48, 8000] loss: 1.435
[48, 9000] loss: 1.433
[48, 10000] loss: 1.450
[48, 11000] loss: 1.444
[48, 12000] loss: 1.448
[48, 13000] loss: 1.443
[48, 14000] loss: 1.449
[48, 15000] loss: 1.464
[48, 16000] loss: 1.439
[48, 17000] loss: 1.443
[48, 18000] loss: 1.456
[48, 19000] loss: 1.452
[48, 20000] loss: 1.463
[48, 21000] loss: 1.444
[48, 22000] loss: 1.437
[48, 23000] loss: 1.442
[48, 24000] loss: 1.424
[48, 25000] loss: 1.432
epoch loss: 1.443
[49, 1000] loss: 1.451
[49, 2000] loss: 1.422
[49, 3000] loss: 1.423
[49, 4000] loss: 1.449
[49, 5000] loss: 1.446
[49, 6000] loss: 1.440
[49, 7000] loss: 1.439
[49, 8000] loss: 1.462
[49, 9000] loss: 1.452
[49, 10000] loss: 1.426
[49, 11000] loss: 1.452
[49, 12000] loss: 1.455
[49, 13000] loss: 1.449
[49, 14000] loss: 1.443
[49, 15000] loss: 1.437
[49, 16000] loss: 1.446
[49, 17000] loss: 1.460
[49, 18000] loss: 1.434
[49, 19000] loss: 1.454
[49, 20000] loss: 1.449
[49, 21000] loss: 1.436
[49, 22000] loss: 1.460
[49, 23000] loss: 1.424
[49, 24000] loss: 1.437
[49, 25000] loss: 1.448
epoch loss: 1.444
[50, 1000] loss: 1.436
[50, 2000] loss: 1.417
[50, 3000] loss: 1.449
[50, 4000] loss: 1.451
[50, 5000] loss: 1.428
[50, 6000] loss: 1.458
[50, 7000] loss: 1.440
[50, 8000] loss: 1.454
[50, 9000] loss: 1.416
[50, 10000] loss: 1.451
[50, 11000] loss: 1.439
[50, 12000] loss: 1.448
[50, 13000] loss: 1.469
[50, 14000] loss: 1.459
[50, 15000] loss: 1.442
[50, 16000] loss: 1.441
[50, 17000] loss: 1.449
[50, 18000] loss: 1.445
[50, 19000] loss: 1.441
[50, 20000] loss: 1.443
[50, 21000] loss: 1.454
[50, 22000] loss: 1.432
[50, 23000] loss: 1.433
[50, 24000] loss: 1.465
[50, 25000] loss: 1.423
epoch loss: 1.443
[51, 1000] loss: 1.425
[51, 2000] loss: 1.435
[51, 3000] loss: 1.449
[51, 4000] loss: 1.427
[51, 5000] loss: 1.438
[51, 6000] loss: 1.448
[51, 7000] loss: 1.434
[51, 8000] loss: 1.447
[51, 9000] loss: 1.431
[51, 10000] loss: 1.457
[51, 11000] loss: 1.445
[51, 12000] loss: 1.447
[51, 13000] loss: 1.456
[51, 14000] loss: 1.426
[51, 15000] loss: 1.458
[51, 16000] loss: 1.457
[51, 17000] loss: 1.447
[51, 18000] loss: 1.435
[51, 19000] loss: 1.440
[51, 20000] loss: 1.451
[51, 21000] loss: 1.442
[51, 22000] loss: 1.448
[51, 23000] loss: 1.453
[51, 24000] loss: 1.447
[51, 25000] loss: 1.441
epoch loss: 1.443
[52, 1000] loss: 1.436
[52, 2000] loss: 1.435
[52, 3000] loss: 1.456
[52, 4000] loss: 1.448
[52, 5000] loss: 1.452
[52, 6000] loss: 1.405
[52, 7000] loss: 1.438
[52, 8000] loss: 1.456
[52, 9000] loss: 1.441
[52, 10000] loss: 1.439
[52, 11000] loss: 1.438
[52, 12000] loss: 1.435
[52, 13000] loss: 1.446
[52, 14000] loss: 1.440
[52, 15000] loss: 1.447
[52, 16000] loss: 1.449
[52, 17000] loss: 1.455
[52, 18000] loss: 1.468
[52, 19000] loss: 1.447
[52, 20000] loss: 1.447
[52, 21000] loss: 1.420
[52, 22000] loss: 1.431
[52, 23000] loss: 1.438
[52, 24000] loss: 1.426
[52, 25000] loss: 1.453
epoch loss: 1.442
[53, 1000] loss: 1.443
[53, 2000] loss: 1.457
[53, 3000] loss: 1.433
[53, 4000] loss: 1.461
[53, 5000] loss: 1.431
[53, 6000] loss: 1.453
[53, 7000] loss: 1.433
[53, 8000] loss: 1.437
[53, 9000] loss: 1.441
[53, 10000] loss: 1.432
[53, 11000] loss: 1.428
[53, 12000] loss: 1.443
[53, 13000] loss: 1.443
[53, 14000] loss: 1.437
[53, 15000] loss: 1.420
[53, 16000] loss: 1.427
[53, 17000] loss: 1.441
[53, 18000] loss: 1.458
[53, 19000] loss: 1.450
[53, 20000] loss: 1.453
[53, 21000] loss: 1.433
[53, 22000] loss: 1.455
[53, 23000] loss: 1.431
[53, 24000] loss: 1.450
[53, 25000] loss: 1.432
epoch loss: 1.441
[54, 1000] loss: 1.446
[54, 2000] loss: 1.411
[54, 3000] loss: 1.434
[54, 4000] loss: 1.427
[54, 5000] loss: 1.425
[54, 6000] loss: 1.431
[54, 7000] loss: 1.425
[54, 8000] loss: 1.456
[54, 9000] loss: 1.438
[54, 10000] loss: 1.452
[54, 11000] loss: 1.445
[54, 12000] loss: 1.447
[54, 13000] loss: 1.433
[54, 14000] loss: 1.449
[54, 15000] loss: 1.446
[54, 16000] loss: 1.437
[54, 17000] loss: 1.448
[54, 18000] loss: 1.474
[54, 19000] loss: 1.447
[54, 20000] loss: 1.463
[54, 21000] loss: 1.436
[54, 22000] loss: 1.433
[54, 23000] loss: 1.449
[54, 24000] loss: 1.439
[54, 25000] loss: 1.411
epoch loss: 1.440
[55, 1000] loss: 1.450
[55, 2000] loss: 1.427
[55, 3000] loss: 1.451
[55, 4000] loss: 1.440
[55, 5000] loss: 1.435
[55, 6000] loss: 1.445
[55, 7000] loss: 1.426
[55, 8000] loss: 1.417
[55, 9000] loss: 1.435
[55, 10000] loss: 1.436
[55, 11000] loss: 1.428
[55, 12000] loss: 1.463
[55, 13000] loss: 1.433
[55, 14000] loss: 1.440
[55, 15000] loss: 1.431
[55, 16000] loss: 1.435
[55, 17000] loss: 1.441
[55, 18000] loss: 1.438
[55, 19000] loss: 1.446
[55, 20000] loss: 1.444
[55, 21000] loss: 1.450
[55, 22000] loss: 1.452
[55, 23000] loss: 1.443
[55, 24000] loss: 1.443
[55, 25000] loss: 1.428
epoch loss: 1.439
[56, 1000] loss: 1.456
[56, 2000] loss: 1.431
[56, 3000] loss: 1.452
[56, 4000] loss: 1.450
[56, 5000] loss: 1.415
[56, 6000] loss: 1.445
[56, 7000] loss: 1.436
[56, 8000] loss: 1.437
[56, 9000] loss: 1.447
[56, 10000] loss: 1.443
[56, 11000] loss: 1.428
[56, 12000] loss: 1.421
[56, 13000] loss: 1.446
[56, 14000] loss: 1.450
[56, 15000] loss: 1.438
[56, 16000] loss: 1.449
[56, 17000] loss: 1.436
[56, 18000] loss: 1.438
[56, 19000] loss: 1.441
[56, 20000] loss: 1.436
[56, 21000] loss: 1.438
[56, 22000] loss: 1.425
[56, 23000] loss: 1.431
[56, 24000] loss: 1.434
[56, 25000] loss: 1.447
epoch loss: 1.439
[57, 1000] loss: 1.448
[57, 2000] loss: 1.427
[57, 3000] loss: 1.444
[57, 4000] loss: 1.427
[57, 5000] loss: 1.426
[57, 6000] loss: 1.422
[57, 7000] loss: 1.434
[57, 8000] loss: 1.435
[57, 9000] loss: 1.430
[57, 10000] loss: 1.431
[57, 11000] loss: 1.462
[57, 12000] loss: 1.433
[57, 13000] loss: 1.438
[57, 14000] loss: 1.452
[57, 15000] loss: 1.454
[57, 16000] loss: 1.437
[57, 17000] loss: 1.447
[57, 18000] loss: 1.460
[57, 19000] loss: 1.435
[57, 20000] loss: 1.427
[57, 21000] loss: 1.424
[57, 22000] loss: 1.424
[57, 23000] loss: 1.455
[57, 24000] loss: 1.417
[57, 25000] loss: 1.433
epoch loss: 1.437
Starting Evaluation
Evaluating Submission
