Starting Training
[-0.32307  -0.87616   0.21977   0.25268   0.22976   0.7388   -0.37954
 -0.35307  -0.84369  -1.1113   -0.30266   0.33178  -0.25113   0.30448
 -0.077491 -0.89815   0.092496 -1.1407   -0.58324   0.66869  -0.23122
 -0.95855   0.28262  -0.078848  0.75315   0.26584   0.3422   -0.33949
  0.95608   0.065641  0.45747   0.39835   0.57965   0.39267  -0.21851
  0.58795  -0.55999   0.63368  -0.043983 -0.68731  -0.37841   0.38026
  0.61641  -0.88269  -0.12346  -0.37928  -0.38318   0.23868   0.6685
 -0.43321  -0.11065   0.081723  1.1569    0.78958  -0.21223  -2.3211
 -0.67806   0.44561   0.65707   0.1045    0.46217   0.19912   0.25802
  0.057194  0.53443  -0.43133  -0.34311   0.59789  -0.58417   0.068995
  0.23944  -0.85181   0.30379  -0.34177  -0.25746  -0.031101 -0.16285
  0.45169  -0.91627   0.64521   0.73281  -0.22752   0.30226   0.044801
 -0.83741   0.55006  -0.52506  -1.7357    0.4751   -0.70487   0.056939
 -0.7132    0.089623  0.41394  -1.3363   -0.61915  -0.33089  -0.52881
  0.16483  -0.98878 ]
train
{"question":"When was the opponent Poland and the match type EC -qualifier?","table":{"cols":["Date","Location","Opponenent","Result","Match type"],"rows":[["29 March 2000","Debrecen","Poland","0-0 (draw)","friendly"],["16 August 2000","Budapest","Austria","1-1 (draw)","friendly"],["3 September 2000","Budapest","Italy","2-2 (draw)","WC -qualifier"],["15 August 2001","Budapest","Germany","2-5 (defeat)","friendly"],["1 September 2001","Tbilisi","Georgia","1-3 (defeat)","WC-qualifier"],["5 September 2001","Budapest","Romania","0-2 (defeat)","WC-qualifier"],["6 October 2001","Parma","Italy","0-0 (draw)","WC-qualifier"],["14 November 2001","Budapest","Macedonia","5-0 (win)","friendly"],["12 February 2002","Larnaca","Czech Rep.","0-2 (defeat)","friendly"],["13 February 2002","Limassol","Switzerland","1-2 (defeat)","friendly"],["8 May 2002","P\u00e9cs","Croatia","0-2 (defeat)","friendly"],["21 August 2002","Budapest","Spain","1-1 (draw)","friendly"],["7 September 2002","Reykjav\u00edk","Iceland","2-0 (win)","friendly"],["12 October 2002","Stockholm","Sweden","1-1 (draw)","EC-qualifier"],["16 October 2002","Budapest","San Marino","3-0 (win)","EC -qualifier"],["20 November 2002","Budapest","Moldova","1-1 (draw)","friendly"],["12 February 2003","Larnaca","Bulgaria","0-1 (defeat)","friendly"],["29 March 2003","Chorz\u00f3w","Poland","0-0 (draw)","EC -qualifier"],["2 April 2003","Budapest","Sweden","1-2 (defeat)","EC -qualifier"],["30 April 2003","Budapest","Luxembourg","5-1 (win)","friendly"],["19 February 2004","Limassol","Latvia","2-1 (win)","friendly"],["21 February 2004","Limassol","Romania","0-3 (defeat)","friendly"],["9 February 2011","Dubai","Azerbaijan","2-0 (win)","friendly"],["29 March 2011","Amsterdam","Netherlands","3-5 (defeat)","EC -qualifier"],["3 June 2011","Luxembourg","Luxembourg","1-0 (win)","friendly"]],"types":["text","text","text","text","text"],"caption":"National team matches","id":"bd81a069e5a45af4d60fbd4844a2b8ea"},"label_col":["Date"],"label_cell":[[17,"Date"]],"label_row":[17],"qid":"990957ea36f1a2ffec2d06a732a1e1e6"}

{"question":"What is the sum of week(s) with an attendance of 30,751?","table":{"cols":["Week","Date","Opponent","Result","Attendance"],"rows":[["1","August 6, 1973","San Francisco 49ers","L 27\u201316","65,707"],["2","August 11, 1973","at Los Angeles Rams","T 21\u201321","54,385"],["3","August 19, 1973","vs. Cincinnati Bengals at Columbus, Ohio","W 24\u20136","73,421"],["4","August 25, 1973","vs. Atlanta Falcons at Knoxville","W 20\u201317","40,831"],["5","September 1, 1973","Detroit Lions","L 16\u201313","64,088"],["6","September 8, 1973","vs. New York Giants at Akron","L 21\u201310","30,751"]],"types":["real","text","text","text","real"],"caption":"Exhibition schedule","id":"aed5562ed40eca29dc969c6387e7adc6"},"label_col":["Week"],"label_cell":[[5,"Week"]],"label_row":[5],"qid":"31c7a03b098644f77ce13b227a8dfe78"}

tensor([0.0014], device='cuda:0', grad_fn=<SelectBackward0>) tensor([0.0013], device='cuda:0', grad_fn=<SelectBackward0>) tensor([0.0013], device='cuda:0', grad_fn=<SelectBackward0>)
Epoch: 0 Loss: 0.6930957962767675
Validation Accuracy : 0.5
tensor([0.0008], device='cuda:0', grad_fn=<SelectBackward0>) tensor([0.0008], device='cuda:0', grad_fn=<SelectBackward0>) tensor([0.0008], device='cuda:0', grad_fn=<SelectBackward0>)
Epoch: 1 Loss: 0.6927733143095274
Validation Accuracy : 0.5003524422645569
tensor([0.0001], device='cuda:0', grad_fn=<SelectBackward0>) tensor([9.7313e-05], device='cuda:0', grad_fn=<SelectBackward0>) tensor([9.3238e-05], device='cuda:0', grad_fn=<SelectBackward0>)
Epoch: 2 Loss: 0.6921910268362378
Validation Accuracy : 0.500946044921875
tensor([1.4237e-05], device='cuda:0', grad_fn=<SelectBackward0>) tensor([0.0019], device='cuda:0', grad_fn=<SelectBackward0>) tensor([1.3837e-05], device='cuda:0', grad_fn=<SelectBackward0>)
Epoch: 3 Loss: 0.691344334629048
Validation Accuracy : 0.500797688961029
tensor([0.8394], device='cuda:0', grad_fn=<SelectBackward0>) tensor([3.9310e-06], device='cuda:0', grad_fn=<SelectBackward0>) tensor([3.0114e-06], device='cuda:0', grad_fn=<SelectBackward0>)
Epoch: 4 Loss: 0.6904362983280613
Validation Accuracy : 0.5010388493537903
tensor([6.2963e-07], device='cuda:0', grad_fn=<SelectBackward0>) tensor([3.5645e-07], device='cuda:0', grad_fn=<SelectBackward0>) tensor([3.2028e-07], device='cuda:0', grad_fn=<SelectBackward0>)
Epoch: 5 Loss: 0.6896386053519186
Validation Accuracy : 0.5014654994010925
tensor([0.0024], device='cuda:0', grad_fn=<SelectBackward0>) tensor([2.0681e-07], device='cuda:0', grad_fn=<SelectBackward0>) tensor([1.6898e-06], device='cuda:0', grad_fn=<SelectBackward0>)
Epoch: 6 Loss: 0.6881481452051558
Validation Accuracy : 0.5444461107254028
tensor([1.6531e-06], device='cuda:0', grad_fn=<SelectBackward0>) tensor([2.4820e-06], device='cuda:0', grad_fn=<SelectBackward0>) tensor([7.0981e-07], device='cuda:0', grad_fn=<SelectBackward0>)
Epoch: 7 Loss: 0.6739951077799191
Validation Accuracy : 0.5577279925346375
tensor([9.0841e-07], device='cuda:0', grad_fn=<SelectBackward0>) tensor([0.9983], device='cuda:0', grad_fn=<SelectBackward0>) tensor([1.1633e-05], device='cuda:0', grad_fn=<SelectBackward0>)
Epoch: 8 Loss: 0.6672064463768783
Validation Accuracy : 0.5751094818115234
tensor([9.6803e-08], device='cuda:0', grad_fn=<SelectBackward0>) tensor([3.0709e-06], device='cuda:0', grad_fn=<SelectBackward0>) tensor([9.6803e-08], device='cuda:0', grad_fn=<SelectBackward0>)
Epoch: 9 Loss: 0.6604596416570204
Validation Accuracy : 0.5809713006019592
tensor([0.5649], device='cuda:0', grad_fn=<SelectBackward0>) tensor([1.9683e-05], device='cuda:0', grad_fn=<SelectBackward0>) tensor([4.8224e-06], device='cuda:0', grad_fn=<SelectBackward0>)
Epoch: 10 Loss: 0.6575786843754535
Validation Accuracy : 0.58588707447052
tensor([2.5727e-05], device='cuda:0', grad_fn=<SelectBackward0>) tensor([3.5865e-06], device='cuda:0', grad_fn=<SelectBackward0>) tensor([0.4467], device='cuda:0', grad_fn=<SelectBackward0>)
Epoch: 11 Loss: 0.6511012129980428
Validation Accuracy : 0.6294427514076233
tensor([1.5209e-05], device='cuda:0', grad_fn=<SelectBackward0>) tensor([4.7422e-07], device='cuda:0', grad_fn=<SelectBackward0>) tensor([1.0000], device='cuda:0', grad_fn=<SelectBackward0>)
Epoch: 12 Loss: 0.6379747415629464
Validation Accuracy : 0.6537805199623108
tensor([8.4345e-06], device='cuda:0', grad_fn=<SelectBackward0>) tensor([5.0864e-06], device='cuda:0', grad_fn=<SelectBackward0>) tensor([0.0007], device='cuda:0', grad_fn=<SelectBackward0>)
Epoch: 13 Loss: 0.6285896378744259
Validation Accuracy : 0.6738331913948059
tensor([1.0000], device='cuda:0', grad_fn=<SelectBackward0>) tensor([2.6019e-07], device='cuda:0', grad_fn=<SelectBackward0>) tensor([0.9998], device='cuda:0', grad_fn=<SelectBackward0>)
Epoch: 14 Loss: 0.5949040775167874
Validation Accuracy : 0.8236996531486511
tensor([0.0043], device='cuda:0', grad_fn=<SelectBackward0>) tensor([1.1650e-06], device='cuda:0', grad_fn=<SelectBackward0>) tensor([0.9994], device='cuda:0', grad_fn=<SelectBackward0>)
Epoch: 15 Loss: 0.5654318459628882
Validation Accuracy : 0.8451806902885437
tensor([0.0010], device='cuda:0', grad_fn=<SelectBackward0>) tensor([1.9525e-08], device='cuda:0', grad_fn=<SelectBackward0>) tensor([1.0000], device='cuda:0', grad_fn=<SelectBackward0>)
Epoch: 16 Loss: 0.5583188631050501
Validation Accuracy : 0.8490391373634338
tensor([0.9988], device='cuda:0', grad_fn=<SelectBackward0>) tensor([0.9995], device='cuda:0', grad_fn=<SelectBackward0>) tensor([1.1810e-08], device='cuda:0', grad_fn=<SelectBackward0>)
Epoch: 17 Loss: 0.5535874092629783
Validation Accuracy : 0.8597425818443298
tensor([0.4915], device='cuda:0', grad_fn=<SelectBackward0>) tensor([1.0000], device='cuda:0', grad_fn=<SelectBackward0>) tensor([4.7799e-10], device='cuda:0', grad_fn=<SelectBackward0>)
Epoch: 18 Loss: 0.5504021004294761
Validation Accuracy : 0.8658826351165771
tensor([1.0000], device='cuda:0', grad_fn=<SelectBackward0>) tensor([0.9998], device='cuda:0', grad_fn=<SelectBackward0>) tensor([1.0330e-09], device='cuda:0', grad_fn=<SelectBackward0>)
Epoch: 19 Loss: 0.5486092736248274
Validation Accuracy : 0.8619129061698914
tensor([7.9319e-11], device='cuda:0', grad_fn=<SelectBackward0>) tensor([3.0014e-09], device='cuda:0', grad_fn=<SelectBackward0>) tensor([1.0000], device='cuda:0', grad_fn=<SelectBackward0>)
Epoch: 20 Loss: 0.5454444632895531
Validation Accuracy : 0.8733583688735962
tensor([1.5304e-12], device='cuda:0', grad_fn=<SelectBackward0>) tensor([1.2448e-11], device='cuda:0', grad_fn=<SelectBackward0>) tensor([0.9999], device='cuda:0', grad_fn=<SelectBackward0>)
Epoch: 21 Loss: 0.5432313135922294
Validation Accuracy : 0.8712807297706604
tensor([1.0000], device='cuda:0', grad_fn=<SelectBackward0>) tensor([1.1140e-06], device='cuda:0', grad_fn=<SelectBackward0>) tensor([0.0005], device='cuda:0', grad_fn=<SelectBackward0>)
Epoch: 22 Loss: 0.5420649260621822
Validation Accuracy : 0.8780144453048706
tensor([1.0000], device='cuda:0', grad_fn=<SelectBackward0>) tensor([1.0320e-11], device='cuda:0', grad_fn=<SelectBackward0>) tensor([1.0000], device='cuda:0', grad_fn=<SelectBackward0>)
Epoch: 23 Loss: 0.5396453639955403
Validation Accuracy : 0.8747681379318237
tensor([1.0000], device='cuda:0', grad_fn=<SelectBackward0>) tensor([1.5653e-09], device='cuda:0', grad_fn=<SelectBackward0>) tensor([5.5211e-08], device='cuda:0', grad_fn=<SelectBackward0>)
Epoch: 24 Loss: 0.5400905923271089
Validation Accuracy : 0.8801847696304321
tensor([1.7616e-07], device='cuda:0', grad_fn=<SelectBackward0>) tensor([1.0000], device='cuda:0', grad_fn=<SelectBackward0>) tensor([1.0000], device='cuda:0', grad_fn=<SelectBackward0>)
Epoch: 25 Loss: 0.5387831110033636
Validation Accuracy : 0.8810566663742065
tensor([3.1908e-10], device='cuda:0', grad_fn=<SelectBackward0>) tensor([2.3817e-08], device='cuda:0', grad_fn=<SelectBackward0>) tensor([0.0411], device='cuda:0', grad_fn=<SelectBackward0>)
Epoch: 26 Loss: 0.5375293492988119
Validation Accuracy : 0.8843956589698792
tensor([1.4839e-05], device='cuda:0', grad_fn=<SelectBackward0>) tensor([0.0260], device='cuda:0', grad_fn=<SelectBackward0>) tensor([3.7667e-13], device='cuda:0', grad_fn=<SelectBackward0>)
Epoch: 27 Loss: 0.5369308233487312
Validation Accuracy : 0.8802775144577026
tensor([3.7982e-14], device='cuda:0', grad_fn=<SelectBackward0>) tensor([7.0213e-12], device='cuda:0', grad_fn=<SelectBackward0>) tensor([1.0000], device='cuda:0', grad_fn=<SelectBackward0>)
Epoch: 28 Loss: 0.5363483659399981
Validation Accuracy : 0.8840617537498474
tensor([1.1097e-11], device='cuda:0', grad_fn=<SelectBackward0>) tensor([1.0000], device='cuda:0', grad_fn=<SelectBackward0>) tensor([3.6360e-13], device='cuda:0', grad_fn=<SelectBackward0>)
Epoch: 29 Loss: 0.5349520153350125
Validation Accuracy : 0.8897566795349121
tensor([2.4155e-11], device='cuda:0', grad_fn=<SelectBackward0>) tensor([1.0000], device='cuda:0', grad_fn=<SelectBackward0>) tensor([1.0346e-12], device='cuda:0', grad_fn=<SelectBackward0>)
Epoch: 30 Loss: 0.5347227985057026
Validation Accuracy : 0.8874193429946899
tensor([3.7003e-14], device='cuda:0', grad_fn=<SelectBackward0>) tensor([0.0858], device='cuda:0', grad_fn=<SelectBackward0>) tensor([4.0832e-10], device='cuda:0', grad_fn=<SelectBackward0>)
Epoch: 31 Loss: 0.5343891666809794
Validation Accuracy : 0.8915188908576965
tensor([1.], device='cuda:0', grad_fn=<SelectBackward0>) tensor([1.0000], device='cuda:0', grad_fn=<SelectBackward0>) tensor([8.1682e-09], device='cuda:0', grad_fn=<SelectBackward0>)
Epoch: 32 Loss: 0.5331876419724957
Validation Accuracy : 0.8918713927268982
tensor([1.0000], device='cuda:0', grad_fn=<SelectBackward0>) tensor([1.0000], device='cuda:0', grad_fn=<SelectBackward0>) tensor([1.], device='cuda:0', grad_fn=<SelectBackward0>)
Epoch: 33 Loss: 0.5325251577503315
Validation Accuracy : 0.8914818167686462
tensor([1.7484e-11], device='cuda:0', grad_fn=<SelectBackward0>) tensor([1.6547e-10], device='cuda:0', grad_fn=<SelectBackward0>) tensor([1.], device='cuda:0', grad_fn=<SelectBackward0>)
Epoch: 34 Loss: 0.5320412833844462
Validation Accuracy : 0.8919270038604736
tensor([0.9999], device='cuda:0', grad_fn=<SelectBackward0>) tensor([1.], device='cuda:0', grad_fn=<SelectBackward0>) tensor([2.0721e-09], device='cuda:0', grad_fn=<SelectBackward0>)
Epoch: 35 Loss: 0.5312370442603299
Validation Accuracy : 0.8887920379638672
tensor([1.8196e-12], device='cuda:0', grad_fn=<SelectBackward0>) tensor([2.3055e-09], device='cuda:0', grad_fn=<SelectBackward0>) tensor([1.0000], device='cuda:0', grad_fn=<SelectBackward0>)
Epoch: 36 Loss: 0.531335276857273
Validation Accuracy : 0.8945797085762024
tensor([9.1761e-14], device='cuda:0', grad_fn=<SelectBackward0>) tensor([2.0249e-16], device='cuda:0', grad_fn=<SelectBackward0>) tensor([1.0000], device='cuda:0', grad_fn=<SelectBackward0>)
Epoch: 37 Loss: 0.5305910435075778
Validation Accuracy : 0.8888477087020874
tensor([1.0000], device='cuda:0', grad_fn=<SelectBackward0>) tensor([1.6193e-11], device='cuda:0', grad_fn=<SelectBackward0>) tensor([1.], device='cuda:0', grad_fn=<SelectBackward0>)
Epoch: 38 Loss: 0.5305869985916131
Validation Accuracy : 0.8896268010139465
tensor([1.0000], device='cuda:0', grad_fn=<SelectBackward0>) tensor([1.], device='cuda:0', grad_fn=<SelectBackward0>) tensor([1.3777e-10], device='cuda:0', grad_fn=<SelectBackward0>)
Epoch: 39 Loss: 0.5304969149222862
Validation Accuracy : 0.8923165798187256
tensor([1.8777e-13], device='cuda:0', grad_fn=<SelectBackward0>) tensor([1.0000], device='cuda:0', grad_fn=<SelectBackward0>) tensor([2.7517e-13], device='cuda:0', grad_fn=<SelectBackward0>)
Epoch: 40 Loss: 0.5296554142853115
Validation Accuracy : 0.8952474594116211
tensor([1.], device='cuda:0', grad_fn=<SelectBackward0>) tensor([4.3086e-10], device='cuda:0', grad_fn=<SelectBackward0>) tensor([8.8133e-12], device='cuda:0', grad_fn=<SelectBackward0>)
Epoch: 41 Loss: 0.529792967257735
Validation Accuracy : 0.8860280513763428
tensor([3.5049e-13], device='cuda:0', grad_fn=<SelectBackward0>) tensor([0.9997], device='cuda:0', grad_fn=<SelectBackward0>) tensor([1.8413e-11], device='cuda:0', grad_fn=<SelectBackward0>)
Epoch: 42 Loss: 0.5296626992141952
Validation Accuracy : 0.8976590037345886
tensor([1.0000], device='cuda:0', grad_fn=<SelectBackward0>) tensor([0.3253], device='cuda:0', grad_fn=<SelectBackward0>) tensor([1.], device='cuda:0', grad_fn=<SelectBackward0>)
Epoch: 43 Loss: 0.5295755298246243
Validation Accuracy : 0.894505500793457
tensor([1.0000], device='cuda:0', grad_fn=<SelectBackward0>) tensor([1.], device='cuda:0', grad_fn=<SelectBackward0>) tensor([0.9997], device='cuda:0', grad_fn=<SelectBackward0>)
Epoch: 44 Loss: 0.5284324831398207
Validation Accuracy : 0.8971396088600159
tensor([1.4544e-14], device='cuda:0', grad_fn=<SelectBackward0>) tensor([6.4877e-15], device='cuda:0', grad_fn=<SelectBackward0>) tensor([0.9933], device='cuda:0', grad_fn=<SelectBackward0>)
Epoch: 45 Loss: 0.5283133110183466
Validation Accuracy : 0.8915188908576965
tensor([1.0000], device='cuda:0', grad_fn=<SelectBackward0>) tensor([5.4765e-11], device='cuda:0', grad_fn=<SelectBackward0>) tensor([1.5076e-10], device='cuda:0', grad_fn=<SelectBackward0>)
Epoch: 46 Loss: 0.5286872435424766
Validation Accuracy : 0.8926319479942322
tensor([1.], device='cuda:0', grad_fn=<SelectBackward0>) tensor([3.9422e-11], device='cuda:0', grad_fn=<SelectBackward0>) tensor([1.], device='cuda:0', grad_fn=<SelectBackward0>)
Epoch: 47 Loss: 0.5286482642678654
Validation Accuracy : 0.8943570852279663
tensor([1.], device='cuda:0', grad_fn=<SelectBackward0>) tensor([1.], device='cuda:0', grad_fn=<SelectBackward0>) tensor([2.5086e-16], device='cuda:0', grad_fn=<SelectBackward0>)
Epoch: 48 Loss: 0.5280047206091474
Validation Accuracy : 0.8980114459991455
tensor([7.4980e-10], device='cuda:0', grad_fn=<SelectBackward0>) tensor([1.], device='cuda:0', grad_fn=<SelectBackward0>) tensor([0.9988], device='cuda:0', grad_fn=<SelectBackward0>)
Epoch: 49 Loss: 0.5275415006240359
Validation Accuracy : 0.8968242406845093
tensor([1.0000], device='cuda:0', grad_fn=<SelectBackward0>) tensor([1.0932e-06], device='cuda:0', grad_fn=<SelectBackward0>) tensor([4.5820e-11], device='cuda:0', grad_fn=<SelectBackward0>)
Epoch: 50 Loss: 0.5282012620336417
Validation Accuracy : 0.8927246928215027
tensor([1.], device='cuda:0', grad_fn=<SelectBackward0>) tensor([7.7820e-13], device='cuda:0', grad_fn=<SelectBackward0>) tensor([1.], device='cuda:0', grad_fn=<SelectBackward0>)
Epoch: 51 Loss: 0.5274127195439031
Validation Accuracy : 0.8969169855117798
tensor([2.8298e-15], device='cuda:0', grad_fn=<SelectBackward0>) tensor([0.0009], device='cuda:0', grad_fn=<SelectBackward0>) tensor([0.9851], device='cuda:0', grad_fn=<SelectBackward0>)
Epoch: 52 Loss: 0.5270550126453731
Validation Accuracy : 0.8940973877906799
tensor([1.0000], device='cuda:0', grad_fn=<SelectBackward0>) tensor([6.8787e-12], device='cuda:0', grad_fn=<SelectBackward0>) tensor([1.7280e-13], device='cuda:0', grad_fn=<SelectBackward0>)
Epoch: 53 Loss: 0.5269741837423033
Validation Accuracy : 0.8920197486877441
tensor([1.0024e-14], device='cuda:0', grad_fn=<SelectBackward0>) tensor([1.], device='cuda:0', grad_fn=<SelectBackward0>) tensor([8.6519e-07], device='cuda:0', grad_fn=<SelectBackward0>)
Epoch: 54 Loss: 0.5269107738301243
Validation Accuracy : 0.893522322177887
tensor([2.2356e-16], device='cuda:0', grad_fn=<SelectBackward0>) tensor([7.1033e-12], device='cuda:0', grad_fn=<SelectBackward0>) tensor([1.4562e-18], device='cuda:0', grad_fn=<SelectBackward0>)
Epoch: 55 Loss: 0.5271281333360998
Validation Accuracy : 0.8968427777290344
tensor([3.9911e-17], device='cuda:0', grad_fn=<SelectBackward0>) tensor([1.], device='cuda:0', grad_fn=<SelectBackward0>) tensor([4.8996e-17], device='cuda:0', grad_fn=<SelectBackward0>)
Epoch: 56 Loss: 0.5264543660366784
Validation Accuracy : 0.8932626247406006
tensor([1.0000], device='cuda:0', grad_fn=<SelectBackward0>) tensor([1.4546e-14], device='cuda:0', grad_fn=<SelectBackward0>) tensor([1.0000], device='cuda:0', grad_fn=<SelectBackward0>)
Epoch: 57 Loss: 0.5264017325481383
Validation Accuracy : 0.8982526063919067
tensor([5.7321e-17], device='cuda:0', grad_fn=<SelectBackward0>) tensor([5.1161e-14], device='cuda:0', grad_fn=<SelectBackward0>) tensor([1.0000], device='cuda:0', grad_fn=<SelectBackward0>)
Epoch: 58 Loss: 0.5260297351532688
Validation Accuracy : 0.8999963402748108
tensor([1.6895e-14], device='cuda:0', grad_fn=<SelectBackward0>) tensor([7.7470e-17], device='cuda:0', grad_fn=<SelectBackward0>) tensor([9.1080e-20], device='cuda:0', grad_fn=<SelectBackward0>)
Epoch: 59 Loss: 0.5258182878314431
Validation Accuracy : 0.8999963402748108
tensor([1.], device='cuda:0', grad_fn=<SelectBackward0>) tensor([1.0000], device='cuda:0', grad_fn=<SelectBackward0>) tensor([1.0000], device='cuda:0', grad_fn=<SelectBackward0>)
Epoch: 60 Loss: 0.5260186712107351
Validation Accuracy : 0.8983638882637024
tensor([1.0000], device='cuda:0', grad_fn=<SelectBackward0>) tensor([7.0043e-13], device='cuda:0', grad_fn=<SelectBackward0>) tensor([1.0000], device='cuda:0', grad_fn=<SelectBackward0>)
Epoch: 61 Loss: 0.5261099647864897
Validation Accuracy : 0.897918701171875
tensor([4.2564e-14], device='cuda:0', grad_fn=<SelectBackward0>) tensor([7.9966e-16], device='cuda:0', grad_fn=<SelectBackward0>) tensor([1.9606e-12], device='cuda:0', grad_fn=<SelectBackward0>)
Epoch: 62 Loss: 0.5255858941424277
Validation Accuracy : 0.8966202139854431
tensor([1.0000], device='cuda:0', grad_fn=<SelectBackward0>) tensor([7.5415e-15], device='cuda:0', grad_fn=<SelectBackward0>) tensor([1.], device='cuda:0', grad_fn=<SelectBackward0>)
Epoch: 63 Loss: 0.5257801056699916
Validation Accuracy : 0.8971766829490662
tensor([2.1498e-19], device='cuda:0', grad_fn=<SelectBackward0>) tensor([1.], device='cuda:0', grad_fn=<SelectBackward0>) tensor([1.8778e-16], device='cuda:0', grad_fn=<SelectBackward0>)
Epoch: 64 Loss: 0.5255277546182755
Validation Accuracy : 0.8938005566596985
tensor([1.0073e-18], device='cuda:0', grad_fn=<SelectBackward0>) tensor([0.0017], device='cuda:0', grad_fn=<SelectBackward0>) tensor([1.0000], device='cuda:0', grad_fn=<SelectBackward0>)
Epoch: 65 Loss: 0.5253100441008863
Validation Accuracy : 0.8974178433418274
tensor([3.8378e-08], device='cuda:0', grad_fn=<SelectBackward0>) tensor([4.0729e-16], device='cuda:0', grad_fn=<SelectBackward0>) tensor([1.1415e-19], device='cuda:0', grad_fn=<SelectBackward0>)
Epoch: 66 Loss: 0.5246963239570044
Validation Accuracy : 0.8973065614700317
tensor([0.9898], device='cuda:0', grad_fn=<SelectBackward0>) tensor([3.6393e-08], device='cuda:0', grad_fn=<SelectBackward0>) tensor([2.6916e-20], device='cuda:0', grad_fn=<SelectBackward0>)
Epoch: 67 Loss: 0.5250152442639647
Validation Accuracy : 0.8958596587181091
tensor([0.9998], device='cuda:0', grad_fn=<SelectBackward0>) tensor([7.3334e-11], device='cuda:0', grad_fn=<SelectBackward0>) tensor([1.3271e-18], device='cuda:0', grad_fn=<SelectBackward0>)
Epoch: 68 Loss: 0.5245160885452094
Validation Accuracy : 0.8999406695365906
tensor([1.0000], device='cuda:0', grad_fn=<SelectBackward0>) tensor([1.8901e-19], device='cuda:0', grad_fn=<SelectBackward0>) tensor([5.5486e-19], device='cuda:0', grad_fn=<SelectBackward0>)
Epoch: 69 Loss: 0.5249316500503379
Validation Accuracy : 0.8988462090492249
tensor([2.9583e-19], device='cuda:0', grad_fn=<SelectBackward0>) tensor([2.2079e-18], device='cuda:0', grad_fn=<SelectBackward0>) tensor([1.], device='cuda:0', grad_fn=<SelectBackward0>)
Epoch: 70 Loss: 0.524919503652959
Validation Accuracy : 0.896212100982666
tensor([8.8629e-16], device='cuda:0', grad_fn=<SelectBackward0>) tensor([2.2223e-18], device='cuda:0', grad_fn=<SelectBackward0>) tensor([1.], device='cuda:0', grad_fn=<SelectBackward0>)
Epoch: 71 Loss: 0.5248146459629911
Validation Accuracy : 0.8944869041442871
tensor([1.], device='cuda:0', grad_fn=<SelectBackward0>) tensor([1.], device='cuda:0', grad_fn=<SelectBackward0>) tensor([7.3588e-17], device='cuda:0', grad_fn=<SelectBackward0>)
Epoch: 72 Loss: 0.5246924796270691
Validation Accuracy : 0.8981227874755859
tensor([8.8111e-13], device='cuda:0', grad_fn=<SelectBackward0>) tensor([3.1745e-21], device='cuda:0', grad_fn=<SelectBackward0>) tensor([1.0000], device='cuda:0', grad_fn=<SelectBackward0>)
Epoch: 73 Loss: 0.5245031734373583
Validation Accuracy : 0.8989760875701904
tensor([1.], device='cuda:0', grad_fn=<SelectBackward0>) tensor([1.3103e-12], device='cuda:0', grad_fn=<SelectBackward0>) tensor([1.7319e-15], device='cuda:0', grad_fn=<SelectBackward0>)
Epoch: 74 Loss: 0.524552078355648
Validation Accuracy : 0.8982340693473816
LSTM Checkpoint 1 saved
Starting Evaluation
[-0.32307  -0.87616   0.21977   0.25268   0.22976   0.7388   -0.37954
 -0.35307  -0.84369  -1.1113   -0.30266   0.33178  -0.25113   0.30448
 -0.077491 -0.89815   0.092496 -1.1407   -0.58324   0.66869  -0.23122
 -0.95855   0.28262  -0.078848  0.75315   0.26584   0.3422   -0.33949
  0.95608   0.065641  0.45747   0.39835   0.57965   0.39267  -0.21851
  0.58795  -0.55999   0.63368  -0.043983 -0.68731  -0.37841   0.38026
  0.61641  -0.88269  -0.12346  -0.37928  -0.38318   0.23868   0.6685
 -0.43321  -0.11065   0.081723  1.1569    0.78958  -0.21223  -2.3211
 -0.67806   0.44561   0.65707   0.1045    0.46217   0.19912   0.25802
  0.057194  0.53443  -0.43133  -0.34311   0.59789  -0.58417   0.068995
  0.23944  -0.85181   0.30379  -0.34177  -0.25746  -0.031101 -0.16285
  0.45169  -0.91627   0.64521   0.73281  -0.22752   0.30226   0.044801
 -0.83741   0.55006  -0.52506  -1.7357    0.4751   -0.70487   0.056939
 -0.7132    0.089623  0.41394  -1.3363   -0.61915  -0.33089  -0.52881
  0.16483  -0.98878 ]
test
{'question': 'What was the score of the game when the Blue Jays were 55-39?', 'table': {'cols': ['Date', 'Opponent', 'Score', 'Loss', 'Attendance', 'Record'], 'rows': [['July 1', 'Mariners', '4 - 3', 'Jackson (4-3)', '50,270', '44-33'], ['July 2', 'Twins', '4 - 3', 'Leach (0-1)', '48,676', '45-33'], ['July 3', 'Twins', '4 - 0', 'Anderson (4-7)', '50,071', '46-33'], ['July 4', 'Twins', '1 - 0', 'Key (10-4)', '50,293', '46-34'], ['July 5', '@ Mariners', '2 - 1', 'Holman (7-9)', '21,647', '47-34'], ['July 6', '@ Mariners', '4 - 3 (10)', 'Swan (3-2)', '48,750', '48-34'], ['July 7', '@ Mariners', '5 - 2', 'Hanson (4-4)', '27,812', '49-34'], ['July 11', 'Rangers', '2 - 0', 'Brown (7-7)', '50,276', '50-34'], ['July 12', 'Rangers', '6 - 2', 'Guzmán (4-4)', '50,279', '51-34'], ['July 13', 'Rangers', '3 - 2', 'Russell (3-2)', '50,270', '52-34'], ['July 14', 'Rangers', '8 - 6', 'Key (10-5)', '50,294', '52-35'], ['July 15', '@ Royals', '5 - 3 (12)', 'Crawford (2-1)', '29,723', '53-35'], ['July 16', '@ Royals', '2 - 1 (10)', 'Candiotti (9-8)', '22,134', '53-36'], ['July 18', '@ Rangers', '4 - 0', 'Ryan (5-5)', '37,268', '54-36'], ['July 19', '@ Rangers', '7 - 2', 'Barfield (4-4)', '35,144', '55-36'], ['July 20', '@ Rangers', '11 - 6', 'Key (10-6)', '39,276', '55-37'], ['July 21', '@ Rangers', '6 - 5', 'Timlin (9-5)', '31,803', '55-38'], ['July 23', '@ White Sox', '3 - 2', 'Candiotti (9-9)', '34,779', '55-39'], ['July 24', '@ White Sox', '2 - 1', 'McDowell (12-5)', '39,599', '56-39'], ['July 25', '@ White Sox', '7 - 1', 'Stottlemyre (10-4)', '42,796', '56-40'], ['July 26', 'Royals', '6 - 5 (11)', 'Gordon (5-9)', '50,326', '57-40'], ['July 27', 'Royals', '5 - 2 (10)', 'Timlin (9-6)', '50,291', '57-41'], ['July 28', 'Royals', '10 - 4', 'Candiotti (9-10)', '50,291', '57-42'], ['July 29', 'White Sox', '12 - 4', 'Wells (12-5)', '50,298', '57-43'], ['July 30', 'White Sox', '8 - 7', 'MacDonald (2-1)', '50,291', '57-44'], ['July 31', 'Indians', '3 - 1', 'King (4-6)', '50,276', '58-44']], 'types': ['text', 'text', 'text', 'text', 'real', 'text'], 'caption': 'Game log', 'id': 'f663955c3f173624a89a647269c6bc74'}, 'label_col': ['Score'], 'label_cell': [[17, 'Score']], 'label_row': [17], 'qid': '641ee25714d54807f2f5c9cfdb91d54c'}
LSTM Checkpoint 1 loaded
Evaluating Submission
### Evaluation Results ###
Row score: 0.709200000
Column score: 0.806200000
Cell score: 0.577000000
Aggregate score: 0.697466667
