Starting Training
Loaded glove vocab size : 400000 dimension: 200
Using device: cuda
Created Model
Setted up loss function
Starting Training
| epoch   1 |   260/  781 batches | lr 0.00100000 | ms/batch 10.86315 | loss 6.39494170 | ppl 598.80841110
| epoch   1 |   520/  781 batches | lr 0.00100000 | ms/batch 6.79635 | loss 3.62267104 | ppl 37.43743141
| epoch   1 |   780/  781 batches | lr 0.00100000 | ms/batch 6.38587 | loss 2.54781662 | ppl 12.77917152
-----------------------------------------------------------------------------------------
| end of epoch   1 | time: 16.07039s | valid loss 1.30372256 | valid acc 0.68260000 | train loss 0.06345120 | train acc 0.65176857
-----------------------------------------------------------------------------------------
Saving the best model
| epoch   2 |   260/  781 batches | lr 0.00095000 | ms/batch 6.74668 | loss 1.48138322 | ppl 4.39902631
| epoch   2 |   520/  781 batches | lr 0.00095000 | ms/batch 6.65841 | loss 1.26233785 | ppl 3.53367304
| epoch   2 |   780/  781 batches | lr 0.00095000 | ms/batch 8.64945 | loss 0.98720388 | ppl 2.68371996
-----------------------------------------------------------------------------------------
| end of epoch   2 | time: 15.53645s | valid loss 0.82966376 | valid acc 0.77780000 | train loss 0.02820430 | train acc 0.79293374
-----------------------------------------------------------------------------------------
Saving the best model
| epoch   3 |   260/  781 batches | lr 0.00090250 | ms/batch 6.10492 | loss 0.76809871 | ppl 2.15566381
| epoch   3 |   520/  781 batches | lr 0.00090250 | ms/batch 6.26931 | loss 0.70931735 | ppl 2.03260323
| epoch   3 |   780/  781 batches | lr 0.00090250 | ms/batch 7.72134 | loss 0.68604429 | ppl 1.98584454
-----------------------------------------------------------------------------------------
| end of epoch   3 | time: 15.00410s | valid loss 0.74870274 | valid acc 0.80760000 | train loss 0.01922659 | train acc 0.85531370
-----------------------------------------------------------------------------------------
Saving the best model
| epoch   4 |   260/  781 batches | lr 0.00085737 | ms/batch 6.70063 | loss 0.63738991 | ppl 1.89153735
| epoch   4 |   520/  781 batches | lr 0.00085737 | ms/batch 6.35111 | loss 0.68511589 | ppl 1.98400175
| epoch   4 |   780/  781 batches | lr 0.00085737 | ms/batch 6.40420 | loss 0.73419610 | ppl 2.08380615
-----------------------------------------------------------------------------------------
| end of epoch   4 | time: 15.00353s | valid loss 0.81305570 | valid acc 0.80900000 | train loss 0.02294528 | train acc 0.85847471
-----------------------------------------------------------------------------------------
Saving the best model
| epoch   5 |   260/  781 batches | lr 0.00081451 | ms/batch 6.54615 | loss 0.69025639 | ppl 1.99422676
| epoch   5 |   520/  781 batches | lr 0.00081451 | ms/batch 5.73306 | loss 0.69223987 | ppl 1.99818620
| epoch   5 |   780/  781 batches | lr 0.00081451 | ms/batch 5.77874 | loss 0.67215487 | ppl 1.95845298
-----------------------------------------------------------------------------------------
| end of epoch   5 | time: 19.22605s | valid loss 0.77854477 | valid acc 0.82180000 | train loss 0.02081982 | train acc 0.87395967
-----------------------------------------------------------------------------------------
Saving the best model
| epoch   6 |   260/  781 batches | lr 0.00077378 | ms/batch 6.15936 | loss 0.52759855 | ppl 1.69485730
| epoch   6 |   520/  781 batches | lr 0.00077378 | ms/batch 6.15565 | loss 0.54132397 | ppl 1.71828030
| epoch   6 |   780/  781 batches | lr 0.00077378 | ms/batch 6.96282 | loss 0.50881031 | ppl 1.66331119
-----------------------------------------------------------------------------------------
| end of epoch   6 | time: 19.79599s | valid loss 0.63947604 | valid acc 0.84460000 | train loss 0.01419058 | train acc 0.89508643
-----------------------------------------------------------------------------------------
Saving the best model
| epoch   7 |   260/  781 batches | lr 0.00073509 | ms/batch 6.11844 | loss 0.47153901 | ppl 1.60245849
| epoch   7 |   520/  781 batches | lr 0.00073509 | ms/batch 6.30442 | loss 0.47495724 | ppl 1.60794544
| epoch   7 |   780/  781 batches | lr 0.00073509 | ms/batch 6.27541 | loss 0.49631333 | ppl 1.64265417
-----------------------------------------------------------------------------------------
| end of epoch   7 | time: 19.55403s | valid loss 0.68889298 | valid acc 0.84740000 | train loss 0.01516552 | train acc 0.90496959
-----------------------------------------------------------------------------------------
Saving the best model
| epoch   8 |   260/  781 batches | lr 0.00069834 | ms/batch 6.51468 | loss 0.43617969 | ppl 1.54678672
| epoch   8 |   520/  781 batches | lr 0.00069834 | ms/batch 6.47402 | loss 0.42845027 | ppl 1.53487703
| epoch   8 |   780/  781 batches | lr 0.00069834 | ms/batch 6.36992 | loss 0.43140330 | ppl 1.53941627
-----------------------------------------------------------------------------------------
| end of epoch   8 | time: 19.69724s | valid loss 0.66884426 | valid acc 0.85500000 | train loss 0.01126529 | train acc 0.92665653
-----------------------------------------------------------------------------------------
Saving the best model
| epoch   9 |   260/  781 batches | lr 0.00066342 | ms/batch 6.83366 | loss 0.35263805 | ppl 1.42281607
| epoch   9 |   520/  781 batches | lr 0.00066342 | ms/batch 6.57512 | loss 0.35741481 | ppl 1.42962877
| epoch   9 |   780/  781 batches | lr 0.00066342 | ms/batch 6.64207 | loss 0.37344865 | ppl 1.45273596
-----------------------------------------------------------------------------------------
| end of epoch   9 | time: 19.99674s | valid loss 0.67390175 | valid acc 0.86940000 | train loss 0.01270250 | train acc 0.92149488
-----------------------------------------------------------------------------------------
Saving the best model
| epoch  10 |   260/  781 batches | lr 0.00063025 | ms/batch 6.58107 | loss 0.38024846 | ppl 1.46264796
| epoch  10 |   520/  781 batches | lr 0.00063025 | ms/batch 6.14386 | loss 0.31952021 | ppl 1.37646718
| epoch  10 |   780/  781 batches | lr 0.00063025 | ms/batch 6.47642 | loss 0.35859577 | ppl 1.43131810
-----------------------------------------------------------------------------------------
| end of epoch  10 | time: 19.74873s | valid loss 0.72978184 | valid acc 0.85020000 | train loss 0.00860452 | train acc 0.93681978
-----------------------------------------------------------------------------------------
| epoch  11 |   260/  781 batches | lr 0.00059874 | ms/batch 6.64683 | loss 0.27122409 | ppl 1.31156895
| epoch  11 |   520/  781 batches | lr 0.00059874 | ms/batch 6.62787 | loss 0.26287980 | ppl 1.30067037
| epoch  11 |   780/  781 batches | lr 0.00059874 | ms/batch 6.21437 | loss 0.25997824 | ppl 1.29690186
-----------------------------------------------------------------------------------------
| end of epoch  11 | time: 19.90321s | valid loss 0.63825929 | valid acc 0.86480000 | train loss 0.00649447 | train acc 0.95170455
-----------------------------------------------------------------------------------------
| epoch  12 |   260/  781 batches | lr 0.00056880 | ms/batch 6.60845 | loss 0.20801796 | ppl 1.23123528
| epoch  12 |   520/  781 batches | lr 0.00056880 | ms/batch 6.23194 | loss 0.23389042 | ppl 1.26350603
| epoch  12 |   780/  781 batches | lr 0.00056880 | ms/batch 6.24219 | loss 0.22493031 | ppl 1.25223544
-----------------------------------------------------------------------------------------
| end of epoch  12 | time: 20.29396s | valid loss 0.68260084 | valid acc 0.86760000 | train loss 0.00726582 | train acc 0.94970391
-----------------------------------------------------------------------------------------
| epoch  13 |   260/  781 batches | lr 0.00054036 | ms/batch 7.01244 | loss 0.23131455 | ppl 1.26025559
| epoch  13 |   520/  781 batches | lr 0.00054036 | ms/batch 6.55241 | loss 0.24257452 | ppl 1.27452622
| epoch  13 |   780/  781 batches | lr 0.00054036 | ms/batch 6.54652 | loss 0.26312901 | ppl 1.30099456
-----------------------------------------------------------------------------------------
| end of epoch  13 | time: 20.05819s | valid loss 0.69990779 | valid acc 0.86840000 | train loss 0.00714037 | train acc 0.95386524
-----------------------------------------------------------------------------------------
| epoch  14 |   260/  781 batches | lr 0.00051334 | ms/batch 6.54408 | loss 0.22018704 | ppl 1.24630982
| epoch  14 |   520/  781 batches | lr 0.00051334 | ms/batch 6.24257 | loss 0.20083105 | ppl 1.22241823
| epoch  14 |   780/  781 batches | lr 0.00051334 | ms/batch 6.95314 | loss 0.17557534 | ppl 1.19193179
-----------------------------------------------------------------------------------------
| end of epoch  14 | time: 20.31270s | valid loss 0.68570470 | valid acc 0.87680000 | train loss 0.00660719 | train acc 0.95598592
-----------------------------------------------------------------------------------------
Saving the best model
| epoch  15 |   260/  781 batches | lr 0.00048767 | ms/batch 6.57245 | loss 0.17461092 | ppl 1.19078282
| epoch  15 |   520/  781 batches | lr 0.00048767 | ms/batch 6.05563 | loss 0.19229557 | ppl 1.21202870
| epoch  15 |   780/  781 batches | lr 0.00048767 | ms/batch 6.74781 | loss 0.19048550 | ppl 1.20983683
-----------------------------------------------------------------------------------------
| end of epoch  15 | time: 19.98028s | valid loss 0.66037764 | valid acc 0.87320000 | train loss 0.00481161 | train acc 0.96490877
-----------------------------------------------------------------------------------------
| epoch  16 |   260/  781 batches | lr 0.00046329 | ms/batch 6.83140 | loss 0.16893304 | ppl 1.18404085
| epoch  16 |   520/  781 batches | lr 0.00046329 | ms/batch 6.10792 | loss 0.15324432 | ppl 1.16560973
| epoch  16 |   780/  781 batches | lr 0.00046329 | ms/batch 6.07701 | loss 0.15262018 | ppl 1.16488245
-----------------------------------------------------------------------------------------
| end of epoch  16 | time: 19.89530s | valid loss 0.75306083 | valid acc 0.86420000 | train loss 0.00394674 | train acc 0.96842990
-----------------------------------------------------------------------------------------
| epoch  17 |   260/  781 batches | lr 0.00044013 | ms/batch 6.77495 | loss 0.12568056 | ppl 1.13391989
| epoch  17 |   520/  781 batches | lr 0.00044013 | ms/batch 6.05116 | loss 0.15293691 | ppl 1.16525147
| epoch  17 |   780/  781 batches | lr 0.00044013 | ms/batch 5.92826 | loss 0.12329788 | ppl 1.13122133
-----------------------------------------------------------------------------------------
| end of epoch  17 | time: 20.23519s | valid loss 0.69251864 | valid acc 0.87100000 | train loss 0.00366788 | train acc 0.97395166
-----------------------------------------------------------------------------------------
| epoch  18 |   260/  781 batches | lr 0.00041812 | ms/batch 6.85853 | loss 0.14914030 | ppl 1.16083584
| epoch  18 |   520/  781 batches | lr 0.00041812 | ms/batch 6.03987 | loss 0.12166425 | ppl 1.12937485
| epoch  18 |   780/  781 batches | lr 0.00041812 | ms/batch 7.29610 | loss 0.14429782 | ppl 1.15522811
-----------------------------------------------------------------------------------------
| end of epoch  18 | time: 20.23995s | valid loss 0.71699937 | valid acc 0.87060000 | train loss 0.00287074 | train acc 0.97827305
-----------------------------------------------------------------------------------------
| epoch  19 |   260/  781 batches | lr 0.00039721 | ms/batch 6.95795 | loss 0.09800481 | ppl 1.10296809
| epoch  19 |   520/  781 batches | lr 0.00039721 | ms/batch 6.00657 | loss 0.08116038 | ppl 1.08454483
| epoch  19 |   780/  781 batches | lr 0.00039721 | ms/batch 7.17806 | loss 0.07058905 | ppl 1.07314012
-----------------------------------------------------------------------------------------
| end of epoch  19 | time: 20.02165s | valid loss 0.71221853 | valid acc 0.87360000 | train loss 0.00226171 | train acc 0.98283451
-----------------------------------------------------------------------------------------
| epoch  20 |   260/  781 batches | lr 0.00037735 | ms/batch 6.29168 | loss 0.07179196 | ppl 1.07443180
| epoch  20 |   520/  781 batches | lr 0.00037735 | ms/batch 6.36883 | loss 0.10900368 | ppl 1.11516645
| epoch  20 |   780/  781 batches | lr 0.00037735 | ms/batch 7.16335 | loss 0.09236830 | ppl 1.09676868
-----------------------------------------------------------------------------------------
| end of epoch  20 | time: 20.44271s | valid loss 0.72885831 | valid acc 0.88160000 | train loss 0.00263702 | train acc 0.97951344
-----------------------------------------------------------------------------------------
Saving the best model
| epoch  21 |   260/  781 batches | lr 0.00035849 | ms/batch 6.06451 | loss 0.09582261 | ppl 1.10056382
| epoch  21 |   520/  781 batches | lr 0.00035849 | ms/batch 5.80200 | loss 0.07945465 | ppl 1.08269646
| epoch  21 |   780/  781 batches | lr 0.00035849 | ms/batch 6.76199 | loss 0.07906141 | ppl 1.08227078
-----------------------------------------------------------------------------------------
| end of epoch  21 | time: 19.68878s | valid loss 0.73603549 | valid acc 0.87480000 | train loss 0.00234576 | train acc 0.98167414
-----------------------------------------------------------------------------------------
| epoch  22 |   260/  781 batches | lr 0.00034056 | ms/batch 6.28854 | loss 0.08745955 | ppl 1.09139812
| epoch  22 |   520/  781 batches | lr 0.00034056 | ms/batch 5.94252 | loss 0.08594057 | ppl 1.08974156
| epoch  22 |   780/  781 batches | lr 0.00034056 | ms/batch 5.95158 | loss 0.08629926 | ppl 1.09013251
-----------------------------------------------------------------------------------------
| end of epoch  22 | time: 19.58513s | valid loss 0.79259730 | valid acc 0.87440000 | train loss 0.00204962 | train acc 0.98447503
-----------------------------------------------------------------------------------------
| epoch  23 |   260/  781 batches | lr 0.00032353 | ms/batch 6.78249 | loss 0.05474400 | ppl 1.05627017
| epoch  23 |   520/  781 batches | lr 0.00032353 | ms/batch 5.92901 | loss 0.06685248 | ppl 1.06913774
| epoch  23 |   780/  781 batches | lr 0.00032353 | ms/batch 7.36700 | loss 0.07045647 | ppl 1.07299786
-----------------------------------------------------------------------------------------
| end of epoch  23 | time: 20.58525s | valid loss 0.83979371 | valid acc 0.87940000 | train loss 0.00253605 | train acc 0.98387484
-----------------------------------------------------------------------------------------
| epoch  24 |   260/  781 batches | lr 0.00030736 | ms/batch 7.61404 | loss 0.07012052 | ppl 1.07263745
| epoch  24 |   520/  781 batches | lr 0.00030736 | ms/batch 6.03525 | loss 0.06055519 | ppl 1.06242623
| epoch  24 |   780/  781 batches | lr 0.00030736 | ms/batch 5.77823 | loss 0.06136007 | ppl 1.06328171
-----------------------------------------------------------------------------------------
| end of epoch  24 | time: 19.86390s | valid loss 0.80608117 | valid acc 0.87880000 | train loss 0.00258015 | train acc 0.98391485
-----------------------------------------------------------------------------------------
| epoch  25 |   260/  781 batches | lr 0.00029199 | ms/batch 5.86977 | loss 0.05810093 | ppl 1.05982195
| epoch  25 |   520/  781 batches | lr 0.00029199 | ms/batch 6.22948 | loss 0.06035136 | ppl 1.06220970
| epoch  25 |   780/  781 batches | lr 0.00029199 | ms/batch 5.93031 | loss 0.04698207 | ppl 1.04810322
-----------------------------------------------------------------------------------------
| end of epoch  25 | time: 19.35334s | valid loss 0.77620550 | valid acc 0.88320000 | train loss 0.00119250 | train acc 0.98999680
-----------------------------------------------------------------------------------------
Saving the best model
| epoch  26 |   260/  781 batches | lr 0.00027739 | ms/batch 6.01822 | loss 0.03823934 | ppl 1.03897987
| epoch  26 |   520/  781 batches | lr 0.00027739 | ms/batch 6.09321 | loss 0.06300232 | ppl 1.06502931
| epoch  26 |   780/  781 batches | lr 0.00027739 | ms/batch 7.52196 | loss 0.04231230 | ppl 1.04322022
-----------------------------------------------------------------------------------------
| end of epoch  26 | time: 20.50717s | valid loss 0.78647295 | valid acc 0.88420000 | train loss 0.00121988 | train acc 0.98979673
-----------------------------------------------------------------------------------------
Saving the best model
| epoch  27 |   260/  781 batches | lr 0.00026352 | ms/batch 7.03377 | loss 0.04985580 | ppl 1.05111951
| epoch  27 |   520/  781 batches | lr 0.00026352 | ms/batch 8.09760 | loss 0.04531841 | ppl 1.04636098
| epoch  27 |   780/  781 batches | lr 0.00026352 | ms/batch 10.01156 | loss 0.06274506 | ppl 1.06475536
-----------------------------------------------------------------------------------------
| end of epoch  27 | time: 21.43179s | valid loss 0.83455531 | valid acc 0.88460000 | train loss 0.00133422 | train acc 0.99031690
-----------------------------------------------------------------------------------------
Saving the best model
| epoch  28 |   260/  781 batches | lr 0.00025034 | ms/batch 6.96049 | loss 0.03972139 | ppl 1.04052083
| epoch  28 |   520/  781 batches | lr 0.00025034 | ms/batch 9.63648 | loss 0.05035278 | ppl 1.05164203
| epoch  28 |   780/  781 batches | lr 0.00025034 | ms/batch 9.85128 | loss 0.02893070 | ppl 1.02935326
-----------------------------------------------------------------------------------------
| end of epoch  28 | time: 21.62975s | valid loss 0.77172873 | valid acc 0.88400000 | train loss 0.00109817 | train acc 0.99275768
-----------------------------------------------------------------------------------------
| epoch  29 |   260/  781 batches | lr 0.00023783 | ms/batch 7.02799 | loss 0.02708976 | ppl 1.02746002
| epoch  29 |   520/  781 batches | lr 0.00023783 | ms/batch 7.93543 | loss 0.04348903 | ppl 1.04444853
| epoch  29 |   780/  781 batches | lr 0.00023783 | ms/batch 7.23625 | loss 0.03771984 | ppl 1.03844026
-----------------------------------------------------------------------------------------
| end of epoch  29 | time: 15.58124s | valid loss 0.79525218 | valid acc 0.88520000 | train loss 0.00067005 | train acc 0.99347791
-----------------------------------------------------------------------------------------
Saving the best model
| epoch  30 |   260/  781 batches | lr 0.00022594 | ms/batch 7.30888 | loss 0.02063036 | ppl 1.02084464
| epoch  30 |   520/  781 batches | lr 0.00022594 | ms/batch 6.86133 | loss 0.02437253 | ppl 1.02467197
| epoch  30 |   780/  781 batches | lr 0.00022594 | ms/batch 6.99677 | loss 0.04595343 | ppl 1.04702565
-----------------------------------------------------------------------------------------
| end of epoch  30 | time: 15.25139s | valid loss 0.79472796 | valid acc 0.88400000 | train loss 0.00126620 | train acc 0.99127721
-----------------------------------------------------------------------------------------
| epoch  31 |   260/  781 batches | lr 0.00021464 | ms/batch 6.40431 | loss 0.03316328 | ppl 1.03371931
| epoch  31 |   520/  781 batches | lr 0.00021464 | ms/batch 6.43289 | loss 0.03162609 | ppl 1.03213151
| epoch  31 |   780/  781 batches | lr 0.00021464 | ms/batch 7.32793 | loss 0.02903429 | ppl 1.02945990
-----------------------------------------------------------------------------------------
| end of epoch  31 | time: 14.85393s | valid loss 0.85260565 | valid acc 0.88720000 | train loss 0.00108570 | train acc 0.99179738
-----------------------------------------------------------------------------------------
Saving the best model
| epoch  32 |   260/  781 batches | lr 0.00020391 | ms/batch 6.66171 | loss 0.03118447 | ppl 1.03167580
| epoch  32 |   520/  781 batches | lr 0.00020391 | ms/batch 6.79777 | loss 0.03151249 | ppl 1.03201427
| epoch  32 |   780/  781 batches | lr 0.00020391 | ms/batch 6.58531 | loss 0.02029731 | ppl 1.02050470
-----------------------------------------------------------------------------------------
| end of epoch  32 | time: 14.75711s | valid loss 0.84500582 | valid acc 0.88480000 | train loss 0.00085224 | train acc 0.99331786
-----------------------------------------------------------------------------------------
| epoch  33 |   260/  781 batches | lr 0.00019371 | ms/batch 6.47327 | loss 0.01971772 | ppl 1.01991339
| epoch  33 |   520/  781 batches | lr 0.00019371 | ms/batch 6.10366 | loss 0.01635074 | ppl 1.01648515
| epoch  33 |   780/  781 batches | lr 0.00019371 | ms/batch 7.89771 | loss 0.01562594 | ppl 1.01574866
-----------------------------------------------------------------------------------------
| end of epoch  33 | time: 14.92105s | valid loss 0.80733228 | valid acc 0.89120000 | train loss 0.00054774 | train acc 0.99511844
-----------------------------------------------------------------------------------------
Saving the best model
| epoch  34 |   260/  781 batches | lr 0.00018403 | ms/batch 6.39779 | loss 0.01788944 | ppl 1.01805041
| epoch  34 |   520/  781 batches | lr 0.00018403 | ms/batch 8.45101 | loss 0.02597806 | ppl 1.02631843
| epoch  34 |   780/  781 batches | lr 0.00018403 | ms/batch 7.35011 | loss 0.02215684 | ppl 1.02240413
-----------------------------------------------------------------------------------------
| end of epoch  34 | time: 15.55047s | valid loss 0.86011799 | valid acc 0.88560000 | train loss 0.00101728 | train acc 0.99295775
-----------------------------------------------------------------------------------------
| epoch  35 |   260/  781 batches | lr 0.00017482 | ms/batch 5.97067 | loss 0.03518064 | ppl 1.03580680
| epoch  35 |   520/  781 batches | lr 0.00017482 | ms/batch 5.71819 | loss 0.01929859 | ppl 1.01948601
| epoch  35 |   780/  781 batches | lr 0.00017482 | ms/batch 6.19370 | loss 0.02096962 | ppl 1.02119103
-----------------------------------------------------------------------------------------
| end of epoch  35 | time: 14.27050s | valid loss 0.87960806 | valid acc 0.88080000 | train loss 0.00079825 | train acc 0.99375800
-----------------------------------------------------------------------------------------
| epoch  36 |   260/  781 batches | lr 0.00016608 | ms/batch 6.34446 | loss 0.02123038 | ppl 1.02145734
| epoch  36 |   520/  781 batches | lr 0.00016608 | ms/batch 7.21959 | loss 0.02371673 | ppl 1.02400021
| epoch  36 |   780/  781 batches | lr 0.00016608 | ms/batch 6.16169 | loss 0.01996832 | ppl 1.02016902
-----------------------------------------------------------------------------------------
| end of epoch  36 | time: 14.80960s | valid loss 0.83099603 | valid acc 0.88900000 | train loss 0.00044375 | train acc 0.99539853
-----------------------------------------------------------------------------------------
| epoch  37 |   260/  781 batches | lr 0.00015778 | ms/batch 5.70016 | loss 0.01418551 | ppl 1.01428660
| epoch  37 |   520/  781 batches | lr 0.00015778 | ms/batch 5.80978 | loss 0.01684461 | ppl 1.01698728
| epoch  37 |   780/  781 batches | lr 0.00015778 | ms/batch 6.79332 | loss 0.02136553 | ppl 1.02159541
-----------------------------------------------------------------------------------------
| end of epoch  37 | time: 14.51921s | valid loss 0.87407808 | valid acc 0.89080000 | train loss 0.00054220 | train acc 0.99475832
-----------------------------------------------------------------------------------------
| epoch  38 |   260/  781 batches | lr 0.00014989 | ms/batch 6.94027 | loss 0.01942025 | ppl 1.01961005
| epoch  38 |   520/  781 batches | lr 0.00014989 | ms/batch 5.85138 | loss 0.01981958 | ppl 1.02001730
| epoch  38 |   780/  781 batches | lr 0.00014989 | ms/batch 6.29676 | loss 0.01801330 | ppl 1.01817652
-----------------------------------------------------------------------------------------
| end of epoch  38 | time: 15.17184s | valid loss 0.84671704 | valid acc 0.89020000 | train loss 0.00041611 | train acc 0.99575864
-----------------------------------------------------------------------------------------
| epoch  39 |   260/  781 batches | lr 0.00014240 | ms/batch 6.22134 | loss 0.01523955 | ppl 1.01535627
| epoch  39 |   520/  781 batches | lr 0.00014240 | ms/batch 6.78445 | loss 0.01348255 | ppl 1.01357385
| epoch  39 |   780/  781 batches | lr 0.00014240 | ms/batch 7.27372 | loss 0.01051469 | ppl 1.01057016
-----------------------------------------------------------------------------------------
| end of epoch  39 | time: 15.00491s | valid loss 0.84150659 | valid acc 0.89080000 | train loss 0.00029748 | train acc 0.99663892
-----------------------------------------------------------------------------------------
| epoch  40 |   260/  781 batches | lr 0.00013528 | ms/batch 6.76884 | loss 0.01080269 | ppl 1.01086125
| epoch  40 |   520/  781 batches | lr 0.00013528 | ms/batch 7.82500 | loss 0.01745181 | ppl 1.01760498
| epoch  40 |   780/  781 batches | lr 0.00013528 | ms/batch 5.73485 | loss 0.01741095 | ppl 1.01756340
-----------------------------------------------------------------------------------------
| end of epoch  40 | time: 15.05121s | valid loss 0.87306396 | valid acc 0.89300000 | train loss 0.00092950 | train acc 0.99475832
-----------------------------------------------------------------------------------------
Saving the best model
| epoch  41 |   260/  781 batches | lr 0.00012851 | ms/batch 6.02455 | loss 0.01923260 | ppl 1.01941874
| epoch  41 |   520/  781 batches | lr 0.00012851 | ms/batch 8.08798 | loss 0.01950433 | ppl 1.01969578
| epoch  41 |   780/  781 batches | lr 0.00012851 | ms/batch 6.79336 | loss 0.01490833 | ppl 1.01502001
-----------------------------------------------------------------------------------------
| end of epoch  41 | time: 15.36989s | valid loss 0.86936918 | valid acc 0.89020000 | train loss 0.00038645 | train acc 0.99575864
-----------------------------------------------------------------------------------------
| epoch  42 |   260/  781 batches | lr 0.00012209 | ms/batch 7.20589 | loss 0.01098360 | ppl 1.01104414
| epoch  42 |   520/  781 batches | lr 0.00012209 | ms/batch 6.14805 | loss 0.01167904 | ppl 1.01174751
| epoch  42 |   780/  781 batches | lr 0.00012209 | ms/batch 6.24645 | loss 0.01373575 | ppl 1.01383051
-----------------------------------------------------------------------------------------
| end of epoch  42 | time: 20.47364s | valid loss 0.87403852 | valid acc 0.89200000 | train loss 0.00054740 | train acc 0.99535851
-----------------------------------------------------------------------------------------
| epoch  43 |   260/  781 batches | lr 0.00011598 | ms/batch 6.66094 | loss 0.01034134 | ppl 1.01039500
| epoch  43 |   520/  781 batches | lr 0.00011598 | ms/batch 6.56676 | loss 0.01053450 | ppl 1.01059018
| epoch  43 |   780/  781 batches | lr 0.00011598 | ms/batch 6.12361 | loss 0.00874675 | ppl 1.00878511
-----------------------------------------------------------------------------------------
| end of epoch  43 | time: 19.70951s | valid loss 0.88345928 | valid acc 0.89360000 | train loss 0.00028019 | train acc 0.99659891
-----------------------------------------------------------------------------------------
Saving the best model
| epoch  44 |   260/  781 batches | lr 0.00011018 | ms/batch 6.36131 | loss 0.01058704 | ppl 1.01064328
| epoch  44 |   520/  781 batches | lr 0.00011018 | ms/batch 5.94614 | loss 0.01094786 | ppl 1.01100801
| epoch  44 |   780/  781 batches | lr 0.00011018 | ms/batch 6.35362 | loss 0.01745623 | ppl 1.01760948
-----------------------------------------------------------------------------------------
| end of epoch  44 | time: 19.82835s | valid loss 0.85519782 | valid acc 0.89140000 | train loss 0.00047853 | train acc 0.99627881
-----------------------------------------------------------------------------------------
| epoch  45 |   260/  781 batches | lr 0.00010467 | ms/batch 6.29093 | loss 0.01220556 | ppl 1.01228035
| epoch  45 |   520/  781 batches | lr 0.00010467 | ms/batch 5.90417 | loss 0.01221243 | ppl 1.01228730
| epoch  45 |   780/  781 batches | lr 0.00010467 | ms/batch 6.03343 | loss 0.01043547 | ppl 1.01049011
-----------------------------------------------------------------------------------------
| end of epoch  45 | time: 19.99979s | valid loss 0.88552762 | valid acc 0.89420000 | train loss 0.00039953 | train acc 0.99603873
-----------------------------------------------------------------------------------------
Saving the best model
| epoch  46 |   260/  781 batches | lr 0.00009944 | ms/batch 6.31968 | loss 0.00870830 | ppl 1.00874633
| epoch  46 |   520/  781 batches | lr 0.00009944 | ms/batch 6.33250 | loss 0.01165583 | ppl 1.01172402
| epoch  46 |   780/  781 batches | lr 0.00009944 | ms/batch 6.52034 | loss 0.01114877 | ppl 1.01121115
-----------------------------------------------------------------------------------------
| end of epoch  46 | time: 19.75784s | valid loss 0.88844313 | valid acc 0.89400000 | train loss 0.00031437 | train acc 0.99659891
-----------------------------------------------------------------------------------------
| epoch  47 |   260/  781 batches | lr 0.00009447 | ms/batch 6.47138 | loss 0.00872443 | ppl 1.00876260
| epoch  47 |   520/  781 batches | lr 0.00009447 | ms/batch 6.50361 | loss 0.01042945 | ppl 1.01048403
| epoch  47 |   780/  781 batches | lr 0.00009447 | ms/batch 6.12766 | loss 0.01322225 | ppl 1.01331005
-----------------------------------------------------------------------------------------
| end of epoch  47 | time: 19.77955s | valid loss 0.88704191 | valid acc 0.89200000 | train loss 0.00028863 | train acc 0.99635883
-----------------------------------------------------------------------------------------
| epoch  48 |   260/  781 batches | lr 0.00008974 | ms/batch 6.40624 | loss 0.00809146 | ppl 1.00812428
| epoch  48 |   520/  781 batches | lr 0.00008974 | ms/batch 6.17654 | loss 0.00851585 | ppl 1.00855221
| epoch  48 |   780/  781 batches | lr 0.00008974 | ms/batch 6.69355 | loss 0.00669206 | ppl 1.00671450
-----------------------------------------------------------------------------------------
| end of epoch  48 | time: 20.38123s | valid loss 0.88603659 | valid acc 0.89520000 | train loss 0.00020373 | train acc 0.99707907
-----------------------------------------------------------------------------------------
Saving the best model
| epoch  49 |   260/  781 batches | lr 0.00008526 | ms/batch 6.00891 | loss 0.00737729 | ppl 1.00740457
| epoch  49 |   520/  781 batches | lr 0.00008526 | ms/batch 6.24539 | loss 0.00806376 | ppl 1.00809635
| epoch  49 |   780/  781 batches | lr 0.00008526 | ms/batch 6.05758 | loss 0.00841362 | ppl 1.00844912
-----------------------------------------------------------------------------------------
| end of epoch  49 | time: 19.53993s | valid loss 0.89027303 | valid acc 0.89380000 | train loss 0.00023019 | train acc 0.99695903
-----------------------------------------------------------------------------------------
| epoch  50 |   260/  781 batches | lr 0.00008099 | ms/batch 6.41425 | loss 0.00720591 | ppl 1.00723193
| epoch  50 |   520/  781 batches | lr 0.00008099 | ms/batch 6.29596 | loss 0.01206607 | ppl 1.01213916
| epoch  50 |   780/  781 batches | lr 0.00008099 | ms/batch 5.84004 | loss 0.01084327 | ppl 1.01090227
-----------------------------------------------------------------------------------------
| end of epoch  50 | time: 19.66757s | valid loss 0.94233295 | valid acc 0.88800000 | train loss 0.00059799 | train acc 0.99523848
-----------------------------------------------------------------------------------------
| epoch  51 |   260/  781 batches | lr 0.00007694 | ms/batch 6.54560 | loss 0.01157945 | ppl 1.01164675
| epoch  51 |   520/  781 batches | lr 0.00007694 | ms/batch 6.20033 | loss 0.01128989 | ppl 1.01135386
| epoch  51 |   780/  781 batches | lr 0.00007694 | ms/batch 6.13788 | loss 0.01618332 | ppl 1.01631498
-----------------------------------------------------------------------------------------
| end of epoch  51 | time: 20.08107s | valid loss 0.90575508 | valid acc 0.88900000 | train loss 0.00027674 | train acc 0.99667894
-----------------------------------------------------------------------------------------
| epoch  52 |   260/  781 batches | lr 0.00007310 | ms/batch 6.25520 | loss 0.01061961 | ppl 1.01067620
| epoch  52 |   520/  781 batches | lr 0.00007310 | ms/batch 5.78374 | loss 0.00860615 | ppl 1.00864329
| epoch  52 |   780/  781 batches | lr 0.00007310 | ms/batch 5.87672 | loss 0.00789318 | ppl 1.00792441
-----------------------------------------------------------------------------------------
| end of epoch  52 | time: 19.33958s | valid loss 0.87475109 | valid acc 0.89300000 | train loss 0.00020174 | train acc 0.99707907
-----------------------------------------------------------------------------------------
| epoch  53 |   260/  781 batches | lr 0.00006944 | ms/batch 6.62511 | loss 0.00700609 | ppl 1.00703069
| epoch  53 |   520/  781 batches | lr 0.00006944 | ms/batch 6.48403 | loss 0.00718740 | ppl 1.00721329
| epoch  53 |   780/  781 batches | lr 0.00006944 | ms/batch 6.65065 | loss 0.00721699 | ppl 1.00724309
-----------------------------------------------------------------------------------------
| end of epoch  53 | time: 19.82749s | valid loss 0.87703134 | valid acc 0.89220000 | train loss 0.00019560 | train acc 0.99711908
-----------------------------------------------------------------------------------------
| epoch  54 |   260/  781 batches | lr 0.00006597 | ms/batch 6.75236 | loss 0.00668756 | ppl 1.00670997
| epoch  54 |   520/  781 batches | lr 0.00006597 | ms/batch 5.93985 | loss 0.00733269 | ppl 1.00735964
| epoch  54 |   780/  781 batches | lr 0.00006597 | ms/batch 6.64611 | loss 0.00730916 | ppl 1.00733593
-----------------------------------------------------------------------------------------
| end of epoch  54 | time: 20.50562s | valid loss 0.88421645 | valid acc 0.89400000 | train loss 0.00020134 | train acc 0.99703905
-----------------------------------------------------------------------------------------
| epoch  55 |   260/  781 batches | lr 0.00006267 | ms/batch 6.75128 | loss 0.00692058 | ppl 1.00694458
| epoch  55 |   520/  781 batches | lr 0.00006267 | ms/batch 5.99406 | loss 0.00748060 | ppl 1.00750865
| epoch  55 |   780/  781 batches | lr 0.00006267 | ms/batch 6.00599 | loss 0.00757625 | ppl 1.00760502
-----------------------------------------------------------------------------------------
| end of epoch  55 | time: 19.64416s | valid loss 0.89044259 | valid acc 0.89200000 | train loss 0.00020855 | train acc 0.99703905
-----------------------------------------------------------------------------------------
| epoch  56 |   260/  781 batches | lr 0.00005954 | ms/batch 6.09318 | loss 0.00758853 | ppl 1.00761740
| epoch  56 |   520/  781 batches | lr 0.00005954 | ms/batch 6.13361 | loss 0.00796337 | ppl 1.00799516
| epoch  56 |   780/  781 batches | lr 0.00005954 | ms/batch 6.18361 | loss 0.00752703 | ppl 1.00755543
-----------------------------------------------------------------------------------------
| end of epoch  56 | time: 19.62647s | valid loss 0.88020443 | valid acc 0.89560000 | train loss 0.00019971 | train acc 0.99711908
-----------------------------------------------------------------------------------------
Saving the best model
| epoch  57 |   260/  781 batches | lr 0.00005656 | ms/batch 7.03144 | loss 0.00696333 | ppl 1.00698763
| epoch  57 |   520/  781 batches | lr 0.00005656 | ms/batch 5.73300 | loss 0.00763183 | ppl 1.00766102
| epoch  57 |   780/  781 batches | lr 0.00005656 | ms/batch 5.95615 | loss 0.00699309 | ppl 1.00701760
-----------------------------------------------------------------------------------------
| end of epoch  57 | time: 20.29371s | valid loss 0.89106785 | valid acc 0.89300000 | train loss 0.00020948 | train acc 0.99707907
-----------------------------------------------------------------------------------------
| epoch  58 |   260/  781 batches | lr 0.00005373 | ms/batch 6.70129 | loss 0.00704079 | ppl 1.00706564
| epoch  58 |   520/  781 batches | lr 0.00005373 | ms/batch 5.96884 | loss 0.00783281 | ppl 1.00786357
| epoch  58 |   780/  781 batches | lr 0.00005373 | ms/batch 6.10302 | loss 0.00612114 | ppl 1.00613991
-----------------------------------------------------------------------------------------
| end of epoch  58 | time: 19.66694s | valid loss 0.90719490 | valid acc 0.89280000 | train loss 0.00019714 | train acc 0.99707907
-----------------------------------------------------------------------------------------
| epoch  59 |   260/  781 batches | lr 0.00005105 | ms/batch 6.89602 | loss 0.00609463 | ppl 1.00611324
| epoch  59 |   520/  781 batches | lr 0.00005105 | ms/batch 5.98113 | loss 0.00872342 | ppl 1.00876158
| epoch  59 |   780/  781 batches | lr 0.00005105 | ms/batch 5.99909 | loss 0.00660611 | ppl 1.00662798
-----------------------------------------------------------------------------------------
| end of epoch  59 | time: 19.68890s | valid loss 0.89859593 | valid acc 0.89540000 | train loss 0.00024419 | train acc 0.99675896
-----------------------------------------------------------------------------------------
| epoch  60 |   260/  781 batches | lr 0.00004849 | ms/batch 6.08003 | loss 0.00638633 | ppl 1.00640677
| epoch  60 |   520/  781 batches | lr 0.00004849 | ms/batch 5.97387 | loss 0.00707810 | ppl 1.00710321
| epoch  60 |   780/  781 batches | lr 0.00004849 | ms/batch 6.01256 | loss 0.00676620 | ppl 1.00678915
-----------------------------------------------------------------------------------------
| end of epoch  60 | time: 20.20310s | valid loss 0.91334913 | valid acc 0.89420000 | train loss 0.00020604 | train acc 0.99699904
-----------------------------------------------------------------------------------------
| epoch  61 |   260/  781 batches | lr 0.00004607 | ms/batch 6.63046 | loss 0.00723919 | ppl 1.00726545
| epoch  61 |   520/  781 batches | lr 0.00004607 | ms/batch 6.16973 | loss 0.00825530 | ppl 1.00828947
| epoch  61 |   780/  781 batches | lr 0.00004607 | ms/batch 6.08388 | loss 0.00661652 | ppl 1.00663846
-----------------------------------------------------------------------------------------
| end of epoch  61 | time: 19.77667s | valid loss 0.90966235 | valid acc 0.89260000 | train loss 0.00019419 | train acc 0.99699904
-----------------------------------------------------------------------------------------
| epoch  62 |   260/  781 batches | lr 0.00004377 | ms/batch 7.33467 | loss 0.00651345 | ppl 1.00653471
| epoch  62 |   520/  781 batches | lr 0.00004377 | ms/batch 7.65428 | loss 0.00807484 | ppl 1.00810753
| epoch  62 |   780/  781 batches | lr 0.00004377 | ms/batch 6.49249 | loss 0.00626660 | ppl 1.00628628
-----------------------------------------------------------------------------------------
| end of epoch  62 | time: 20.55992s | valid loss 0.93116369 | valid acc 0.88900000 | train loss 0.00020687 | train acc 0.99703905
-----------------------------------------------------------------------------------------
| epoch  63 |   260/  781 batches | lr 0.00004158 | ms/batch 6.25304 | loss 0.00668228 | ppl 1.00670465
| epoch  63 |   520/  781 batches | lr 0.00004158 | ms/batch 5.80059 | loss 0.00797125 | ppl 1.00800310
| epoch  63 |   780/  781 batches | lr 0.00004158 | ms/batch 6.86631 | loss 0.00566087 | ppl 1.00567692
-----------------------------------------------------------------------------------------
| end of epoch  63 | time: 20.32023s | valid loss 0.92170539 | valid acc 0.89220000 | train loss 0.00018414 | train acc 0.99707907
-----------------------------------------------------------------------------------------
| epoch  64 |   260/  781 batches | lr 0.00003950 | ms/batch 6.44015 | loss 0.00614616 | ppl 1.00616509
| epoch  64 |   520/  781 batches | lr 0.00003950 | ms/batch 6.61783 | loss 0.00672164 | ppl 1.00674428
| epoch  64 |   780/  781 batches | lr 0.00003950 | ms/batch 6.00038 | loss 0.00657371 | ppl 1.00659537
-----------------------------------------------------------------------------------------
| end of epoch  64 | time: 19.91034s | valid loss 0.92633052 | valid acc 0.89180000 | train loss 0.00017998 | train acc 0.99715909
-----------------------------------------------------------------------------------------
| epoch  65 |   260/  781 batches | lr 0.00003752 | ms/batch 5.90270 | loss 0.00585669 | ppl 1.00587388
| epoch  65 |   520/  781 batches | lr 0.00003752 | ms/batch 6.68379 | loss 0.00675182 | ppl 1.00677466
| epoch  65 |   780/  781 batches | lr 0.00003752 | ms/batch 6.64917 | loss 0.00620134 | ppl 1.00622061
-----------------------------------------------------------------------------------------
| end of epoch  65 | time: 19.70987s | valid loss 0.92839087 | valid acc 0.89220000 | train loss 0.00018073 | train acc 0.99715909
-----------------------------------------------------------------------------------------
| epoch  66 |   260/  781 batches | lr 0.00003565 | ms/batch 6.29372 | loss 0.00581584 | ppl 1.00583278
| epoch  66 |   520/  781 batches | lr 0.00003565 | ms/batch 6.27522 | loss 0.00668372 | ppl 1.00670611
| epoch  66 |   780/  781 batches | lr 0.00003565 | ms/batch 6.67173 | loss 0.00562443 | ppl 1.00564028
-----------------------------------------------------------------------------------------
| end of epoch  66 | time: 20.42793s | valid loss 0.93442125 | valid acc 0.89160000 | train loss 0.00017998 | train acc 0.99715909
-----------------------------------------------------------------------------------------
| epoch  67 |   260/  781 batches | lr 0.00003387 | ms/batch 8.47435 | loss 0.00576931 | ppl 1.00578598
| epoch  67 |   520/  781 batches | lr 0.00003387 | ms/batch 9.20429 | loss 0.00707844 | ppl 1.00710355
| epoch  67 |   780/  781 batches | lr 0.00003387 | ms/batch 6.86355 | loss 0.00626222 | ppl 1.00628187
-----------------------------------------------------------------------------------------
| end of epoch  67 | time: 21.35205s | valid loss 0.93863898 | valid acc 0.89220000 | train loss 0.00017904 | train acc 0.99719910
-----------------------------------------------------------------------------------------
| epoch  68 |   260/  781 batches | lr 0.00003217 | ms/batch 9.08558 | loss 0.00601002 | ppl 1.00602811
| epoch  68 |   520/  781 batches | lr 0.00003217 | ms/batch 10.10059 | loss 0.00703008 | ppl 1.00705485
| epoch  68 |   780/  781 batches | lr 0.00003217 | ms/batch 6.46993 | loss 0.00586249 | ppl 1.00587971
-----------------------------------------------------------------------------------------
| end of epoch  68 | time: 21.64441s | valid loss 0.93304767 | valid acc 0.89360000 | train loss 0.00018334 | train acc 0.99715909
-----------------------------------------------------------------------------------------
| epoch  69 |   260/  781 batches | lr 0.00003056 | ms/batch 7.71220 | loss 0.00618479 | ppl 1.00620395
| epoch  69 |   520/  781 batches | lr 0.00003056 | ms/batch 6.84174 | loss 0.00677845 | ppl 1.00680147
| epoch  69 |   780/  781 batches | lr 0.00003056 | ms/batch 6.82226 | loss 0.00567293 | ppl 1.00568905
-----------------------------------------------------------------------------------------
| end of epoch  69 | time: 20.94610s | valid loss 0.94140018 | valid acc 0.89360000 | train loss 0.00017744 | train acc 0.99715909
-----------------------------------------------------------------------------------------
| epoch  70 |   260/  781 batches | lr 0.00002904 | ms/batch 7.03268 | loss 0.00589111 | ppl 1.00590850
| epoch  70 |   520/  781 batches | lr 0.00002904 | ms/batch 6.73883 | loss 0.00681757 | ppl 1.00684087
| epoch  70 |   780/  781 batches | lr 0.00002904 | ms/batch 8.49188 | loss 0.00570753 | ppl 1.00572385
-----------------------------------------------------------------------------------------
| end of epoch  70 | time: 20.71390s | valid loss 0.93592564 | valid acc 0.89340000 | train loss 0.00017612 | train acc 0.99719910
-----------------------------------------------------------------------------------------
| epoch  71 |   260/  781 batches | lr 0.00002758 | ms/batch 6.78530 | loss 0.00576480 | ppl 1.00578145
| epoch  71 |   520/  781 batches | lr 0.00002758 | ms/batch 6.87744 | loss 0.00690302 | ppl 1.00692690
| epoch  71 |   780/  781 batches | lr 0.00002758 | ms/batch 8.38840 | loss 0.00550643 | ppl 1.00552161
-----------------------------------------------------------------------------------------
| end of epoch  71 | time: 21.34122s | valid loss 0.93814082 | valid acc 0.89380000 | train loss 0.00017689 | train acc 0.99715909
-----------------------------------------------------------------------------------------
| epoch  72 |   260/  781 batches | lr 0.00002620 | ms/batch 6.70425 | loss 0.00594125 | ppl 1.00595893
| epoch  72 |   520/  781 batches | lr 0.00002620 | ms/batch 5.98258 | loss 0.00644608 | ppl 1.00646690
| epoch  72 |   780/  781 batches | lr 0.00002620 | ms/batch 5.61439 | loss 0.00538862 | ppl 1.00540316
-----------------------------------------------------------------------------------------
| end of epoch  72 | time: 20.07402s | valid loss 0.94515071 | valid acc 0.89420000 | train loss 0.00016894 | train acc 0.99719910
-----------------------------------------------------------------------------------------
| epoch  73 |   260/  781 batches | lr 0.00002489 | ms/batch 5.98856 | loss 0.00555089 | ppl 1.00556632
| epoch  73 |   520/  781 batches | lr 0.00002489 | ms/batch 5.63658 | loss 0.00594660 | ppl 1.00596432
| epoch  73 |   780/  781 batches | lr 0.00002489 | ms/batch 5.61718 | loss 0.00575895 | ppl 1.00577556
-----------------------------------------------------------------------------------------
| end of epoch  73 | time: 19.24536s | valid loss 0.95066511 | valid acc 0.89400000 | train loss 0.00017009 | train acc 0.99719910
-----------------------------------------------------------------------------------------
| epoch  74 |   260/  781 batches | lr 0.00002365 | ms/batch 6.89732 | loss 0.00555123 | ppl 1.00556667
| epoch  74 |   520/  781 batches | lr 0.00002365 | ms/batch 9.12337 | loss 0.00616990 | ppl 1.00618897
| epoch  74 |   780/  781 batches | lr 0.00002365 | ms/batch 8.00091 | loss 0.00530453 | ppl 1.00531862
-----------------------------------------------------------------------------------------
| end of epoch  74 | time: 21.06068s | valid loss 0.95320367 | valid acc 0.89420000 | train loss 0.00016536 | train acc 0.99719910
-----------------------------------------------------------------------------------------
| epoch  75 |   260/  781 batches | lr 0.00002247 | ms/batch 6.29167 | loss 0.00552151 | ppl 1.00553679
| epoch  75 |   520/  781 batches | lr 0.00002247 | ms/batch 6.66902 | loss 0.00586892 | ppl 1.00588617
| epoch  75 |   780/  781 batches | lr 0.00002247 | ms/batch 8.98271 | loss 0.00588333 | ppl 1.00590067
-----------------------------------------------------------------------------------------
| end of epoch  75 | time: 20.90347s | valid loss 0.95738973 | valid acc 0.89420000 | train loss 0.00016653 | train acc 0.99723912
-----------------------------------------------------------------------------------------
| epoch  76 |   260/  781 batches | lr 0.00002134 | ms/batch 7.45475 | loss 0.00550481 | ppl 1.00551999
| epoch  76 |   520/  781 batches | lr 0.00002134 | ms/batch 6.99304 | loss 0.00580224 | ppl 1.00581911
| epoch  76 |   780/  781 batches | lr 0.00002134 | ms/batch 6.35203 | loss 0.00535566 | ppl 1.00537003
-----------------------------------------------------------------------------------------
| end of epoch  76 | time: 20.20895s | valid loss 0.96075871 | valid acc 0.89400000 | train loss 0.00016627 | train acc 0.99719910
-----------------------------------------------------------------------------------------
| epoch  77 |   260/  781 batches | lr 0.00002028 | ms/batch 7.07332 | loss 0.00555928 | ppl 1.00557476
| epoch  77 |   520/  781 batches | lr 0.00002028 | ms/batch 6.84236 | loss 0.00604812 | ppl 1.00606645
| epoch  77 |   780/  781 batches | lr 0.00002028 | ms/batch 6.81748 | loss 0.00543460 | ppl 1.00544939
-----------------------------------------------------------------------------------------
| end of epoch  77 | time: 20.06455s | valid loss 0.95699123 | valid acc 0.89320000 | train loss 0.00016512 | train acc 0.99727913
-----------------------------------------------------------------------------------------
| epoch  78 |   260/  781 batches | lr 0.00001926 | ms/batch 7.13509 | loss 0.00555588 | ppl 1.00557134
| epoch  78 |   520/  781 batches | lr 0.00001926 | ms/batch 6.74949 | loss 0.00560353 | ppl 1.00561926
| epoch  78 |   780/  781 batches | lr 0.00001926 | ms/batch 7.90324 | loss 0.00539581 | ppl 1.00541040
-----------------------------------------------------------------------------------------
| end of epoch  78 | time: 20.93168s | valid loss 0.96251519 | valid acc 0.89440000 | train loss 0.00016560 | train acc 0.99719910
-----------------------------------------------------------------------------------------
| epoch  79 |   260/  781 batches | lr 0.00001830 | ms/batch 7.05745 | loss 0.00550599 | ppl 1.00552117
| epoch  79 |   520/  781 batches | lr 0.00001830 | ms/batch 6.98676 | loss 0.00580559 | ppl 1.00582248
| epoch  79 |   780/  781 batches | lr 0.00001830 | ms/batch 7.22565 | loss 0.00524195 | ppl 1.00525571
-----------------------------------------------------------------------------------------
| end of epoch  79 | time: 20.25979s | valid loss 0.96805490 | valid acc 0.89520000 | train loss 0.00016165 | train acc 0.99719910
-----------------------------------------------------------------------------------------
| epoch  80 |   260/  781 batches | lr 0.00001738 | ms/batch 7.26992 | loss 0.00550158 | ppl 1.00551674
| epoch  80 |   520/  781 batches | lr 0.00001738 | ms/batch 6.41238 | loss 0.00524192 | ppl 1.00525568
| epoch  80 |   780/  781 batches | lr 0.00001738 | ms/batch 6.61556 | loss 0.00564184 | ppl 1.00565778
-----------------------------------------------------------------------------------------
| end of epoch  80 | time: 20.06740s | valid loss 0.97001494 | valid acc 0.89500000 | train loss 0.00016247 | train acc 0.99723912
-----------------------------------------------------------------------------------------
| epoch  81 |   260/  781 batches | lr 0.00001652 | ms/batch 6.56284 | loss 0.00544370 | ppl 1.00545854
| epoch  81 |   520/  781 batches | lr 0.00001652 | ms/batch 6.06914 | loss 0.00515651 | ppl 1.00516983
| epoch  81 |   780/  781 batches | lr 0.00001652 | ms/batch 7.92823 | loss 0.00545071 | ppl 1.00546559
-----------------------------------------------------------------------------------------
| end of epoch  81 | time: 20.54709s | valid loss 0.97298428 | valid acc 0.89440000 | train loss 0.00016460 | train acc 0.99719910
-----------------------------------------------------------------------------------------
| epoch  82 |   260/  781 batches | lr 0.00001569 | ms/batch 6.24540 | loss 0.00544556 | ppl 1.00546042
| epoch  82 |   520/  781 batches | lr 0.00001569 | ms/batch 6.55933 | loss 0.00586400 | ppl 1.00588123
| epoch  82 |   780/  781 batches | lr 0.00001569 | ms/batch 6.48910 | loss 0.00535057 | ppl 1.00536491
-----------------------------------------------------------------------------------------
| end of epoch  82 | time: 19.94163s | valid loss 0.97667261 | valid acc 0.89480000 | train loss 0.00016274 | train acc 0.99719910
-----------------------------------------------------------------------------------------
| epoch  83 |   260/  781 batches | lr 0.00001491 | ms/batch 6.39379 | loss 0.00541517 | ppl 1.00542986
| epoch  83 |   520/  781 batches | lr 0.00001491 | ms/batch 5.93324 | loss 0.00558324 | ppl 1.00559886
| epoch  83 |   780/  781 batches | lr 0.00001491 | ms/batch 6.26073 | loss 0.00523668 | ppl 1.00525042
-----------------------------------------------------------------------------------------
| end of epoch  83 | time: 19.66871s | valid loss 0.98033717 | valid acc 0.89520000 | train loss 0.00015963 | train acc 0.99723912
-----------------------------------------------------------------------------------------
| epoch  84 |   260/  781 batches | lr 0.00001416 | ms/batch 7.67632 | loss 0.00540337 | ppl 1.00541800
| epoch  84 |   520/  781 batches | lr 0.00001416 | ms/batch 6.67388 | loss 0.00530366 | ppl 1.00531775
| epoch  84 |   780/  781 batches | lr 0.00001416 | ms/batch 7.02109 | loss 0.00539801 | ppl 1.00541260
-----------------------------------------------------------------------------------------
| end of epoch  84 | time: 21.01421s | valid loss 0.98523207 | valid acc 0.89540000 | train loss 0.00016020 | train acc 0.99723912
-----------------------------------------------------------------------------------------
| epoch  85 |   260/  781 batches | lr 0.00001345 | ms/batch 7.80378 | loss 0.00542311 | ppl 1.00543784
| epoch  85 |   520/  781 batches | lr 0.00001345 | ms/batch 6.98251 | loss 0.00498073 | ppl 1.00499316
| epoch  85 |   780/  781 batches | lr 0.00001345 | ms/batch 7.75427 | loss 0.00508309 | ppl 1.00509603
-----------------------------------------------------------------------------------------
| end of epoch  85 | time: 20.77172s | valid loss 0.99318300 | valid acc 0.89440000 | train loss 0.00015850 | train acc 0.99723912
-----------------------------------------------------------------------------------------
| epoch  86 |   260/  781 batches | lr 0.00001278 | ms/batch 7.46925 | loss 0.00542347 | ppl 1.00543821
| epoch  86 |   520/  781 batches | lr 0.00001278 | ms/batch 6.82092 | loss 0.00508949 | ppl 1.00510246
| epoch  86 |   780/  781 batches | lr 0.00001278 | ms/batch 5.95763 | loss 0.00529106 | ppl 1.00530509
-----------------------------------------------------------------------------------------
| end of epoch  86 | time: 20.21118s | valid loss 0.99237181 | valid acc 0.89620000 | train loss 0.00015844 | train acc 0.99727913
-----------------------------------------------------------------------------------------
Saving the best model
| epoch  87 |   260/  781 batches | lr 0.00001214 | ms/batch 6.36200 | loss 0.00541426 | ppl 1.00542894
| epoch  87 |   520/  781 batches | lr 0.00001214 | ms/batch 5.89472 | loss 0.00491832 | ppl 1.00493043
| epoch  87 |   780/  781 batches | lr 0.00001214 | ms/batch 5.94585 | loss 0.00523365 | ppl 1.00524737
-----------------------------------------------------------------------------------------
| end of epoch  87 | time: 20.06202s | valid loss 0.99723463 | valid acc 0.89600000 | train loss 0.00015889 | train acc 0.99727913
-----------------------------------------------------------------------------------------
| epoch  88 |   260/  781 batches | lr 0.00001153 | ms/batch 5.91770 | loss 0.00538861 | ppl 1.00540316
| epoch  88 |   520/  781 batches | lr 0.00001153 | ms/batch 6.44154 | loss 0.00510207 | ppl 1.00511510
| epoch  88 |   780/  781 batches | lr 0.00001153 | ms/batch 5.96348 | loss 0.00509308 | ppl 1.00510607
-----------------------------------------------------------------------------------------
| end of epoch  88 | time: 19.68472s | valid loss 1.00331387 | valid acc 0.89440000 | train loss 0.00015745 | train acc 0.99731914
-----------------------------------------------------------------------------------------
| epoch  89 |   260/  781 batches | lr 0.00001096 | ms/batch 6.21248 | loss 0.00538181 | ppl 1.00539632
| epoch  89 |   520/  781 batches | lr 0.00001096 | ms/batch 6.70697 | loss 0.00493402 | ppl 1.00494621
| epoch  89 |   780/  781 batches | lr 0.00001096 | ms/batch 7.03534 | loss 0.00516612 | ppl 1.00517949
-----------------------------------------------------------------------------------------
| end of epoch  89 | time: 20.03576s | valid loss 1.00617429 | valid acc 0.89560000 | train loss 0.00015880 | train acc 0.99723912
-----------------------------------------------------------------------------------------
| epoch  90 |   260/  781 batches | lr 0.00001041 | ms/batch 6.13846 | loss 0.00536602 | ppl 1.00538044
| epoch  90 |   520/  781 batches | lr 0.00001041 | ms/batch 6.45849 | loss 0.00512862 | ppl 1.00514180
| epoch  90 |   780/  781 batches | lr 0.00001041 | ms/batch 6.98412 | loss 0.00513477 | ppl 1.00514798
-----------------------------------------------------------------------------------------
| end of epoch  90 | time: 20.39229s | valid loss 1.00842387 | valid acc 0.89580000 | train loss 0.00015678 | train acc 0.99731914
-----------------------------------------------------------------------------------------
| epoch  91 |   260/  781 batches | lr 0.00000989 | ms/batch 6.92040 | loss 0.00538435 | ppl 1.00539887
| epoch  91 |   520/  781 batches | lr 0.00000989 | ms/batch 6.10428 | loss 0.00489264 | ppl 1.00490463
| epoch  91 |   780/  781 batches | lr 0.00000989 | ms/batch 6.60403 | loss 0.00521224 | ppl 1.00522585
-----------------------------------------------------------------------------------------
| end of epoch  91 | time: 19.82032s | valid loss 1.00863796 | valid acc 0.89620000 | train loss 0.00015753 | train acc 0.99727913
-----------------------------------------------------------------------------------------
| epoch  92 |   260/  781 batches | lr 0.00000939 | ms/batch 6.15680 | loss 0.00535783 | ppl 1.00537221
| epoch  92 |   520/  781 batches | lr 0.00000939 | ms/batch 6.07599 | loss 0.00524204 | ppl 1.00525580
| epoch  92 |   780/  781 batches | lr 0.00000939 | ms/batch 5.84398 | loss 0.00514999 | ppl 1.00516328
-----------------------------------------------------------------------------------------
| end of epoch  92 | time: 19.49392s | valid loss 1.01086034 | valid acc 0.89520000 | train loss 0.00015643 | train acc 0.99731914
-----------------------------------------------------------------------------------------
| epoch  93 |   260/  781 batches | lr 0.00000892 | ms/batch 6.18429 | loss 0.00535793 | ppl 1.00537231
| epoch  93 |   520/  781 batches | lr 0.00000892 | ms/batch 6.14687 | loss 0.00482954 | ppl 1.00484122
| epoch  93 |   780/  781 batches | lr 0.00000892 | ms/batch 5.97951 | loss 0.00504295 | ppl 1.00505569
-----------------------------------------------------------------------------------------
| end of epoch  93 | time: 19.74170s | valid loss 1.01373874 | valid acc 0.89580000 | train loss 0.00015713 | train acc 0.99727913
-----------------------------------------------------------------------------------------
| epoch  94 |   260/  781 batches | lr 0.00000848 | ms/batch 6.64785 | loss 0.00536091 | ppl 1.00537531
| epoch  94 |   520/  781 batches | lr 0.00000848 | ms/batch 7.37285 | loss 0.00476587 | ppl 1.00477725
| epoch  94 |   780/  781 batches | lr 0.00000848 | ms/batch 7.34887 | loss 0.00501436 | ppl 1.00502695
-----------------------------------------------------------------------------------------
| end of epoch  94 | time: 20.54807s | valid loss 1.01564167 | valid acc 0.89620000 | train loss 0.00015657 | train acc 0.99727913
-----------------------------------------------------------------------------------------
| epoch  95 |   260/  781 batches | lr 0.00000805 | ms/batch 6.80408 | loss 0.00534634 | ppl 1.00536066
| epoch  95 |   520/  781 batches | lr 0.00000805 | ms/batch 9.23280 | loss 0.00503701 | ppl 1.00504972
| epoch  95 |   780/  781 batches | lr 0.00000805 | ms/batch 8.69635 | loss 0.00511192 | ppl 1.00512501
-----------------------------------------------------------------------------------------
| end of epoch  95 | time: 21.27627s | valid loss 1.01729323 | valid acc 0.89680000 | train loss 0.00015594 | train acc 0.99731914
-----------------------------------------------------------------------------------------
Saving the best model
| epoch  96 |   260/  781 batches | lr 0.00000765 | ms/batch 6.56377 | loss 0.00534409 | ppl 1.00535840
| epoch  96 |   520/  781 batches | lr 0.00000765 | ms/batch 6.31887 | loss 0.00475703 | ppl 1.00476836
| epoch  96 |   780/  781 batches | lr 0.00000765 | ms/batch 6.24859 | loss 0.00504037 | ppl 1.00505310
-----------------------------------------------------------------------------------------
| end of epoch  96 | time: 20.42525s | valid loss 1.02144610 | valid acc 0.89540000 | train loss 0.00015599 | train acc 0.99731914
-----------------------------------------------------------------------------------------
| epoch  97 |   260/  781 batches | lr 0.00000727 | ms/batch 7.02008 | loss 0.00534369 | ppl 1.00535800
| epoch  97 |   520/  781 batches | lr 0.00000727 | ms/batch 6.10583 | loss 0.00484138 | ppl 1.00485311
| epoch  97 |   780/  781 batches | lr 0.00000727 | ms/batch 6.78470 | loss 0.00530009 | ppl 1.00531416
-----------------------------------------------------------------------------------------
| end of epoch  97 | time: 20.09031s | valid loss 1.01959245 | valid acc 0.89500000 | train loss 0.00015576 | train acc 0.99731914
-----------------------------------------------------------------------------------------
| epoch  98 |   260/  781 batches | lr 0.00000691 | ms/batch 6.09748 | loss 0.00533963 | ppl 1.00535391
| epoch  98 |   520/  781 batches | lr 0.00000691 | ms/batch 6.13545 | loss 0.00472738 | ppl 1.00473857
| epoch  98 |   780/  781 batches | lr 0.00000691 | ms/batch 7.86407 | loss 0.00496679 | ppl 1.00497915
-----------------------------------------------------------------------------------------
| end of epoch  98 | time: 20.20676s | valid loss 1.02040058 | valid acc 0.89520000 | train loss 0.00015535 | train acc 0.99731914
-----------------------------------------------------------------------------------------
| epoch  99 |   260/  781 batches | lr 0.00000656 | ms/batch 7.52027 | loss 0.00533978 | ppl 1.00535406
| epoch  99 |   520/  781 batches | lr 0.00000656 | ms/batch 6.50616 | loss 0.00470395 | ppl 1.00471503
| epoch  99 |   780/  781 batches | lr 0.00000656 | ms/batch 5.90525 | loss 0.00498117 | ppl 1.00499360
-----------------------------------------------------------------------------------------
| end of epoch  99 | time: 20.57214s | valid loss 1.02206050 | valid acc 0.89500000 | train loss 0.00015536 | train acc 0.99731914
-----------------------------------------------------------------------------------------
| epoch 100 |   260/  781 batches | lr 0.00000623 | ms/batch 7.25308 | loss 0.00533003 | ppl 1.00534426
| epoch 100 |   520/  781 batches | lr 0.00000623 | ms/batch 6.82873 | loss 0.00485409 | ppl 1.00486589
| epoch 100 |   780/  781 batches | lr 0.00000623 | ms/batch 5.99100 | loss 0.00499177 | ppl 1.00500425
-----------------------------------------------------------------------------------------
| end of epoch 100 | time: 20.19836s | valid loss 1.02453125 | valid acc 0.89480000 | train loss 0.00015570 | train acc 0.99731914
-----------------------------------------------------------------------------------------
Training Done
=========================================================================================
| End of training | test loss 1.01729323 | test acc 0.89680000
=========================================================================================
Loaded glove vocab size : 400000 dimension: 200
Using device: cuda
Created Model
Setted up loss function
Starting Training
| epoch   1 |   235/  707 batches | lr 0.00100000 | ms/batch 9.68417 | loss 3.03024871 | ppl 20.70238077
| epoch   1 |   470/  707 batches | lr 0.00100000 | ms/batch 8.80508 | loss 1.32628087 | ppl 3.76700732
| epoch   1 |   705/  707 batches | lr 0.00100000 | ms/batch 8.48917 | loss 1.13240312 | ppl 3.10310469
-----------------------------------------------------------------------------------------
| end of epoch   1 | time: 21.13733s | valid loss 1.00950959 | valid acc 0.82285208 | train loss 0.03064111 | train acc 0.83526344
-----------------------------------------------------------------------------------------
Saving the best model
| epoch   2 |   235/  707 batches | lr 0.00095000 | ms/batch 9.83075 | loss 1.14808797 | ppl 3.15216011
| epoch   2 |   470/  707 batches | lr 0.00095000 | ms/batch 8.46526 | loss 0.93587243 | ppl 2.54943670
| epoch   2 |   705/  707 batches | lr 0.00095000 | ms/batch 9.13878 | loss 0.91659710 | ppl 2.50076604
-----------------------------------------------------------------------------------------
| end of epoch   2 | time: 21.60625s | valid loss 0.93984199 | valid acc 0.82794508 | train loss 0.02304358 | train acc 0.84697666
-----------------------------------------------------------------------------------------
Saving the best model
| epoch   3 |   235/  707 batches | lr 0.00090250 | ms/batch 7.80619 | loss 0.87601139 | ppl 2.40130272
| epoch   3 |   470/  707 batches | lr 0.00090250 | ms/batch 7.87742 | loss 0.79760609 | ppl 2.22021956
| epoch   3 |   705/  707 batches | lr 0.00090250 | ms/batch 7.57714 | loss 0.82748497 | ppl 2.28755822
-----------------------------------------------------------------------------------------
| end of epoch   3 | time: 20.19167s | valid loss 0.91755113 | valid acc 0.82573074 | train loss 0.02192997 | train acc 0.84644625
-----------------------------------------------------------------------------------------
| epoch   4 |   235/  707 batches | lr 0.00085737 | ms/batch 8.24619 | loss 0.80226060 | ppl 2.23057768
| epoch   4 |   470/  707 batches | lr 0.00085737 | ms/batch 8.60411 | loss 0.74727211 | ppl 2.11123295
| epoch   4 |   705/  707 batches | lr 0.00085737 | ms/batch 8.39781 | loss 0.76502226 | ppl 2.14904221
-----------------------------------------------------------------------------------------
| end of epoch   4 | time: 20.81607s | valid loss 0.93296585 | valid acc 0.82329495 | train loss 0.02163920 | train acc 0.84339639
-----------------------------------------------------------------------------------------
| epoch   5 |   235/  707 batches | lr 0.00081451 | ms/batch 9.68589 | loss 0.73627226 | ppl 2.08813696
| epoch   5 |   470/  707 batches | lr 0.00081451 | ms/batch 9.38291 | loss 0.69059636 | ppl 1.99490486
| epoch   5 |   705/  707 batches | lr 0.00081451 | ms/batch 8.85962 | loss 0.70855629 | ppl 2.03105689
-----------------------------------------------------------------------------------------
| end of epoch   5 | time: 21.62627s | valid loss 0.95156994 | valid acc 0.81842338 | train loss 0.02015577 | train acc 0.84755127
-----------------------------------------------------------------------------------------
| epoch   6 |   235/  707 batches | lr 0.00077378 | ms/batch 10.34166 | loss 0.68762934 | ppl 1.98899472
| epoch   6 |   470/  707 batches | lr 0.00077378 | ms/batch 9.39802 | loss 0.68069318 | ppl 1.97524646
| epoch   6 |   705/  707 batches | lr 0.00077378 | ms/batch 9.06200 | loss 0.68874986 | ppl 1.99122467
-----------------------------------------------------------------------------------------
| end of epoch   6 | time: 21.56151s | valid loss 0.87758663 | valid acc 0.82617360 | train loss 0.02005006 | train acc 0.85303218
-----------------------------------------------------------------------------------------
| epoch   7 |   235/  707 batches | lr 0.00073509 | ms/batch 9.05132 | loss 0.71971554 | ppl 2.05384888
| epoch   7 |   470/  707 batches | lr 0.00073509 | ms/batch 7.55703 | loss 0.64439265 | ppl 1.90482977
| epoch   7 |   705/  707 batches | lr 0.00073509 | ms/batch 10.12797 | loss 0.66113564 | ppl 1.93699081
-----------------------------------------------------------------------------------------
| end of epoch   7 | time: 21.45222s | valid loss 1.05143419 | valid acc 0.80845881 | train loss 0.01863169 | train acc 0.84741867
-----------------------------------------------------------------------------------------
| epoch   8 |   235/  707 batches | lr 0.00069834 | ms/batch 8.36808 | loss 0.61784259 | ppl 1.85492189
| epoch   8 |   470/  707 batches | lr 0.00069834 | ms/batch 7.99464 | loss 0.61425337 | ppl 1.84827610
| epoch   8 |   705/  707 batches | lr 0.00069834 | ms/batch 9.15628 | loss 0.62792997 | ppl 1.87372788
-----------------------------------------------------------------------------------------
| end of epoch   8 | time: 20.50228s | valid loss 0.90376363 | valid acc 0.81953056 | train loss 0.01870583 | train acc 0.85038013
-----------------------------------------------------------------------------------------
| epoch   9 |   235/  707 batches | lr 0.00066342 | ms/batch 8.25544 | loss 0.58864354 | ppl 1.80154303
| epoch   9 |   470/  707 batches | lr 0.00066342 | ms/batch 8.43523 | loss 0.54858279 | ppl 1.73079837
| epoch   9 |   705/  707 batches | lr 0.00066342 | ms/batch 9.96599 | loss 0.58790459 | ppl 1.80021228
-----------------------------------------------------------------------------------------
| end of epoch   9 | time: 20.88409s | valid loss 0.95628304 | valid acc 0.81775908 | train loss 0.01788941 | train acc 0.85457921
-----------------------------------------------------------------------------------------
| epoch  10 |   235/  707 batches | lr 0.00063025 | ms/batch 8.25406 | loss 0.53166778 | ppl 1.70176812
| epoch  10 |   470/  707 batches | lr 0.00063025 | ms/batch 8.70421 | loss 0.49941841 | ppl 1.64776267
| epoch  10 |   705/  707 batches | lr 0.00063025 | ms/batch 9.55252 | loss 0.54210905 | ppl 1.71962983
-----------------------------------------------------------------------------------------
| end of epoch  10 | time: 21.25240s | valid loss 1.03590978 | valid acc 0.80558016 | train loss 0.01539765 | train acc 0.87243635
-----------------------------------------------------------------------------------------
| epoch  11 |   235/  707 batches | lr 0.00059874 | ms/batch 7.48979 | loss 0.51305562 | ppl 1.67038747
| epoch  11 |   470/  707 batches | lr 0.00059874 | ms/batch 8.20125 | loss 0.49409620 | ppl 1.63901622
| epoch  11 |   705/  707 batches | lr 0.00059874 | ms/batch 9.36667 | loss 0.49967003 | ppl 1.64817733
-----------------------------------------------------------------------------------------
| end of epoch  11 | time: 20.29262s | valid loss 0.93492972 | valid acc 0.82152347 | train loss 0.01498761 | train acc 0.88145332
-----------------------------------------------------------------------------------------
| epoch  12 |   235/  707 batches | lr 0.00056880 | ms/batch 8.87884 | loss 0.45483512 | ppl 1.57591352
| epoch  12 |   470/  707 batches | lr 0.00056880 | ms/batch 10.66987 | loss 0.44093051 | ppl 1.55415269
| epoch  12 |   705/  707 batches | lr 0.00056880 | ms/batch 9.03174 | loss 0.42333255 | ppl 1.52704202
-----------------------------------------------------------------------------------------
| end of epoch  12 | time: 21.29342s | valid loss 0.95134558 | valid acc 0.81775908 | train loss 0.01262423 | train acc 0.89082390
-----------------------------------------------------------------------------------------
| epoch  13 |   235/  707 batches | lr 0.00054036 | ms/batch 8.11901 | loss 0.42843523 | ppl 1.53485395
| epoch  13 |   470/  707 batches | lr 0.00054036 | ms/batch 8.21920 | loss 0.38806659 | ppl 1.47412794
| epoch  13 |   705/  707 batches | lr 0.00054036 | ms/batch 9.81181 | loss 0.41478943 | ppl 1.51405189
-----------------------------------------------------------------------------------------
| end of epoch  13 | time: 21.12311s | valid loss 1.03093303 | valid acc 0.81443756 | train loss 0.01187906 | train acc 0.90169731
-----------------------------------------------------------------------------------------
| epoch  14 |   235/  707 batches | lr 0.00051334 | ms/batch 8.65723 | loss 0.36694630 | ppl 1.44332041
| epoch  14 |   470/  707 batches | lr 0.00051334 | ms/batch 8.37112 | loss 0.34964222 | ppl 1.41855992
| epoch  14 |   705/  707 batches | lr 0.00051334 | ms/batch 6.79905 | loss 0.37032854 | ppl 1.44821034
-----------------------------------------------------------------------------------------
| end of epoch  14 | time: 20.04589s | valid loss 1.03681983 | valid acc 0.81023029 | train loss 0.01049915 | train acc 0.91080269
-----------------------------------------------------------------------------------------
| epoch  15 |   235/  707 batches | lr 0.00048767 | ms/batch 8.19111 | loss 0.33771447 | ppl 1.40174020
| epoch  15 |   470/  707 batches | lr 0.00048767 | ms/batch 8.78082 | loss 0.29901509 | ppl 1.34852997
| epoch  15 |   705/  707 batches | lr 0.00048767 | ms/batch 8.64593 | loss 0.36501413 | ppl 1.44053437
-----------------------------------------------------------------------------------------
| end of epoch  15 | time: 20.54611s | valid loss 1.19306338 | valid acc 0.75730735 | train loss 0.01213986 | train acc 0.89855905
-----------------------------------------------------------------------------------------
| epoch  16 |   235/  707 batches | lr 0.00046329 | ms/batch 8.76099 | loss 0.30154298 | ppl 1.35194322
| epoch  16 |   470/  707 batches | lr 0.00046329 | ms/batch 7.26872 | loss 0.28099604 | ppl 1.32444836
| epoch  16 |   705/  707 batches | lr 0.00046329 | ms/batch 7.68089 | loss 0.32097419 | ppl 1.37847000
-----------------------------------------------------------------------------------------
| end of epoch  16 | time: 20.42138s | valid loss 1.07685503 | valid acc 0.80093003 | train loss 0.00860575 | train acc 0.92538897
-----------------------------------------------------------------------------------------
| epoch  17 |   235/  707 batches | lr 0.00044013 | ms/batch 8.33279 | loss 0.26696511 | ppl 1.30599488
| epoch  17 |   470/  707 batches | lr 0.00044013 | ms/batch 8.06198 | loss 0.23761424 | ppl 1.26821987
| epoch  17 |   705/  707 batches | lr 0.00044013 | ms/batch 8.92044 | loss 0.28035893 | ppl 1.32360481
-----------------------------------------------------------------------------------------
| end of epoch  17 | time: 20.36229s | valid loss 1.11035976 | valid acc 0.79007972 | train loss 0.00829500 | train acc 0.93060467
-----------------------------------------------------------------------------------------
| epoch  18 |   235/  707 batches | lr 0.00041812 | ms/batch 7.11575 | loss 0.24074911 | ppl 1.27220181
| epoch  18 |   470/  707 batches | lr 0.00041812 | ms/batch 7.66719 | loss 0.20380471 | ppl 1.22605869
| epoch  18 |   705/  707 batches | lr 0.00041812 | ms/batch 7.75691 | loss 0.22264090 | ppl 1.24937185
-----------------------------------------------------------------------------------------
| end of epoch  18 | time: 19.80997s | valid loss 1.12414545 | valid acc 0.77834367 | train loss 0.00667514 | train acc 0.94116867
-----------------------------------------------------------------------------------------
| epoch  19 |   235/  707 batches | lr 0.00039721 | ms/batch 8.54536 | loss 0.19813876 | ppl 1.21913155
| epoch  19 |   470/  707 batches | lr 0.00039721 | ms/batch 8.59897 | loss 0.21160525 | ppl 1.23566001
| epoch  19 |   705/  707 batches | lr 0.00039721 | ms/batch 8.47071 | loss 0.19499085 | ppl 1.21529986
-----------------------------------------------------------------------------------------
| end of epoch  19 | time: 20.89008s | valid loss 1.12227903 | valid acc 0.79893711 | train loss 0.00689831 | train acc 0.94519095
-----------------------------------------------------------------------------------------
| epoch  20 |   235/  707 batches | lr 0.00037735 | ms/batch 8.68234 | loss 0.20835189 | ppl 1.23164650
| epoch  20 |   470/  707 batches | lr 0.00037735 | ms/batch 9.13470 | loss 0.18449473 | ppl 1.20261064
| epoch  20 |   705/  707 batches | lr 0.00037735 | ms/batch 7.41025 | loss 0.18201436 | ppl 1.19963142
-----------------------------------------------------------------------------------------
| end of epoch  20 | time: 16.78242s | valid loss 1.18475096 | valid acc 0.79096546 | train loss 0.00565365 | train acc 0.95540134
-----------------------------------------------------------------------------------------
| epoch  21 |   235/  707 batches | lr 0.00035849 | ms/batch 7.47140 | loss 0.17634988 | ppl 1.19285535
| epoch  21 |   470/  707 batches | lr 0.00035849 | ms/batch 7.17279 | loss 0.16462591 | ppl 1.17895200
| epoch  21 |   705/  707 batches | lr 0.00035849 | ms/batch 7.43273 | loss 0.14810937 | ppl 1.15963972
-----------------------------------------------------------------------------------------
| end of epoch  21 | time: 15.81666s | valid loss 1.16299750 | valid acc 0.81023029 | train loss 0.00578649 | train acc 0.95411952
-----------------------------------------------------------------------------------------
| epoch  22 |   235/  707 batches | lr 0.00034056 | ms/batch 7.14244 | loss 0.13607262 | ppl 1.14576510
| epoch  22 |   470/  707 batches | lr 0.00034056 | ms/batch 7.61814 | loss 0.13048495 | ppl 1.13938080
| epoch  22 |   705/  707 batches | lr 0.00034056 | ms/batch 7.02523 | loss 0.12382556 | ppl 1.13181842
-----------------------------------------------------------------------------------------
| end of epoch  22 | time: 15.81227s | valid loss 1.15411597 | valid acc 0.80668733 | train loss 0.00393287 | train acc 0.96799859
-----------------------------------------------------------------------------------------
| epoch  23 |   235/  707 batches | lr 0.00032353 | ms/batch 8.86981 | loss 0.12505969 | ppl 1.13321609
| epoch  23 |   470/  707 batches | lr 0.00032353 | ms/batch 9.21675 | loss 0.09923107 | ppl 1.10432145
| epoch  23 |   705/  707 batches | lr 0.00032353 | ms/batch 8.27833 | loss 0.14163571 | ppl 1.15215685
-----------------------------------------------------------------------------------------
| end of epoch  23 | time: 17.73454s | valid loss 1.16826437 | valid acc 0.79340124 | train loss 0.00413919 | train acc 0.96795438
-----------------------------------------------------------------------------------------
| epoch  24 |   235/  707 batches | lr 0.00030736 | ms/batch 7.58669 | loss 0.12678866 | ppl 1.13517709
| epoch  24 |   470/  707 batches | lr 0.00030736 | ms/batch 9.41381 | loss 0.11130844 | ppl 1.11773961
| epoch  24 |   705/  707 batches | lr 0.00030736 | ms/batch 6.55888 | loss 0.10914123 | ppl 1.11531985
-----------------------------------------------------------------------------------------
| end of epoch  24 | time: 15.72913s | valid loss 1.27425769 | valid acc 0.81975199 | train loss 0.00512387 | train acc 0.96251768
-----------------------------------------------------------------------------------------
| epoch  25 |   235/  707 batches | lr 0.00029199 | ms/batch 10.22934 | loss 0.10590123 | ppl 1.11171207
| epoch  25 |   470/  707 batches | lr 0.00029199 | ms/batch 7.98243 | loss 0.08186850 | ppl 1.08531308
| epoch  25 |   705/  707 batches | lr 0.00029199 | ms/batch 7.97083 | loss 0.10387834 | ppl 1.10946547
-----------------------------------------------------------------------------------------
| end of epoch  25 | time: 16.63092s | valid loss 1.33378256 | valid acc 0.81355182 | train loss 0.00492589 | train acc 0.96636315
-----------------------------------------------------------------------------------------
| epoch  26 |   235/  707 batches | lr 0.00027739 | ms/batch 8.18900 | loss 0.08370647 | ppl 1.08730969
| epoch  26 |   470/  707 batches | lr 0.00027739 | ms/batch 6.98880 | loss 0.08098882 | ppl 1.08435878
| epoch  26 |   705/  707 batches | lr 0.00027739 | ms/batch 8.08573 | loss 0.09998751 | ppl 1.10515712
-----------------------------------------------------------------------------------------
| end of epoch  26 | time: 16.36399s | valid loss 1.27433793 | valid acc 0.79185120 | train loss 0.00259310 | train acc 0.98094943
-----------------------------------------------------------------------------------------
| epoch  27 |   235/  707 batches | lr 0.00026352 | ms/batch 8.13810 | loss 0.08917496 | ppl 1.09327192
| epoch  27 |   470/  707 batches | lr 0.00026352 | ms/batch 8.73098 | loss 0.08788414 | ppl 1.09186161
| epoch  27 |   705/  707 batches | lr 0.00026352 | ms/batch 8.83013 | loss 0.08798743 | ppl 1.09197439
-----------------------------------------------------------------------------------------
| end of epoch  27 | time: 16.58774s | valid loss 1.29667179 | valid acc 0.81266608 | train loss 0.00297851 | train acc 0.97582214
-----------------------------------------------------------------------------------------
| epoch  28 |   235/  707 batches | lr 0.00025034 | ms/batch 9.16398 | loss 0.06967915 | ppl 1.07216413
| epoch  28 |   470/  707 batches | lr 0.00025034 | ms/batch 7.50560 | loss 0.07471491 | ppl 1.07757690
| epoch  28 |   705/  707 batches | lr 0.00025034 | ms/batch 8.91730 | loss 0.06836516 | ppl 1.07075623
-----------------------------------------------------------------------------------------
| end of epoch  28 | time: 16.57895s | valid loss 1.26082743 | valid acc 0.80270151 | train loss 0.00187523 | train acc 0.98536952
-----------------------------------------------------------------------------------------
| epoch  29 |   235/  707 batches | lr 0.00023783 | ms/batch 8.34690 | loss 0.05443214 | ppl 1.05594082
| epoch  29 |   470/  707 batches | lr 0.00023783 | ms/batch 8.06648 | loss 0.06056547 | ppl 1.06243715
| epoch  29 |   705/  707 batches | lr 0.00023783 | ms/batch 8.31073 | loss 0.05508288 | ppl 1.05662818
-----------------------------------------------------------------------------------------
| end of epoch  29 | time: 16.38052s | valid loss 1.33851554 | valid acc 0.79827281 | train loss 0.00158702 | train acc 0.98771216
-----------------------------------------------------------------------------------------
| epoch  30 |   235/  707 batches | lr 0.00022594 | ms/batch 8.76184 | loss 0.05361520 | ppl 1.05507853
| epoch  30 |   470/  707 batches | lr 0.00022594 | ms/batch 8.36592 | loss 0.04983599 | ppl 1.05109869
| epoch  30 |   705/  707 batches | lr 0.00022594 | ms/batch 7.74428 | loss 0.06111760 | ppl 1.06302392
-----------------------------------------------------------------------------------------
| end of epoch  30 | time: 16.72301s | valid loss 1.42809388 | valid acc 0.77612932 | train loss 0.00215647 | train acc 0.98492751
-----------------------------------------------------------------------------------------
| epoch  31 |   235/  707 batches | lr 0.00021464 | ms/batch 8.20675 | loss 0.06187928 | ppl 1.06383391
| epoch  31 |   470/  707 batches | lr 0.00021464 | ms/batch 7.81973 | loss 0.07153435 | ppl 1.07415504
| epoch  31 |   705/  707 batches | lr 0.00021464 | ms/batch 7.02267 | loss 0.04938428 | ppl 1.05062401
-----------------------------------------------------------------------------------------
| end of epoch  31 | time: 15.90821s | valid loss 1.32206482 | valid acc 0.80602303 | train loss 0.00155601 | train acc 0.98828678
-----------------------------------------------------------------------------------------
| epoch  32 |   235/  707 batches | lr 0.00020391 | ms/batch 7.89682 | loss 0.04266985 | ppl 1.04359330
| epoch  32 |   470/  707 batches | lr 0.00020391 | ms/batch 9.54369 | loss 0.04519324 | ppl 1.04623002
| epoch  32 |   705/  707 batches | lr 0.00020391 | ms/batch 8.83181 | loss 0.04174357 | ppl 1.04262708
-----------------------------------------------------------------------------------------
| end of epoch  32 | time: 16.76229s | valid loss 1.42369582 | valid acc 0.79915855 | train loss 0.00172107 | train acc 0.98828678
-----------------------------------------------------------------------------------------
| epoch  33 |   235/  707 batches | lr 0.00019371 | ms/batch 7.58581 | loss 0.04259086 | ppl 1.04351086
| epoch  33 |   470/  707 batches | lr 0.00019371 | ms/batch 7.63568 | loss 0.04490030 | ppl 1.04592358
| epoch  33 |   705/  707 batches | lr 0.00019371 | ms/batch 9.71709 | loss 0.05193448 | ppl 1.05330673
-----------------------------------------------------------------------------------------
| end of epoch  33 | time: 16.60592s | valid loss 1.43826359 | valid acc 0.80314438 | train loss 0.00171985 | train acc 0.99067362
-----------------------------------------------------------------------------------------
| epoch  34 |   235/  707 batches | lr 0.00018403 | ms/batch 8.07613 | loss 0.05465300 | ppl 1.05617406
| epoch  34 |   470/  707 batches | lr 0.00018403 | ms/batch 8.04150 | loss 0.04365388 | ppl 1.04462073
| epoch  34 |   705/  707 batches | lr 0.00018403 | ms/batch 8.17836 | loss 0.03736607 | ppl 1.03807296
-----------------------------------------------------------------------------------------
| end of epoch  34 | time: 15.96965s | valid loss 1.48705484 | valid acc 0.80513729 | train loss 0.00200927 | train acc 0.98757956
-----------------------------------------------------------------------------------------
| epoch  35 |   235/  707 batches | lr 0.00017482 | ms/batch 7.19751 | loss 0.04714453 | ppl 1.04827350
| epoch  35 |   470/  707 batches | lr 0.00017482 | ms/batch 8.34983 | loss 0.03781364 | ppl 1.03853768
| epoch  35 |   705/  707 batches | lr 0.00017482 | ms/batch 7.03463 | loss 0.02972268 | ppl 1.03016881
-----------------------------------------------------------------------------------------
| end of epoch  35 | time: 15.00514s | valid loss 1.48475023 | valid acc 0.78764393 | train loss 0.00101541 | train acc 0.99332567
-----------------------------------------------------------------------------------------
| epoch  36 |   235/  707 batches | lr 0.00016608 | ms/batch 7.93457 | loss 0.03065785 | ppl 1.03113264
| epoch  36 |   470/  707 batches | lr 0.00016608 | ms/batch 10.62900 | loss 0.03097104 | ppl 1.03145563
| epoch  36 |   705/  707 batches | lr 0.00016608 | ms/batch 10.28468 | loss 0.03452936 | ppl 1.03513242
-----------------------------------------------------------------------------------------
| end of epoch  36 | time: 17.33242s | valid loss 1.48775093 | valid acc 0.80248007 | train loss 0.00095377 | train acc 0.99429809
-----------------------------------------------------------------------------------------
| epoch  37 |   235/  707 batches | lr 0.00015778 | ms/batch 7.71594 | loss 0.02588155 | ppl 1.02621938
| epoch  37 |   470/  707 batches | lr 0.00015778 | ms/batch 9.32690 | loss 0.02841022 | ppl 1.02881764
| epoch  37 |   705/  707 batches | lr 0.00015778 | ms/batch 9.31153 | loss 0.03406891 | ppl 1.03465590
-----------------------------------------------------------------------------------------
| end of epoch  37 | time: 17.13435s | valid loss 1.51945664 | valid acc 0.80336581 | train loss 0.00091502 | train acc 0.99332567
-----------------------------------------------------------------------------------------
| epoch  38 |   235/  707 batches | lr 0.00014989 | ms/batch 8.04349 | loss 0.02244668 | ppl 1.02270051
| epoch  38 |   470/  707 batches | lr 0.00014989 | ms/batch 7.23871 | loss 0.02804438 | ppl 1.02844132
| epoch  38 |   705/  707 batches | lr 0.00014989 | ms/batch 7.09556 | loss 0.02605333 | ppl 1.02639569
-----------------------------------------------------------------------------------------
| end of epoch  38 | time: 15.86487s | valid loss 1.59893327 | valid acc 0.77790080 | train loss 0.00087070 | train acc 0.99504950
-----------------------------------------------------------------------------------------
| epoch  39 |   235/  707 batches | lr 0.00014240 | ms/batch 7.49198 | loss 0.01943853 | ppl 1.01962868
| epoch  39 |   470/  707 batches | lr 0.00014240 | ms/batch 7.92932 | loss 0.02994671 | ppl 1.03039962
| epoch  39 |   705/  707 batches | lr 0.00014240 | ms/batch 6.89334 | loss 0.02924693 | ppl 1.02967882
-----------------------------------------------------------------------------------------
| end of epoch  39 | time: 15.88855s | valid loss 1.57594633 | valid acc 0.80248007 | train loss 0.00080282 | train acc 0.99478430
-----------------------------------------------------------------------------------------
| epoch  40 |   235/  707 batches | lr 0.00013528 | ms/batch 8.16313 | loss 0.02881507 | ppl 1.02923424
| epoch  40 |   470/  707 batches | lr 0.00013528 | ms/batch 8.08042 | loss 0.02281188 | ppl 1.02307406
| epoch  40 |   705/  707 batches | lr 0.00013528 | ms/batch 7.53415 | loss 0.02805375 | ppl 1.02845097
-----------------------------------------------------------------------------------------
| end of epoch  40 | time: 16.23852s | valid loss 1.56925638 | valid acc 0.78188663 | train loss 0.00056146 | train acc 0.99668494
-----------------------------------------------------------------------------------------
Training Done
==================================================================================================================================================================================
| End of training | test loss 0.93984199 | test acc 0.82794508

  adding: best_Colmodelsub.pt (deflated 7%)
  adding: best_Rowmodelsub.pt (deflated 8%)
Starting Evaluation
Archive:  modelcs5200433.zip
  inflating: best_Colmodelsub.pt     
  inflating: best_Rowmodelsub.pt     
Loaded glove vocab size : 400000 dimension: 200
Using device: cuda
Evaluating Submission
### Evaluation Results ###
Row score: 0.784800000
Column score: 0.893200000
Cell score: 0.706600000
Aggregate score: 0.794866667
