Starting Training
Training start
Epoch 1: loss=1.8145
Accuracy: 0.18076
Validation accuracy: 0.205
Epoch 2: loss=1.8095
Accuracy: 0.20692
Validation accuracy: 0.2356
Epoch 3: loss=1.7375
Accuracy: 0.30348
Validation accuracy: 0.4592
Epoch 4: loss=1.6802
Accuracy: 0.49156
Validation accuracy: 0.5716
Epoch 5: loss=1.6277
Accuracy: 0.5972
Validation accuracy: 0.6272
Epoch 6: loss=1.5865
Accuracy: 0.65228
Validation accuracy: 0.6748
Epoch 7: loss=1.5603
Accuracy: 0.699
Validation accuracy: 0.721
Epoch 8: loss=1.5434
Accuracy: 0.7302
Validation accuracy: 0.749
Epoch 9: loss=1.5191
Accuracy: 0.75212
Validation accuracy: 0.7568
Epoch 10: loss=1.5087
Accuracy: 0.76676
Validation accuracy: 0.7726
Epoch 11: loss=1.4951
Accuracy: 0.77884
Validation accuracy: 0.7778
Epoch 12: loss=1.4903
Accuracy: 0.78512
Validation accuracy: 0.7836
Epoch 13: loss=1.4864
Accuracy: 0.7934
Validation accuracy: 0.7842
Epoch 14: loss=1.4738
Accuracy: 0.79804
Validation accuracy: 0.7902
Epoch 15: loss=1.4648
Accuracy: 0.80324
Validation accuracy: 0.7966
Epoch 16: loss=1.4723
Accuracy: 0.80756
Validation accuracy: 0.7986
Epoch 17: loss=1.4595
Accuracy: 0.80924
Validation accuracy: 0.8024
Epoch 18: loss=1.4603
Accuracy: 0.814
Validation accuracy: 0.8076
Epoch 19: loss=1.4495
Accuracy: 0.81828
Validation accuracy: 0.8074
Epoch 20: loss=1.4459
Accuracy: 0.822
Validation accuracy: 0.8098
Epoch 21: loss=1.4463
Accuracy: 0.8242
Validation accuracy: 0.8126
Epoch 22: loss=1.4468
Accuracy: 0.82732
Validation accuracy: 0.815
Epoch 23: loss=1.4346
Accuracy: 0.82932
Validation accuracy: 0.8168
Epoch 24: loss=1.4490
Accuracy: 0.83096
Validation accuracy: 0.8172
Epoch 25: loss=1.4366
Accuracy: 0.83232
Validation accuracy: 0.8204
Epoch 26: loss=1.4314
Accuracy: 0.83536
Validation accuracy: 0.819
Epoch 27: loss=1.4334
Accuracy: 0.83892
Validation accuracy: 0.8238
Epoch 28: loss=1.4345
Accuracy: 0.83924
Validation accuracy: 0.8184
Epoch 29: loss=1.4298
Accuracy: 0.83848
Validation accuracy: 0.8222
Epoch 30: loss=1.4254
Accuracy: 0.84188
Validation accuracy: 0.8256
Epoch 31: loss=1.4249
Accuracy: 0.8448
Validation accuracy: 0.8274
Epoch 32: loss=1.4237
Accuracy: 0.8474
Validation accuracy: 0.8276
Epoch 33: loss=1.4341
Accuracy: 0.84924
Validation accuracy: 0.8316
Epoch 34: loss=1.4203
Accuracy: 0.84996
Validation accuracy: 0.8316
Epoch 35: loss=1.4178
Accuracy: 0.8528
Validation accuracy: 0.8328
Epoch 36: loss=1.4130
Accuracy: 0.85436
Validation accuracy: 0.832
Epoch 37: loss=1.4124
Accuracy: 0.85504
Validation accuracy: 0.8324
Epoch 38: loss=1.4191
Accuracy: 0.8564
Validation accuracy: 0.8314
Epoch 39: loss=1.4171
Accuracy: 0.85856
Validation accuracy: 0.8362
Epoch 40: loss=1.4160
Accuracy: 0.85996
Validation accuracy: 0.8364
Epoch 41: loss=1.4183
Accuracy: 0.86044
Validation accuracy: 0.8368
Epoch 42: loss=1.4133
Accuracy: 0.86148
Validation accuracy: 0.838
Epoch 43: loss=1.4090
Accuracy: 0.86336
Validation accuracy: 0.8366
Epoch 44: loss=1.4110
Accuracy: 0.86408
Validation accuracy: 0.8326
Epoch 45: loss=1.4145
Accuracy: 0.8646
Validation accuracy: 0.8354
Epoch 46: loss=1.4087
Accuracy: 0.86588
Validation accuracy: 0.8414
Epoch 47: loss=1.4046
Accuracy: 0.86732
Validation accuracy: 0.8406
Epoch 48: loss=1.4073
Accuracy: 0.86892
Validation accuracy: 0.8384
Epoch 49: loss=1.4002
Accuracy: 0.87108
Validation accuracy: 0.8424
Epoch 50: loss=1.4034
Accuracy: 0.873
Validation accuracy: 0.8426
Epoch 51: loss=1.3991
Accuracy: 0.87388
Validation accuracy: 0.8448
Epoch 52: loss=1.4039
Accuracy: 0.8764
Validation accuracy: 0.8456
Epoch 53: loss=1.3977
Accuracy: 0.87728
Validation accuracy: 0.85
Epoch 54: loss=1.3993
Accuracy: 0.88076
Validation accuracy: 0.8508
Epoch 55: loss=1.3977
Accuracy: 0.88152
Validation accuracy: 0.8552
Epoch 56: loss=1.3898
Accuracy: 0.88452
Validation accuracy: 0.8586
Epoch 57: loss=1.3949
Accuracy: 0.88632
Validation accuracy: 0.8554
Epoch 58: loss=1.3907
Accuracy: 0.888
Validation accuracy: 0.8582
Epoch 59: loss=1.3887
Accuracy: 0.89048
Validation accuracy: 0.8584
Epoch 60: loss=1.3877
Accuracy: 0.89188
Validation accuracy: 0.8634
Epoch 61: loss=1.3924
Accuracy: 0.89356
Validation accuracy: 0.8616
Epoch 62: loss=1.3941
Accuracy: 0.8958
Validation accuracy: 0.861
Epoch 63: loss=1.3977
Accuracy: 0.89728
Validation accuracy: 0.8688
Epoch 64: loss=1.3875
Accuracy: 0.89912
Validation accuracy: 0.8646
Epoch 65: loss=1.3807
Accuracy: 0.90028
Validation accuracy: 0.8646
Epoch 66: loss=1.3912
Accuracy: 0.90216
Validation accuracy: 0.8646
Epoch 67: loss=1.3777
Accuracy: 0.90392
Validation accuracy: 0.8634
Epoch 68: loss=1.3865
Accuracy: 0.9036
Validation accuracy: 0.8618
Epoch 69: loss=1.3826
Accuracy: 0.90384
Validation accuracy: 0.8674
Epoch 70: loss=1.3787
Accuracy: 0.905
Validation accuracy: 0.869
Epoch 71: loss=1.3838
Accuracy: 0.90688
Validation accuracy: 0.866
Epoch 72: loss=1.3776
Accuracy: 0.90872
Validation accuracy: 0.8686
Epoch 73: loss=1.3821
Accuracy: 0.90848
Validation accuracy: 0.868
Epoch 74: loss=1.3827
Accuracy: 0.91088
Validation accuracy: 0.8704
Epoch 75: loss=1.3810
Accuracy: 0.91052
Validation accuracy: 0.8704
Epoch 76: loss=1.3704
Accuracy: 0.91216
Validation accuracy: 0.8696
Epoch 77: loss=1.3777
Accuracy: 0.91188
Validation accuracy: 0.8684
Epoch 78: loss=1.3769
Accuracy: 0.91172
Validation accuracy: 0.8706
Epoch 79: loss=1.3738
Accuracy: 0.91392
Validation accuracy: 0.8684
Epoch 80: loss=1.3680
Accuracy: 0.91448
Validation accuracy: 0.8726
Epoch 81: loss=1.3681
Accuracy: 0.91564
Validation accuracy: 0.8712
Epoch 82: loss=1.3709
Accuracy: 0.91488
Validation accuracy: 0.8696
Epoch 83: loss=1.3684
Accuracy: 0.91652
Validation accuracy: 0.8712
Epoch 84: loss=1.3726
Accuracy: 0.9166
Validation accuracy: 0.8716
Epoch 85: loss=1.3749
Accuracy: 0.91772
Validation accuracy: 0.8678
Epoch 86: loss=1.3775
Accuracy: 0.91684
Validation accuracy: 0.8726
Epoch 87: loss=1.3665
Accuracy: 0.91736
Validation accuracy: 0.8728
Epoch 88: loss=1.3689
Accuracy: 0.91864
Validation accuracy: 0.871
Epoch 89: loss=1.3712
Accuracy: 0.9206
Validation accuracy: 0.8694
Epoch 90: loss=1.3740
Accuracy: 0.91956
Validation accuracy: 0.8724
Epoch 91: loss=1.3728
Accuracy: 0.92056
Validation accuracy: 0.8728
Epoch 92: loss=1.3647
Accuracy: 0.92128
Validation accuracy: 0.874
Epoch 93: loss=1.3603
Accuracy: 0.9222
Validation accuracy: 0.8732
Epoch 94: loss=1.3690
Accuracy: 0.92288
Validation accuracy: 0.8748
Epoch 95: loss=1.3620
Accuracy: 0.92336
Validation accuracy: 0.8744
Epoch 96: loss=1.3671
Accuracy: 0.92368
Validation accuracy: 0.8726
Epoch 97: loss=1.3646
Accuracy: 0.9238
Validation accuracy: 0.8742
Epoch 98: loss=1.3736
Accuracy: 0.92412
Validation accuracy: 0.8724
Epoch 99: loss=1.3652
Accuracy: 0.92428
Validation accuracy: 0.8742
Epoch 100: loss=1.3620
Accuracy: 0.92528
Validation accuracy: 0.873
Epoch 101: loss=1.3626
Accuracy: 0.9258
Validation accuracy: 0.8732
Epoch 102: loss=1.3641
Accuracy: 0.92776
Validation accuracy: 0.8744
Epoch 103: loss=1.3660
Accuracy: 0.92564
Validation accuracy: 0.8762
Epoch 104: loss=1.3623
Accuracy: 0.92656
Validation accuracy: 0.8754
Epoch 105: loss=1.3686
Accuracy: 0.92764
Validation accuracy: 0.8732
Epoch 106: loss=1.3657
Accuracy: 0.92876
Validation accuracy: 0.8756
Epoch 107: loss=1.3574
Accuracy: 0.9278
Validation accuracy: 0.8744
Epoch 108: loss=1.3701
Accuracy: 0.92896
Validation accuracy: 0.8746
Epoch 109: loss=1.3562
Accuracy: 0.92868
Validation accuracy: 0.8754
Epoch 110: loss=1.3567
Accuracy: 0.93032
Validation accuracy: 0.8762
Epoch 111: loss=1.3587
Accuracy: 0.93024
Validation accuracy: 0.8742
Epoch 112: loss=1.3583
Accuracy: 0.93132
Validation accuracy: 0.8702
Epoch 113: loss=1.3607
Accuracy: 0.92932
Validation accuracy: 0.8748
Epoch 114: loss=1.3604
Accuracy: 0.92988
Validation accuracy: 0.8764
Epoch 115: loss=1.3630
Accuracy: 0.93004
Validation accuracy: 0.8756
Epoch 116: loss=1.3539
Accuracy: 0.9316
Validation accuracy: 0.8782
Epoch 117: loss=1.3526
Accuracy: 0.9328
Validation accuracy: 0.8732
Epoch 118: loss=1.3622
Accuracy: 0.9324
Validation accuracy: 0.8744
Epoch 119: loss=1.3649
Accuracy: 0.93316
Validation accuracy: 0.876
Epoch 120: loss=1.3620
Accuracy: 0.9318
Validation accuracy: 0.8766
Epoch 121: loss=1.3567
Accuracy: 0.9332
Validation accuracy: 0.8764
Epoch 122: loss=1.3567
Accuracy: 0.93268
Validation accuracy: 0.8788
Epoch 123: loss=1.3527
Accuracy: 0.93368
Validation accuracy: 0.8778
Epoch 124: loss=1.3542
Accuracy: 0.93456
Validation accuracy: 0.8772
Epoch 125: loss=1.3544
Accuracy: 0.93476
Validation accuracy: 0.876
Epoch 126: loss=1.3544
Accuracy: 0.93552
Validation accuracy: 0.8752
Epoch 127: loss=1.3525
Accuracy: 0.9352
Validation accuracy: 0.8754
Epoch 128: loss=1.3507
Accuracy: 0.93468
Validation accuracy: 0.8802
Epoch 129: loss=1.3607
Accuracy: 0.93576
Validation accuracy: 0.8766
Epoch 130: loss=1.3537
Accuracy: 0.93612
Validation accuracy: 0.8786
Epoch 131: loss=1.3577
Accuracy: 0.93724
Validation accuracy: 0.8828
Epoch 132: loss=1.3509
Accuracy: 0.93612
Validation accuracy: 0.877
Epoch 133: loss=1.3494
Accuracy: 0.93732
Validation accuracy: 0.8794
Epoch 134: loss=1.3545
Accuracy: 0.93668
Validation accuracy: 0.8792
Epoch 135: loss=1.3589
Accuracy: 0.93812
Validation accuracy: 0.8804
Epoch 136: loss=1.3518
Accuracy: 0.93784
Validation accuracy: 0.8814
Epoch 137: loss=1.3541
Accuracy: 0.9388
Validation accuracy: 0.878
Epoch 138: loss=1.3629
Accuracy: 0.93852
Validation accuracy: 0.8802
Epoch 139: loss=1.3549
Accuracy: 0.93724
Validation accuracy: 0.8816
Epoch 140: loss=1.3504
Accuracy: 0.93768
Validation accuracy: 0.8828
Epoch 141: loss=1.3515
Accuracy: 0.93924
Validation accuracy: 0.8776
Epoch 142: loss=1.3479
Accuracy: 0.93844
Validation accuracy: 0.878
Epoch 143: loss=1.3529
Accuracy: 0.93968
Validation accuracy: 0.8798
Epoch 144: loss=1.3555
Accuracy: 0.93864
Validation accuracy: 0.8796
Epoch 145: loss=1.3567
Accuracy: 0.9392
Validation accuracy: 0.8778
Epoch 146: loss=1.3513
Accuracy: 0.94056
Validation accuracy: 0.8764
Epoch 147: loss=1.3532
Accuracy: 0.94048
Validation accuracy: 0.8784
Epoch 148: loss=1.3531
Accuracy: 0.94048
Validation accuracy: 0.881
Epoch 149: loss=1.3489
Accuracy: 0.94148
Validation accuracy: 0.8812
Epoch 150: loss=1.3495
Accuracy: 0.94136
Validation accuracy: 0.8796
Epoch 151: loss=1.3524
Accuracy: 0.9412
Validation accuracy: 0.8808
Epoch 152: loss=1.3480
Accuracy: 0.94128
Validation accuracy: 0.8818
Epoch 153: loss=1.3478
Accuracy: 0.9412
Validation accuracy: 0.8812
Epoch 154: loss=1.3475
Accuracy: 0.94296
Validation accuracy: 0.8778
Epoch 155: loss=1.3460
Accuracy: 0.94196
Validation accuracy: 0.8784
Epoch 156: loss=1.3517
Accuracy: 0.94204
Validation accuracy: 0.8792
Epoch 157: loss=1.3467
Accuracy: 0.94228
Validation accuracy: 0.8778
Epoch 158: loss=1.3541
Accuracy: 0.94252
Validation accuracy: 0.8788
Epoch 159: loss=1.3454
Accuracy: 0.94308
Validation accuracy: 0.8768
Epoch 160: loss=1.3497
Accuracy: 0.94288
Validation accuracy: 0.8804
Epoch 161: loss=1.3520
Accuracy: 0.943
Validation accuracy: 0.8824
Epoch 162: loss=1.3508
Accuracy: 0.94328
Validation accuracy: 0.882
Epoch 163: loss=1.3525
Accuracy: 0.94332
Validation accuracy: 0.8802
Epoch 164: loss=1.3454
Accuracy: 0.94464
Validation accuracy: 0.8784
Epoch 165: loss=1.3468
Accuracy: 0.94452
Validation accuracy: 0.878
Epoch 166: loss=1.3488
Accuracy: 0.94528
Validation accuracy: 0.8782
Epoch 167: loss=1.3476
Accuracy: 0.94492
Validation accuracy: 0.879
Epoch 168: loss=1.3422
Accuracy: 0.94444
Validation accuracy: 0.8802
Epoch 169: loss=1.3534
Accuracy: 0.94592
Validation accuracy: 0.8766
Epoch 170: loss=1.3458
Accuracy: 0.94472
Validation accuracy: 0.8788
Epoch 171: loss=1.3479
Accuracy: 0.946
Validation accuracy: 0.882
Epoch 172: loss=1.3414
Accuracy: 0.94584
Validation accuracy: 0.8788
Epoch 173: loss=1.3478
Accuracy: 0.94528
Validation accuracy: 0.8796
Epoch 174: loss=1.3410
Accuracy: 0.94556
Validation accuracy: 0.8814
Epoch 175: loss=1.3454
Accuracy: 0.94576
Validation accuracy: 0.8812
Epoch 176: loss=1.3490
Accuracy: 0.94532
Validation accuracy: 0.8802
Epoch 177: loss=1.3475
Accuracy: 0.947
Validation accuracy: 0.8792
Epoch 178: loss=1.3448
Accuracy: 0.94712
Validation accuracy: 0.8786
Epoch 179: loss=1.3493
Accuracy: 0.94692
Validation accuracy: 0.8774
Epoch 180: loss=1.3495
Accuracy: 0.94744
Validation accuracy: 0.876
Epoch 181: loss=1.3456
Accuracy: 0.94872
Validation accuracy: 0.876
Epoch 182: loss=1.3451
Accuracy: 0.94756
Validation accuracy: 0.8816
Epoch 183: loss=1.3439
Accuracy: 0.94736
Validation accuracy: 0.8786
Epoch 184: loss=1.3407
Accuracy: 0.94804
Validation accuracy: 0.882
Epoch 185: loss=1.3421
Accuracy: 0.94876
Validation accuracy: 0.8788
Epoch 186: loss=1.3384
Accuracy: 0.94804
Validation accuracy: 0.8824
Epoch 187: loss=1.3422
Accuracy: 0.94876
Validation accuracy: 0.8792
Epoch 188: loss=1.3384
Accuracy: 0.94956
Validation accuracy: 0.8788
Epoch 189: loss=1.3432
Accuracy: 0.9494
Validation accuracy: 0.8772
Epoch 190: loss=1.3364
Accuracy: 0.94864
Validation accuracy: 0.8796
Epoch 191: loss=1.3394
Accuracy: 0.94868
Validation accuracy: 0.8806
Epoch 192: loss=1.3367
Accuracy: 0.94904
Validation accuracy: 0.8806
Epoch 193: loss=1.3555
Accuracy: 0.94868
Validation accuracy: 0.8802
Epoch 194: loss=1.3444
Accuracy: 0.95
Validation accuracy: 0.8804
Epoch 195: loss=1.3376
Accuracy: 0.9502
Validation accuracy: 0.8792
Epoch 196: loss=1.3424
Accuracy: 0.95008
Validation accuracy: 0.8804
Epoch 197: loss=1.3433
Accuracy: 0.95064
Validation accuracy: 0.8784
Epoch 198: loss=1.3437
Accuracy: 0.95084
Validation accuracy: 0.882
Epoch 199: loss=1.3414
Accuracy: 0.95048
Validation accuracy: 0.8818
Epoch 200: loss=1.3398
Accuracy: 0.9508
Validation accuracy: 0.8804
Epoch 201: loss=1.3433
Accuracy: 0.95228
Validation accuracy: 0.8796
Epoch 202: loss=1.3430
Accuracy: 0.95072
Validation accuracy: 0.8812
Epoch 203: loss=1.3433
Accuracy: 0.95108
Validation accuracy: 0.878
Epoch 204: loss=1.3381
Accuracy: 0.95056
Validation accuracy: 0.8794
Epoch 205: loss=1.3409
Accuracy: 0.95156
Validation accuracy: 0.8804
Epoch 206: loss=1.3427
Accuracy: 0.95152
Validation accuracy: 0.8818
Epoch 207: loss=1.3422
Accuracy: 0.9518
Validation accuracy: 0.8806
Epoch 208: loss=1.3382
Accuracy: 0.95204
Validation accuracy: 0.8774
Epoch 209: loss=1.3426
Accuracy: 0.95152
Validation accuracy: 0.88
Epoch 210: loss=1.3397
Accuracy: 0.95316
Validation accuracy: 0.8818
Epoch 211: loss=1.3432
Accuracy: 0.9524
Validation accuracy: 0.8812
Epoch 212: loss=1.3385
Accuracy: 0.95296
Validation accuracy: 0.88
Epoch 213: loss=1.3356
Accuracy: 0.95304
Validation accuracy: 0.881
Epoch 214: loss=1.3430
Accuracy: 0.95224
Validation accuracy: 0.8812
Epoch 215: loss=1.3450
Accuracy: 0.95304
Validation accuracy: 0.8806
Epoch 216: loss=1.3408
Accuracy: 0.95396
Validation accuracy: 0.879
Epoch 217: loss=1.3349
Accuracy: 0.95252
Validation accuracy: 0.8838
Epoch 218: loss=1.3446
Accuracy: 0.95332
Validation accuracy: 0.8806
Epoch 219: loss=1.3338
Accuracy: 0.95268
Validation accuracy: 0.878
Epoch 220: loss=1.3430
Accuracy: 0.95344
Validation accuracy: 0.8828
Epoch 221: loss=1.3402
Accuracy: 0.953
Validation accuracy: 0.882
Epoch 222: loss=1.3381
Accuracy: 0.95332
Validation accuracy: 0.8784
Epoch 223: loss=1.3396
Accuracy: 0.954
Validation accuracy: 0.8806
Epoch 224: loss=1.3401
Accuracy: 0.95372
Validation accuracy: 0.8814
Epoch 225: loss=1.3399
Accuracy: 0.95424
Validation accuracy: 0.8784
Epoch 226: loss=1.3345
Accuracy: 0.95388
Validation accuracy: 0.8778
Epoch 227: loss=1.3369
Accuracy: 0.95316
Validation accuracy: 0.8806
Epoch 228: loss=1.3377
Accuracy: 0.95436
Validation accuracy: 0.8776
Epoch 229: loss=1.3426
Accuracy: 0.95384
Validation accuracy: 0.8794
Epoch 230: loss=1.3439
Accuracy: 0.95428
Validation accuracy: 0.8786
Epoch 231: loss=1.3337
Accuracy: 0.9548
Validation accuracy: 0.8778
Epoch 232: loss=1.3407
Accuracy: 0.955
Validation accuracy: 0.8786
Epoch 233: loss=1.3410
Accuracy: 0.95596
Validation accuracy: 0.88
Epoch 234: loss=1.3437
Accuracy: 0.95412
Validation accuracy: 0.8838
Epoch 235: loss=1.3383
Accuracy: 0.95552
Validation accuracy: 0.8808
Epoch 236: loss=1.3401
Accuracy: 0.95532
Validation accuracy: 0.8778
Epoch 237: loss=1.3376
Accuracy: 0.95592
Validation accuracy: 0.8788
Epoch 238: loss=1.3402
Accuracy: 0.95504
Validation accuracy: 0.8822
Epoch 239: loss=1.3387
Accuracy: 0.9556
Validation accuracy: 0.881
Epoch 240: loss=1.3371
Accuracy: 0.95624
Validation accuracy: 0.8806
Epoch 241: loss=1.3335
Accuracy: 0.956
Validation accuracy: 0.8788
Epoch 242: loss=1.3388
Accuracy: 0.95688
Validation accuracy: 0.88
Epoch 243: loss=1.3316
Accuracy: 0.95596
Validation accuracy: 0.8782
Epoch 244: loss=1.3352
Accuracy: 0.9572
Validation accuracy: 0.8774
Epoch 245: loss=1.3367
Accuracy: 0.9562
Validation accuracy: 0.8758
Epoch 246: loss=1.3296
Accuracy: 0.95628
Validation accuracy: 0.8794
Epoch 247: loss=1.3285
Accuracy: 0.95808
Validation accuracy: 0.8766
Epoch 248: loss=1.3326
Accuracy: 0.958
Validation accuracy: 0.8806
Epoch 249: loss=1.3334
Accuracy: 0.95688
Validation accuracy: 0.8786
Epoch 250: loss=1.3310
Accuracy: 0.95716
Validation accuracy: 0.8778
Epoch 251: loss=1.3374
Accuracy: 0.95756
Validation accuracy: 0.8764
Epoch 252: loss=1.3309
Accuracy: 0.95752
Validation accuracy: 0.8774
Epoch 253: loss=1.3326
Accuracy: 0.9574
Validation accuracy: 0.8766
Epoch 254: loss=1.3304
Accuracy: 0.95772
Validation accuracy: 0.879
Epoch 255: loss=1.3388
Accuracy: 0.9592
Validation accuracy: 0.8778
Epoch 256: loss=1.3390
Accuracy: 0.9582
Validation accuracy: 0.879
Epoch 257: loss=1.3352
Accuracy: 0.9572
Validation accuracy: 0.8802
Epoch 258: loss=1.3344
Accuracy: 0.95824
Validation accuracy: 0.8766
Epoch 259: loss=1.3335
Accuracy: 0.95884
Validation accuracy: 0.8774
Epoch 260: loss=1.3296
Accuracy: 0.95876
Validation accuracy: 0.877
Epoch 261: loss=1.3389
Accuracy: 0.95776
Validation accuracy: 0.8786
Epoch 262: loss=1.3366
Accuracy: 0.95908
Validation accuracy: 0.881
Epoch 263: loss=1.3371
Accuracy: 0.9588
Validation accuracy: 0.8792
Epoch 264: loss=1.3295
Accuracy: 0.95976
Validation accuracy: 0.8786
Epoch 265: loss=1.3305
Accuracy: 0.95964
Validation accuracy: 0.8784
Epoch 266: loss=1.3350
Accuracy: 0.9588
Validation accuracy: 0.8792
Epoch 267: loss=1.3324
Accuracy: 0.95924
Validation accuracy: 0.8808
Epoch 268: loss=1.3338
Accuracy: 0.9588
Validation accuracy: 0.8788
Epoch 269: loss=1.3291
Accuracy: 0.95976
Validation accuracy: 0.8764
Epoch 270: loss=1.3316
Accuracy: 0.9594
Validation accuracy: 0.8774
Epoch 271: loss=1.3294
Accuracy: 0.95944
Validation accuracy: 0.8786
Epoch 272: loss=1.3345
Accuracy: 0.95964
Validation accuracy: 0.8794
Epoch 273: loss=1.3309
Accuracy: 0.9604
Validation accuracy: 0.8778
Epoch 274: loss=1.3260
Accuracy: 0.96
Validation accuracy: 0.878
Epoch 275: loss=1.3350
Accuracy: 0.95968
Validation accuracy: 0.8758
Epoch 276: loss=1.3337
Accuracy: 0.96016
Validation accuracy: 0.8748
Epoch 277: loss=1.3315
Accuracy: 0.96056
Validation accuracy: 0.877
Epoch 278: loss=1.3338
Accuracy: 0.9602
Validation accuracy: 0.88
Epoch 279: loss=1.3302
Accuracy: 0.9616
Validation accuracy: 0.8782
Epoch 280: loss=1.3271
Accuracy: 0.96004
Validation accuracy: 0.8778
Epoch 281: loss=1.3304
Accuracy: 0.96
Validation accuracy: 0.8776
Epoch 282: loss=1.3340
Accuracy: 0.96
Validation accuracy: 0.8774
Epoch 283: loss=1.3286
Accuracy: 0.96008
Validation accuracy: 0.8784
Epoch 284: loss=1.3458
Accuracy: 0.96072
Validation accuracy: 0.8766
Epoch 285: loss=1.3344
Accuracy: 0.96008
Validation accuracy: 0.8786
Epoch 286: loss=1.3268
Accuracy: 0.95984
Validation accuracy: 0.879
Epoch 287: loss=1.3354
Accuracy: 0.96044
Validation accuracy: 0.877
Epoch 288: loss=1.3329
Accuracy: 0.961
Validation accuracy: 0.8784
Epoch 289: loss=1.3317
Accuracy: 0.96036
Validation accuracy: 0.8758
Epoch 290: loss=1.3322
Accuracy: 0.96088
Validation accuracy: 0.8778
Epoch 291: loss=1.3324
Accuracy: 0.96056
Validation accuracy: 0.8756
Epoch 292: loss=1.3277
Accuracy: 0.96068
Validation accuracy: 0.8808
Epoch 293: loss=1.3339
Accuracy: 0.96152
Validation accuracy: 0.8784
Epoch 294: loss=1.3346
Accuracy: 0.96164
Validation accuracy: 0.8786
Epoch 295: loss=1.3260
Accuracy: 0.9618
Validation accuracy: 0.8776
Epoch 296: loss=1.3380
Accuracy: 0.96008
Validation accuracy: 0.8762
Epoch 297: loss=1.3335
Accuracy: 0.96184
Validation accuracy: 0.8792
Epoch 298: loss=1.3255
Accuracy: 0.9618
Validation accuracy: 0.879
Epoch 299: loss=1.3285
Accuracy: 0.9624
Validation accuracy: 0.8758
Epoch 300: loss=1.3339
Accuracy: 0.9618
Validation accuracy: 0.8764
Epoch 301: loss=1.3311
Accuracy: 0.96256
Validation accuracy: 0.8782
Epoch 302: loss=1.3325
Accuracy: 0.96288
Validation accuracy: 0.8746
Epoch 303: loss=1.3271
Accuracy: 0.96216
Validation accuracy: 0.8758
Epoch 304: loss=1.3373
Accuracy: 0.96232
Validation accuracy: 0.876
Epoch 305: loss=1.3238
Accuracy: 0.96308
Validation accuracy: 0.8768
Epoch 306: loss=1.3323
Accuracy: 0.9622
Validation accuracy: 0.8782
Epoch 307: loss=1.3343
Accuracy: 0.96244
Validation accuracy: 0.8744
Epoch 308: loss=1.3347
Accuracy: 0.96228
Validation accuracy: 0.8784
Epoch 309: loss=1.3269
Accuracy: 0.9624
Validation accuracy: 0.8758
Epoch 310: loss=1.3277
Accuracy: 0.96308
Validation accuracy: 0.876
Epoch 311: loss=1.3296
Accuracy: 0.96232
Validation accuracy: 0.8764
Epoch 312: loss=1.3281
Accuracy: 0.96276
Validation accuracy: 0.8798
Epoch 313: loss=1.3283
Accuracy: 0.96232
Validation accuracy: 0.8756
Epoch 314: loss=1.3263
Accuracy: 0.96348
Validation accuracy: 0.8792
Epoch 315: loss=1.3287
Accuracy: 0.96336
Validation accuracy: 0.877
Epoch 316: loss=1.3313
Accuracy: 0.9638
Validation accuracy: 0.8754
Epoch 317: loss=1.3359
Accuracy: 0.9628
Validation accuracy: 0.8758
Epoch 318: loss=1.3269
Accuracy: 0.96232
Validation accuracy: 0.8748
Epoch 319: loss=1.3287
Accuracy: 0.96316
Validation accuracy: 0.8758
Epoch 320: loss=1.3275
Accuracy: 0.96368
Validation accuracy: 0.8758
Epoch 321: loss=1.3354
Accuracy: 0.96384
Validation accuracy: 0.876
Epoch 322: loss=1.3268
Accuracy: 0.96348
Validation accuracy: 0.8776
Epoch 323: loss=1.3304
Accuracy: 0.96356
Validation accuracy: 0.8778
Epoch 324: loss=1.3285
Accuracy: 0.96384
Validation accuracy: 0.8754
Epoch 325: loss=1.3321
Accuracy: 0.96392
Validation accuracy: 0.8772
Epoch 326: loss=1.3256
Accuracy: 0.96388
Validation accuracy: 0.8776
Epoch 327: loss=1.3219
Accuracy: 0.9636
Validation accuracy: 0.8762
Epoch 328: loss=1.3301
Accuracy: 0.96372
Validation accuracy: 0.875
Epoch 329: loss=1.3244
Accuracy: 0.96436
Validation accuracy: 0.8784
Epoch 330: loss=1.3249
Accuracy: 0.96428
Validation accuracy: 0.8746
Epoch 331: loss=1.3235
Accuracy: 0.96448
Validation accuracy: 0.8764
Epoch 332: loss=1.3242
Accuracy: 0.965
Validation accuracy: 0.8762
Epoch 333: loss=1.3295
Accuracy: 0.96432
Validation accuracy: 0.876
Epoch 334: loss=1.3267
Accuracy: 0.96436
Validation accuracy: 0.8766
Epoch 335: loss=1.3298
Accuracy: 0.96488
Validation accuracy: 0.8758
Epoch 336: loss=1.3233
Accuracy: 0.96508
Validation accuracy: 0.8762
Epoch 337: loss=1.3249
Accuracy: 0.9638
Validation accuracy: 0.8754
Epoch 338: loss=1.3244
Accuracy: 0.96456
Validation accuracy: 0.8736
Epoch 339: loss=1.3291
Accuracy: 0.96524
Validation accuracy: 0.8742
Epoch 340: loss=1.3245
Accuracy: 0.96364
Validation accuracy: 0.8748
Epoch 341: loss=1.3201
Accuracy: 0.96496
Validation accuracy: 0.8734
Epoch 342: loss=1.3246
Accuracy: 0.96448
Validation accuracy: 0.876
Epoch 343: loss=1.3259
Accuracy: 0.96436
Validation accuracy: 0.8742
Epoch 344: loss=1.3251
Accuracy: 0.96532
Validation accuracy: 0.8744
Epoch 345: loss=1.3255
Accuracy: 0.96444
Validation accuracy: 0.8734
Epoch 346: loss=1.3252
Accuracy: 0.96492
Validation accuracy: 0.8746
Epoch 347: loss=1.3219
Accuracy: 0.96568
Validation accuracy: 0.8734
Epoch 348: loss=1.3203
Accuracy: 0.96492
Validation accuracy: 0.8766
Epoch 349: loss=1.3241
Accuracy: 0.96556
Validation accuracy: 0.8726
Epoch 350: loss=1.3273
Accuracy: 0.96472
Validation accuracy: 0.8762
Epoch 351: loss=1.3270
Accuracy: 0.9652
Validation accuracy: 0.8758
Epoch 352: loss=1.3304
Accuracy: 0.96524
Validation accuracy: 0.8732
Epoch 353: loss=1.3283
Accuracy: 0.96628
Validation accuracy: 0.8722
Epoch 354: loss=1.3277
Accuracy: 0.96504
Validation accuracy: 0.8726
Epoch 355: loss=1.3191
Accuracy: 0.96508
Validation accuracy: 0.8728
Epoch 356: loss=1.3279
Accuracy: 0.96476
Validation accuracy: 0.8744
Epoch 357: loss=1.3258
Accuracy: 0.96528
Validation accuracy: 0.8734
Epoch 358: loss=1.3263
Accuracy: 0.96656
Validation accuracy: 0.8732
Epoch 359: loss=1.3298
Accuracy: 0.96524
Validation accuracy: 0.8748
Epoch 360: loss=1.3318
Accuracy: 0.96604
Validation accuracy: 0.876
Epoch 361: loss=1.3248
Accuracy: 0.96524
Validation accuracy: 0.8764
Epoch 362: loss=1.3256
Accuracy: 0.966
Validation accuracy: 0.873
Epoch 363: loss=1.3259
Accuracy: 0.96592
Validation accuracy: 0.8758
Epoch 364: loss=1.3222
Accuracy: 0.96684
Validation accuracy: 0.8772
Epoch 365: loss=1.3284
Accuracy: 0.96712
Validation accuracy: 0.8754
Epoch 366: loss=1.3229
Accuracy: 0.966
Validation accuracy: 0.8746
Epoch 367: loss=1.3255
Accuracy: 0.96596
Validation accuracy: 0.8738
Epoch 368: loss=1.3275
Accuracy: 0.9658
Validation accuracy: 0.8722
Epoch 369: loss=1.3303
Accuracy: 0.96612
Validation accuracy: 0.8762
Epoch 370: loss=1.3220
Accuracy: 0.96552
Validation accuracy: 0.8762
Epoch 371: loss=1.3245
Accuracy: 0.96604
Validation accuracy: 0.8764
Epoch 372: loss=1.3246
Accuracy: 0.96732
Validation accuracy: 0.8742
Epoch 373: loss=1.3246
Accuracy: 0.96544
Validation accuracy: 0.8754
Epoch 374: loss=1.3218
Accuracy: 0.967
Validation accuracy: 0.8762
Epoch 375: loss=1.3308
Accuracy: 0.9668
Validation accuracy: 0.877
Epoch 376: loss=1.3190
Accuracy: 0.96672
Validation accuracy: 0.8754
Epoch 377: loss=1.3211
Accuracy: 0.96664
Validation accuracy: 0.8766
Epoch 378: loss=1.3279
Accuracy: 0.96692
Validation accuracy: 0.8752
Epoch 379: loss=1.3244
Accuracy: 0.96644
Validation accuracy: 0.8746
Epoch 380: loss=1.3264
Accuracy: 0.96684
Validation accuracy: 0.8754
Epoch 381: loss=1.3247
Accuracy: 0.96728
Validation accuracy: 0.875
Epoch 382: loss=1.3253
Accuracy: 0.96696
Validation accuracy: 0.8774
Epoch 383: loss=1.3210
Accuracy: 0.9672
Validation accuracy: 0.874
Epoch 384: loss=1.3195
Accuracy: 0.96724
Validation accuracy: 0.8742
Epoch 385: loss=1.3238
Accuracy: 0.96788
Validation accuracy: 0.8748
Epoch 386: loss=1.3235
Accuracy: 0.96748
Validation accuracy: 0.8718
Epoch 387: loss=1.3265
Accuracy: 0.96712
Validation accuracy: 0.8734
Epoch 388: loss=1.3240
Accuracy: 0.96716
Validation accuracy: 0.8718
Epoch 389: loss=1.3229
Accuracy: 0.96756
Validation accuracy: 0.8758
Epoch 390: loss=1.3243
Accuracy: 0.96712
Validation accuracy: 0.8744
Epoch 391: loss=1.3267
Accuracy: 0.96772
Validation accuracy: 0.8748
Epoch 392: loss=1.3192
Accuracy: 0.96724
Validation accuracy: 0.8754
Epoch 393: loss=1.3214
Accuracy: 0.96736
Validation accuracy: 0.875
Epoch 394: loss=1.3206
Accuracy: 0.96804
Validation accuracy: 0.8754
Epoch 395: loss=1.3222
Accuracy: 0.96752
Validation accuracy: 0.8722
Epoch 396: loss=1.3250
Accuracy: 0.96772
Validation accuracy: 0.8718
Epoch 397: loss=1.3195
Accuracy: 0.96848
Validation accuracy: 0.8736
Epoch 398: loss=1.3202
Accuracy: 0.9684
Validation accuracy: 0.875
Epoch 399: loss=1.3221
Accuracy: 0.96768
Validation accuracy: 0.8726
Epoch 400: loss=1.3214
Accuracy: 0.96868
Validation accuracy: 0.8732
